<?xml version="1.0" encoding="UTF-8"?>
<robot generator="Robot 6.0.2 (Python 3.12.7 on win32)" generated="20241202 12:37:38.293" rpa="false" schemaversion="3">
<suite id="s1" name="Tests" source="C:\EID_Replay\EID_Parry\Tests">
<kw name="Setup highest level suite" type="SETUP">
<kw name="Set Variable" library="BuiltIn">
<var>${d.test_server}</var>
<arg>${test_server}</arg>
<doc>Returns the given values which can then be assigned to a variables.</doc>
<msg timestamp="20241202 12:37:39.625" level="INFO">${d.test_server} = Dev</msg>
<status status="PASS" starttime="20241202 12:37:39.625" endtime="20241202 12:37:39.625"/>
</kw>
<kw name="Reset screenshot count variable" library="Support">
<kw name="Set Variable" library="BuiltIn">
<var>${screenshotCount}</var>
<arg>${PABOTQUEUEINDEX}_1</arg>
<doc>Returns the given values which can then be assigned to a variables.</doc>
<msg timestamp="20241202 12:37:39.625" level="INFO">${screenshotCount} = 0_1</msg>
<status status="PASS" starttime="20241202 12:37:39.625" endtime="20241202 12:37:39.625"/>
</kw>
<kw name="Set Global Variable" library="BuiltIn">
<arg>${screenshotCount}</arg>
<doc>Makes a variable available globally in all tests and suites.</doc>
<msg timestamp="20241202 12:37:39.625" level="INFO">${screenshotCount} = 0_1</msg>
<status status="PASS" starttime="20241202 12:37:39.625" endtime="20241202 12:37:39.625"/>
</kw>
<kw name="Set up screenshot directory" library="Support">
<kw name="Create Directory" library="OperatingSystem">
<arg>${OUTPUTDIR}${/}${wvar('screenshot_dir')}</arg>
<doc>Creates the specified directory.</doc>
<msg timestamp="20241202 12:37:39.625" level="INFO">Web.Dev.screenshot_dir: Screenshot</msg>
<msg timestamp="20241202 12:37:39.625" level="INFO" html="true">Created directory '&lt;a href="file://C:\EID_Replay\EID_Parry\Output\pabot_results\0\Screenshot"&gt;C:\EID_Replay\EID_Parry\Output\pabot_results\0\Screenshot&lt;/a&gt;'.</msg>
<status status="PASS" starttime="20241202 12:37:39.625" endtime="20241202 12:37:39.625"/>
</kw>
<status status="PASS" starttime="20241202 12:37:39.625" endtime="20241202 12:37:39.625"/>
</kw>
<status status="PASS" starttime="20241202 12:37:39.625" endtime="20241202 12:37:39.625"/>
</kw>
<kw name="Set Global Variable" library="BuiltIn">
<arg>${screenshot_taking}</arg>
<arg>${True}</arg>
<doc>Makes a variable available globally in all tests and suites.</doc>
<msg timestamp="20241202 12:37:39.625" level="INFO">${screenshot_taking} = True</msg>
<status status="PASS" starttime="20241202 12:37:39.625" endtime="20241202 12:37:39.625"/>
</kw>
<kw name="Setup linux execution" library="Support">
<kw name="Run Keyword And Return Status" library="BuiltIn">
<var>${web_test_check}</var>
<arg>Variable Should Exist</arg>
<arg>${web_test}</arg>
<doc>Runs the given keyword with given arguments and returns the status as a Boolean value.</doc>
<kw name="Variable Should Exist" library="BuiltIn">
<arg>${web_test}</arg>
<doc>Fails unless the given variable exists within the current scope.</doc>
<status status="PASS" starttime="20241202 12:37:39.625" endtime="20241202 12:37:39.625"/>
</kw>
<msg timestamp="20241202 12:37:39.625" level="INFO">${web_test_check} = True</msg>
<status status="PASS" starttime="20241202 12:37:39.625" endtime="20241202 12:37:39.625"/>
</kw>
<kw name="Run Keyword If" library="BuiltIn">
<arg>${web_test_check}</arg>
<arg>Setup Docker Execution Options</arg>
<doc>Runs the given keyword with the given arguments, if ``condition`` is true.</doc>
<kw name="Setup Docker Execution Options" library="Support_Web">
<kw name="Setup Suite Metadata" library="Support_Web">
<arg>${browser}</arg>
<kw name="Get Browser Metadata" library="BrowserSupport">
<var>&amp;{browser_information}</var>
<arg>browser=${browser}</arg>
<doc>Fetches browser metadata information
:param browser: Name of the browser for which information is fetched
:param reload: Re-read the metadata based on the browser
:return: Browser metadata information, dict of format
            {"browser_version": browser version value,
             "driver_version": driver version value}</doc>
<msg timestamp="20241202 12:37:44.460" level="INFO">&amp;{browser_information} = { browser_version=131.0.6778.86 | driver_version=131.0.6778.85  }</msg>
<status status="PASS" starttime="20241202 12:37:39.625" endtime="20241202 12:37:44.460"/>
</kw>
<kw name="Set Suite Metadata" library="BuiltIn">
<arg>test_browser_name</arg>
<arg>${browser}</arg>
<doc>Sets metadata for the current test suite.</doc>
<msg timestamp="20241202 12:37:44.460" level="INFO">Set suite metadata 'test_browser_name' to value 'chrome'.</msg>
<status status="PASS" starttime="20241202 12:37:44.460" endtime="20241202 12:37:44.460"/>
</kw>
<kw name="Set Suite Metadata" library="BuiltIn">
<arg>test_browser_version</arg>
<arg>${browser_information.browser_version}</arg>
<doc>Sets metadata for the current test suite.</doc>
<msg timestamp="20241202 12:37:44.460" level="INFO">Set suite metadata 'test_browser_version' to value '131.0.6778.86'.</msg>
<status status="PASS" starttime="20241202 12:37:44.460" endtime="20241202 12:37:44.460"/>
</kw>
<kw name="Set Suite Metadata" library="BuiltIn">
<arg>test_driver_version</arg>
<arg>${browser_information.driver_version}</arg>
<doc>Sets metadata for the current test suite.</doc>
<msg timestamp="20241202 12:37:44.460" level="INFO">Set suite metadata 'test_driver_version' to value '131.0.6778.85 '.</msg>
<status status="PASS" starttime="20241202 12:37:44.460" endtime="20241202 12:37:44.460"/>
</kw>
<status status="PASS" starttime="20241202 12:37:39.625" endtime="20241202 12:37:44.460"/>
</kw>
<kw name="Setup Global Docker Execution Options" library="Support_Web">
<kw name="Set Global Variable" library="BuiltIn">
<arg>${global_browser_options}</arg>
<arg>None</arg>
<doc>Makes a variable available globally in all tests and suites.</doc>
<msg timestamp="20241202 12:37:44.460" level="INFO">${global_browser_options} = None</msg>
<status status="PASS" starttime="20241202 12:37:44.460" endtime="20241202 12:37:44.460"/>
</kw>
<kw name="Get Environment Variable" library="OperatingSystem">
<var>${docker_check}</var>
<arg>EXECUTION_ENVIRONMENT</arg>
<arg>not_found</arg>
<doc>Returns the value of an environment variable with the given name.</doc>
<msg timestamp="20241202 12:37:44.460" level="INFO">${docker_check} = not_found</msg>
<status status="PASS" starttime="20241202 12:37:44.460" endtime="20241202 12:37:44.460"/>
</kw>
<kw name="Run Keyword And Return If" library="BuiltIn">
<arg>"${docker_check}"!="docker"</arg>
<arg>Log</arg>
<arg>Not executing on Docker</arg>
<doc>Runs the specified keyword and returns from the enclosing user keyword.</doc>
<kw name="Log" library="BuiltIn">
<arg>Not executing on Docker</arg>
<doc>Logs the given message with the given level.</doc>
<msg timestamp="20241202 12:37:44.460" level="INFO">Not executing on Docker</msg>
<status status="PASS" starttime="20241202 12:37:44.460" endtime="20241202 12:37:44.460"/>
</kw>
<msg timestamp="20241202 12:37:44.460" level="INFO">Returning from the enclosing user keyword.</msg>
<status status="PASS" starttime="20241202 12:37:44.460" endtime="20241202 12:37:44.460"/>
</kw>
<kw name="Create List" library="BuiltIn">
<var>@{options}</var>
<arg>--headless</arg>
<arg>--no-sandbox</arg>
<arg>--disable-dev-shm-usage</arg>
<doc>Returns a list containing given items.</doc>
<status status="NOT RUN" starttime="20241202 12:37:44.460" endtime="20241202 12:37:44.460"/>
</kw>
<kw name="Set Global Variable" library="BuiltIn">
<arg>@{docker_options}</arg>
<arg>@{options}</arg>
<doc>Makes a variable available globally in all tests and suites.</doc>
<status status="NOT RUN" starttime="20241202 12:37:44.460" endtime="20241202 12:37:44.460"/>
</kw>
<status status="PASS" starttime="20241202 12:37:44.460" endtime="20241202 12:37:44.460"/>
</kw>
<kw name="Create Webdriver for chrome preferences" library="Support_Web">
<kw name="Update Docker Execution Options" library="Support_Web">
<var>${list_prefs}</var>
<arg>${list_prefs}</arg>
<kw name="Run Keyword And Return Status" library="BuiltIn">
<var>${docker_check}</var>
<arg>Variable Should Exist</arg>
<arg>${docker_options}</arg>
<doc>Runs the given keyword with given arguments and returns the status as a Boolean value.</doc>
<kw name="Variable Should Exist" library="BuiltIn">
<arg>${docker_options}</arg>
<doc>Fails unless the given variable exists within the current scope.</doc>
<msg timestamp="20241202 12:37:44.460" level="FAIL">Variable '${docker_options}' does not exist.</msg>
<status status="FAIL" starttime="20241202 12:37:44.460" endtime="20241202 12:37:44.460"/>
</kw>
<msg timestamp="20241202 12:37:44.460" level="INFO">${docker_check} = False</msg>
<status status="PASS" starttime="20241202 12:37:44.460" endtime="20241202 12:37:44.460"/>
</kw>
<kw name="Get Length" library="BuiltIn">
<var>${list_prefs_length}</var>
<arg>${list_prefs}</arg>
<doc>Returns and logs the length of the given item as an integer.</doc>
<msg timestamp="20241202 12:37:44.460" level="INFO">Length is 1</msg>
<msg timestamp="20241202 12:37:44.460" level="INFO">${list_prefs_length} = 1</msg>
<status status="PASS" starttime="20241202 12:37:44.460" endtime="20241202 12:37:44.460"/>
</kw>
<kw name="Run Keyword If" library="BuiltIn">
<var>${list_prefs}</var>
<arg>${docker_check} and ${list_prefs_length}&gt;0 and ${list_prefs}[0] != []</arg>
<arg>Combine Lists</arg>
<arg>${list_prefs}</arg>
<arg>${docker_options}</arg>
<arg>ELSE IF</arg>
<arg>${docker_check}</arg>
<arg>Set Variable</arg>
<arg>${docker_options}</arg>
<arg>ELSE</arg>
<arg>Set Variable</arg>
<arg>${list_prefs}</arg>
<doc>Runs the given keyword with the given arguments, if ``condition`` is true.</doc>
<kw name="Set Variable" library="BuiltIn">
<arg>${list_prefs}</arg>
<doc>Returns the given values which can then be assigned to a variables.</doc>
<status status="PASS" starttime="20241202 12:37:44.460" endtime="20241202 12:37:44.460"/>
</kw>
<msg timestamp="20241202 12:37:44.460" level="INFO">${list_prefs} = [[]]</msg>
<status status="PASS" starttime="20241202 12:37:44.460" endtime="20241202 12:37:44.460"/>
</kw>
<msg timestamp="20241202 12:37:44.460" level="INFO">${list_prefs} = [[]]</msg>
<status status="PASS" starttime="20241202 12:37:44.460" endtime="20241202 12:37:44.460"/>
</kw>
<kw name="Create Chrome Options for download preferences" library="Support_Web">
<var>${chrome_options}</var>
<kw name="Evaluate" library="BuiltIn">
<var>${chrome_options}</var>
<arg>sys.modules['selenium.webdriver'].ChromeOptions()</arg>
<arg>sys</arg>
<doc>Evaluates the given expression in Python and returns the result.</doc>
<msg timestamp="20241202 12:37:44.460" level="INFO">${chrome_options} = &lt;selenium.webdriver.chrome.options.Options object at 0x000001ED02FEC590&gt;</msg>
<status status="PASS" starttime="20241202 12:37:44.460" endtime="20241202 12:37:44.460"/>
</kw>
<msg timestamp="20241202 12:37:44.460" level="INFO">${chrome_options} = &lt;selenium.webdriver.chrome.options.Options object at 0x000001ED02FEC590&gt;</msg>
<status status="PASS" starttime="20241202 12:37:44.460" endtime="20241202 12:37:44.460"/>
</kw>
<kw name="Update Preferences List" library="Support_Web">
<arg>${chrome_options}</arg>
<arg>@{list_prefs}</arg>
<kw name="Convert To String" library="BuiltIn">
<var>${string_prefs}</var>
<arg>${list_prefs}</arg>
<doc>Converts the given item to a Unicode string.</doc>
<msg timestamp="20241202 12:37:44.460" level="INFO">${string_prefs} = [[]]</msg>
<status status="PASS" starttime="20241202 12:37:44.460" endtime="20241202 12:37:44.460"/>
</kw>
<kw name="Return From Keyword If" library="BuiltIn">
<arg>${string_prefs} == [[]]</arg>
<doc>Returns from the enclosing user keyword if ``condition`` is true.</doc>
<msg timestamp="20241202 12:37:44.460" level="INFO">Returning from the enclosing user keyword.</msg>
<status status="PASS" starttime="20241202 12:37:44.460" endtime="20241202 12:37:44.460"/>
</kw>
<for flavor="IN">
<var>${preference}</var>
<value>@{list_prefs}</value>
<iter>
<var name="${preference}"/>
<kw name="Call Method" library="BuiltIn">
<arg>${chrome_options}</arg>
<arg>add_argument</arg>
<arg>${preference}</arg>
<doc>Calls the named method of the given object with the provided arguments.</doc>
<status status="NOT RUN" starttime="20241202 12:37:44.460" endtime="20241202 12:37:44.460"/>
</kw>
<status status="NOT RUN" starttime="20241202 12:37:44.460" endtime="20241202 12:37:44.460"/>
</iter>
<status status="NOT RUN" starttime="20241202 12:37:44.460" endtime="20241202 12:37:44.460"/>
</for>
<status status="PASS" starttime="20241202 12:37:44.460" endtime="20241202 12:37:44.460"/>
</kw>
<kw name="Call Method" library="BuiltIn">
<arg>${chrome_options}</arg>
<arg>add_experimental_option</arg>
<arg>prefs</arg>
<arg>${kw_prefs}</arg>
<doc>Calls the named method of the given object with the provided arguments.</doc>
<status status="PASS" starttime="20241202 12:37:44.460" endtime="20241202 12:37:44.460"/>
</kw>
<kw name="Set Global Variable" library="BuiltIn">
<arg>${global_browser_options}</arg>
<arg>${chrome options}</arg>
<doc>Makes a variable available globally in all tests and suites.</doc>
<msg timestamp="20241202 12:37:44.460" level="INFO">${global_browser_options} = &lt;selenium.webdriver.chrome.options.Options object at 0x000001ED02FEC590&gt;</msg>
<status status="PASS" starttime="20241202 12:37:44.460" endtime="20241202 12:37:44.460"/>
</kw>
<status status="PASS" starttime="20241202 12:37:44.460" endtime="20241202 12:37:44.460"/>
</kw>
<status status="PASS" starttime="20241202 12:37:39.625" endtime="20241202 12:37:44.460"/>
</kw>
<status status="PASS" starttime="20241202 12:37:39.625" endtime="20241202 12:37:44.460"/>
</kw>
<status status="PASS" starttime="20241202 12:37:39.625" endtime="20241202 12:37:44.460"/>
</kw>
<kw name="Set Suite Metadata" library="BuiltIn">
<arg>environment</arg>
<arg>${test_server}</arg>
<doc>Sets metadata for the current test suite.</doc>
<msg timestamp="20241202 12:37:44.460" level="INFO">Set suite metadata 'environment' to value 'Dev'.</msg>
<status status="PASS" starttime="20241202 12:37:44.460" endtime="20241202 12:37:44.460"/>
</kw>
<status status="PASS" starttime="20241202 12:37:39.625" endtime="20241202 12:37:44.460"/>
</kw>
<suite id="s1-s1" name="Test VA45" source="C:\EID_Replay\EID_Parry\Tests\Test_VA45.robot">
<test id="s1-s1-t1" name="Display the rental documents" line="9">
<kw name="Rental Document" library="VA45">
<kw name="Number To String" library="SAP_Tcode_Library">
<arg>file_path=C:\\TEMP\\rental.xlsx</arg>
<arg>column=H</arg>
<status status="PASS" starttime="20241202 12:37:45.163" endtime="20241202 12:37:45.209"/>
</kw>
<kw name="Excel To Json" library="SAP_Tcode_Library">
<var>${json}</var>
<arg>excel_file=C:\\TEMP\\rental.xlsx</arg>
<arg>json_file=C:\\TEMP\\rental.json</arg>
<msg timestamp="20241202 12:37:45.278" level="INFO">${json} = [{'Contract End Date': '2024-12-31', 'Contract Start Date': '2024-02-01', 'Document Currency': 'INR', 'Net Value (Item)': 3300000.0, 'Sales Document Item': 10, 'Customer Reference': 'RENTAL', 'Documen...</msg>
<status status="PASS" starttime="20241202 12:37:45.209" endtime="20241202 12:37:45.278"/>
</kw>
<kw name="Log" library="BuiltIn">
<arg>${json}</arg>
<doc>Logs the given message with the given level.</doc>
<msg timestamp="20241202 12:37:45.278" level="INFO">[{'Contract End Date': '2024-12-31', 'Contract Start Date': '2024-02-01', 'Document Currency': 'INR', 'Net Value (Item)': 3300000.0, 'Sales Document Item': 10, 'Customer Reference': 'RENTAL', 'Document Date': '2024-02-29', 'Sales document': 40025131, 'Material': 'BCR-VILLA-A6', 'Target Quantity': 300000, 'Valid-To Date': '2024-12-31', 'Sold-To Party': 814205, 'Sold-To Party Name': 'Aditya George Mathai', 'Pricing Unit': 'PU', 'Net Price': 1.0, 'Plant': 'EHO', 'Created by': 'ESHFFI03', 'Division': 'FI', 'Distribution Channel': 'FI', 'Sales Document Type': 'SUG Rental contract'}, {'Contract End Date': '2024-11-30', 'Contract Start Date': '2024-02-01', 'Document Currency': 'INR', 'Net Value (Item)': 4750000.0, 'Sales Document Item': 10, 'Customer Reference': 'RENTAL', 'Document Date': '2024-02-29', 'Sales document': 40025134, 'Material': 'BCR-VILLA-B1', 'Target Quantity': 475000, 'Valid-To Date': '2024-11-30', 'Sold-To Party': 813974, 'Sold-To Party Name': 'APOLLO PHARMACIES LIMITED', 'Pricing Unit': 'PU', 'Net Price': 1.0, 'Plant': 'EHO', 'Created by': 'ESHFFI03', 'Division': 'FI', 'Distribution Channel': 'FI', 'Sales Document Type': 'SUG Rental contract'}, {'Contract End Date': '2025-01-31', 'Contract Start Date': '2024-03-01', 'Document Currency': 'INR', 'Net Value (Item)': 2436426.19, 'Sales Document Item': 10, 'Customer Reference': 'RENTAL', 'Document Date': '2024-03-22', 'Sales document': 40025322, 'Material': 'PH-VF', 'Target Quantity': 2580, 'Valid-To Date': '2025-01-31', 'Sold-To Party': 800597, 'Sold-To Party Name': 'PARRY AGRO INDUSTRIES LTD', 'Pricing Unit': 'FT2', 'Net Price': 85.85, 'Plant': 'EHO', 'Created by': 'ESHFFI03', 'Division': 'FI', 'Distribution Channel': 'FI', 'Sales Document Type': 'SUG Rental contract'}, {'Contract End Date': '2025-01-31', 'Contract Start Date': '2024-03-01', 'Document Currency': 'INR', 'Net Value (Item)': 594941.27, 'Sales Document Item': 20, 'Customer Reference': 'RENTAL', 'Document Date': '2024-03-22', 'Sales document': 40025322, 'Material': 'PH-IF-D', 'Target Quantity': 630, 'Valid-To Date': '2025-01-31', 'Sold-To Party': 800597, 'Sold-To Party Name': 'PARRY AGRO INDUSTRIES LTD', 'Pricing Unit': 'FT2', 'Net Price': 85.85, 'Plant': 'EHO', 'Created by': 'ESHFFI03', 'Division': 'FI', 'Distribution Channel': 'FI', 'Sales Document Type': 'SUG Rental contract'}, {'Contract End Date': '2025-01-31', 'Contract Start Date': '2024-03-01', 'Document Currency': 'INR', 'Net Value (Item)': 1265428.78, 'Sales Document Item': 10, 'Customer Reference': 'RENTAL', 'Document Date': '2024-03-22', 'Sales document': 40025323, 'Material': 'PH-VF', 'Target Quantity': 1340, 'Valid-To Date': '2025-01-31', 'Sold-To Party': 10326, 'Sold-To Party Name': 'NEW AMBADI ESTATES PRIVATE LTD', 'Pricing Unit': 'FT2', 'Net Price': 85.85, 'Plant': 'EHO', 'Created by': 'ESHFFI03', 'Division': 'FI', 'Distribution Channel': 'FI', 'Sales Document Type': 'SUG Rental contract'}, {'Contract End Date': '2025-01-31', 'Contract Start Date': '2024-03-01', 'Document Currency': 'INR', 'Net Value (Item)': 5493486.24, 'Sales Document Item': 10, 'Customer Reference': 'RENTAL', 'Document Date': '2024-03-22', 'Sales document': 40025324, 'Material': 'DH-EX-VF', 'Target Quantity': 4727, 'Valid-To Date': '2025-01-31', 'Sold-To Party': 805782, 'Sold-To Party Name': 'MURUGAPPA MORGAN THERMAL CERAMICS', 'Pricing Unit': 'FT2', 'Net Price': 105.65, 'Plant': 'EHO', 'Created by': 'ESHFFI03', 'Division': 'FI', 'Distribution Channel': 'FI', 'Sales Document Type': 'SUG Rental contract'}, {'Contract End Date': '2025-01-31', 'Contract Start Date': '2024-03-01', 'Document Currency': 'INR', 'Net Value (Item)': 747925.64, 'Sales Document Item': 20, 'Customer Reference': 'RENTAL', 'Document Date': '2024-03-22', 'Sales document': 40025324, 'Material': 'PH-IF-D', 'Target Quantity': 792, 'Valid-To Date': '2025-01-31', 'Sold-To Party': 805782, 'Sold-To Party Name': 'MURUGAPPA MORGAN THERMAL CERAMICS', 'Pricing Unit': 'FT2', 'Net Price': 85.85, 'Plant': 'EHO', 'Created by': 'ESHFFI03', 'Division': 'FI', 'Distribution Channel': 'FI', 'Sales Document Type': 'SUG Rental contract'}, {'Contract End Date': '2025-01-31', 'Contract Start Date': '2024-03-01', 'Document Currency': 'INR', 'Net Value (Item)': 140825.96, 'Sales Document Item': 30, 'Customer Reference': 'RENTAL', 'Document Date': '2024-03-22', 'Sales document': 40025324, 'Material': 'DH-EX-VFW', 'Target Quantity': 165, 'Valid-To Date': '2025-01-31', 'Sold-To Party': 805782, 'Sold-To Party Name': 'MURUGAPPA MORGAN THERMAL CERAMICS', 'Pricing Unit': 'FT2', 'Net Price': 77.59, 'Plant': 'EHO', 'Created by': 'ESHFFI03', 'Division': 'FI', 'Distribution Channel': 'FI', 'Sales Document Type': 'SUG Rental contract'}, {'Contract End Date': '2025-01-31', 'Contract Start Date': '2024-03-01', 'Document Currency': 'INR', 'Net Value (Item)': 116218.3, 'Sales Document Item': 10, 'Customer Reference': 'RENTAL', 'Document Date': '2024-03-22', 'Sales document': 40025325, 'Material': 'DH-IIF', 'Target Quantity': 100, 'Valid-To Date': '2025-01-31', 'Sold-To Party': 204829, 'Sold-To Party Name': 'CHOLA PEOPLE AND MARKETING', 'Pricing Unit': 'FT2', 'Net Price': 105.65, 'Plant': 'EHO', 'Created by': 'ESHFFI03', 'Division': 'FI', 'Distribution Channel': 'FI', 'Sales Document Type': 'SUG Rental contract'}, {'Contract End Date': '2025-01-31', 'Contract Start Date': '2024-03-01', 'Document Currency': 'INR', 'Net Value (Item)': 67995.18, 'Sales Document Item': 20, 'Customer Reference': 'RENTAL', 'Document Date': '2024-03-22', 'Sales document': 40025325, 'Material': 'PH-IF-D', 'Target Quantity': 72, 'Valid-To Date': '2025-01-31', 'Sold-To Party': 204829, 'Sold-To Party Name': 'CHOLA PEOPLE AND MARKETING', 'Pricing Unit': 'FT2', 'Net Price': 85.85, 'Plant': 'EHO', 'Created by': 'ESHFFI03', 'Division': 'FI', 'Distribution Channel': 'FI', 'Sales Document Type': 'SUG Rental contract'}, {'Contract End Date': '2025-01-31', 'Contract Start Date': '2024-03-01', 'Document Currency': 'INR', 'Net Value (Item)': 4609087.23, 'Sales Document Item': 40, 'Customer Reference': 'RENTAL', 'Document Date': '2024-03-22', 'Sales document': 40025326, 'Material': 'DH-EX-IF', 'Target Quantity': 3966, 'Valid-To Date': '2025-01-31', 'Sold-To Party': 31009, 'Sold-To Party Name': 'CARBORUNDUM UNIVERSAL LTD', 'Pricing Unit': 'FT2', 'Net Price': 105.65, 'Plant': 'EHO', 'Created by': 'ESHFFI03', 'Division': 'FI', 'Distribution Channel': 'FI', 'Sales Document Type': 'SUG Rental contract'}, {'Contract End Date': '2025-01-31', 'Contract Start Date': '2024-03-01', 'Document Currency': 'INR', 'Net Value (Item)': 6584008.64, 'Sales Document Item': 10, 'Customer Reference': 'RENTAL', 'Document Date': '2024-03-22', 'Sales document': 40025326, 'Material': 'PH-IIIF', 'Target Quantity': 6972, 'Valid-To Date': '2025-01-31', 'Sold-To Party': 31009, 'Sold-To Party Name': 'CARBORUNDUM UNIVERSAL LTD', 'Pricing Unit': 'FT2', 'Net Price': 85.85, 'Plant': 'EHO', 'Created by': 'ESHFFI03', 'Division': 'FI', 'Distribution Channel': 'FI', 'Sales Document Type': 'SUG Rental contract'}, {'Contract End Date': '2025-01-31', 'Contract Start Date': '2024-03-01', 'Document Currency': 'INR', 'Net Value (Item)': 642668.95, 'Sales Document Item': 50, 'Customer Reference': 'RENTAL', 'Document Date': '2024-03-22', 'Sales document': 40025326, 'Material': 'DH-EX-IF', 'Target Quantity': 553, 'Valid-To Date': '2025-01-31', 'Sold-To Party': 31009, 'Sold-To Party Name': 'CARBORUNDUM UNIVERSAL LTD', 'Pricing Unit': 'FT2', 'Net Price': 105.65, 'Plant': 'EHO', 'Created by': 'ESHFFI03', 'Division': 'FI', 'Distribution Channel': 'FI', 'Sales Document Type': 'SUG Rental contract'}, {'Contract End Date': '2025-01-31', 'Contract Start Date': '2024-03-01', 'Document Currency': 'INR', 'Net Value (Item)': 3018794.35, 'Sales Document Item': 20, 'Customer Reference': 'RENTAL', 'Document Date': '2024-03-22', 'Sales document': 40025326, 'Material': 'PH-VIF', 'Target Quantity': 3537, 'Valid-To Date': '2025-01-31', 'Sold-To Party': 31009, 'Sold-To Party Name': 'CARBORUNDUM UNIVERSAL LTD', 'Pricing Unit': 'FT2', 'Net Price': 77.59, 'Plant': 'EHO', 'Created by': 'ESHFFI03', 'Division': 'FI', 'Distribution Channel': 'FI', 'Sales Document Type': 'SUG Rental contract'}, {'Contract End Date': '2025-01-31', 'Contract Start Date': '2024-03-01', 'Document Currency': 'INR', 'Net Value (Item)': 1869813.11, 'Sales Document Item': 30, 'Customer Reference': 'RENTAL', 'Document Date': '2024-03-22', 'Sales document': 40025326, 'Material': 'PH-IF-D', 'Target Quantity': 1980, 'Valid-To Date': '2025-01-31', 'Sold-To Party': 31009, 'Sold-To Party Name': 'CARBORUNDUM UNIVERSAL LTD', 'Pricing Unit': 'FT2', 'Net Price': 85.85, 'Plant': 'EHO', 'Created by': 'ESHFFI03', 'Division': 'FI', 'Distribution Channel': 'FI', 'Sales Document Type': 'SUG Rental contract'}, {'Contract End Date': '2025-01-31', 'Contract Start Date': '2024-03-01', 'Document Currency': 'INR', 'Net Value (Item)': 3853888.39, 'Sales Document Item': 10, 'Customer Reference': 'RENTAL', 'Document Date': '2024-03-22', 'Sales document': 40025327, 'Material': 'PH-IIIF', 'Target Quantity': 4081, 'Valid-To Date': '2025-01-31', 'Sold-To Party': 808993, 'Sold-To Party Name': 'MURUGAPPA WATER TECHNOLOGY AND SOLUTIONS', 'Pricing Unit': 'FT2', 'Net Price': 85.85, 'Plant': 'EHO', 'Created by': 'ESHFFI03', 'Division': 'FI', 'Distribution Channel': 'FI', 'Sales Document Type': 'SUG Rental contract'}, {'Contract End Date': '2025-01-31', 'Contract Start Date': '2024-03-01', 'Document Currency': 'INR', 'Net Value (Item)': 781921.03, 'Sales Document Item': 20, 'Customer Reference': 'RENTAL', 'Document Date': '2024-03-22', 'Sales document': 40025327, 'Material': 'PH-IF-D', 'Target Quantity': 828, 'Valid-To Date': '2025-01-31', 'Sold-To Party': 808993, 'Sold-To Party Name': 'MURUGAPPA WATER TECHNOLOGY AND SOLUTIONS', 'Pricing Unit': 'FT2', 'Net Price': 85.85, 'Plant': 'EHO', 'Created by': 'ESHFFI03', 'Division': 'FI', 'Distribution Channel': 'FI', 'Sales Document Type': 'SUG Rental contract'}, {'Contract End Date': '2025-01-31', 'Contract Start Date': '2024-03-01', 'Document Currency': 'INR', 'Net Value (Item)': 883912.37, 'Sales Document Item': 20, 'Customer Reference': 'RENTAL', 'Document Date': '2024-03-22', 'Sales document': 40025328, 'Material': 'PH-IF-D', 'Target Quantity': 936, 'Valid-To Date': '2025-01-31', 'Sold-To Party': 32998, 'Sold-To Party Name': 'NET ACCESS INDIA  LTD', 'Pricing Unit': 'FT2', 'Net Price': 85.85, 'Plant': 'EHO', 'Created by': 'ESHFFI03', 'Division': 'FI', 'Distribution Channel': 'FI', 'Sales Document Type': 'SUG Rental contract'}, {'Contract End Date': '2025-01-31', 'Contract Start Date': '2024-03-01', 'Document Currency': 'INR', 'Net Value (Item)': 3030745.85, 'Sales Document Item': 10, 'Customer Reference': 'RENTAL', 'Document Date': '2024-03-22', 'Sales document': 40025328, 'Material': 'PH-VIF', 'Target Quantity': 3551, 'Valid-To Date': '2025-01-31', 'Sold-To Party': 32998, 'Sold-To Party Name': 'NET ACCESS INDIA  LTD', 'Pricing Unit': 'FT2', 'Net Price': 77.59, 'Plant': 'EHO', 'Created by': 'ESHFFI03', 'Division': 'FI', 'Distribution Channel': 'FI', 'Sales Document Type': 'SUG Rental contract'}, {'Contract End Date': '2025-01-31', 'Contract Start Date': '2024-03-01', 'Document Currency': 'INR', 'Net Value (Item)': 454383.16, 'Sales Document Item': 10, 'Customer Reference': 'RENTAL', 'Document Date': '2024-03-22', 'Sales document': 40025329, 'Material': 'DH-EX-VF-DC', 'Target Quantity': 1, 'Valid-To Date': '2025-01-31', 'Sold-To Party': 32998, 'Sold-To Party Name': 'NET ACCESS INDIA  LTD', 'Pricing Unit': 'FT2', 'Net Price': 41307.56, 'Plant': 'EHO', 'Created by': 'ESHFFI03', 'Division': 'FI', 'Distribution Channel': 'FI', 'Sales Document Type': 'SUG Rental contract'}, {'Contract End Date': '2025-01-31', 'Contract Start Date': '2024-03-01', 'Document Currency': 'INR', 'Net Value (Item)': 594940.61, 'Sales Document Item': 40, 'Customer Reference': 'RENTAL', 'Document Date': '2024-03-22', 'Sales document': 40025330, 'Material': 'PH-IF-D', 'Target Quantity': 630, 'Valid-To Date': '2025-01-31', 'Sold-To Party': 809181, 'Sold-To Party Name': 'MURUGAPPA MANAGEMENT SERVICES', 'Pricing Unit': 'FT2', 'Net Price': 85.85, 'Plant': 'EHO', 'Created by': 'ESHFFI03', 'Division': 'FI', 'Distribution Channel': 'FI', 'Sales Document Type': 'SUG Rental contract'}, {'Contract End Date': '2025-01-31', 'Contract Start Date': '2024-03-01', 'Document Currency': 'INR', 'Net Value (Item)': 149360.75, 'Sales Document Item': 70, 'Customer Reference': 'RENTAL', 'Document Date': '2024-03-22', 'Sales document': 40025330, 'Material': 'DH-EX-IF', 'Target Quantity': 175, 'Valid-To Date': '2025-01-31', 'Sold-To Party': 809181, 'Sold-To Party Name': 'MURUGAPPA MANAGEMENT SERVICES', 'Pricing Unit': 'FT2', 'Net Price': 77.59, 'Plant': 'EHO', 'Created by': 'ESHFFI03', 'Division': 'FI', 'Distribution Channel': 'FI', 'Sales Document Type': 'SUG Rental contract'}, {'Contract End Date': '2025-01-31', 'Contract Start Date': '2024-03-01', 'Document Currency': 'INR', 'Net Value (Item)': 464860.11, 'Sales Document Item': 60, 'Customer Reference': 'RENTAL', 'Document Date': '2024-03-22', 'Sales document': 40025330, 'Material': 'DH-EX-VIF', 'Target Quantity': 400, 'Valid-To Date': '2025-01-31', 'Sold-To Party': 809181, 'Sold-To Party Name': 'MURUGAPPA MANAGEMENT SERVICES', 'Pricing Unit': 'FT2', 'Net Price': 105.65, 'Plant': 'EHO', 'Created by': 'ESHFFI03', 'Division': 'FI', 'Distribution Channel': 'FI', 'Sales Document Type': 'SUG Rental contract'}, {'Contract End Date': '2025-01-31', 'Contract Start Date': '2024-03-01', 'Document Currency': 'INR', 'Net Value (Item)': 13917911.04, 'Sales Document Item': 20, 'Customer Reference': 'RENTAL', 'Document Date': '2024-03-22', 'Sales document': 40025330, 'Material': 'DH-VF', 'Target Quantity': 11976, 'Valid-To Date': '2025-01-31', 'Sold-To Party': 809181, 'Sold-To Party Name': 'MURUGAPPA MANAGEMENT SERVICES', 'Pricing Unit': 'FT2', 'Net Price': 105.65, 'Plant': 'EHO', 'Created by': 'ESHFFI03', 'Division': 'FI', 'Distribution Channel': 'FI', 'Sales Document Type': 'SUG Rental contract'}, {'Contract End Date': '2025-01-31', 'Contract Start Date': '2024-03-01', 'Document Currency': 'INR', 'Net Value (Item)': 5761940.8, 'Sales Document Item': 50, 'Customer Reference': 'RENTAL', 'Document Date': '2024-03-22', 'Sales document': 40025330, 'Material': 'DH-EX-VIF', 'Target Quantity': 4958, 'Valid-To Date': '2025-01-31', 'Sold-To Party': 809181, 'Sold-To Party Name': 'MURUGAPPA MANAGEMENT SERVICES', 'Pricing Unit': 'FT2', 'Net Price': 105.65, 'Plant': 'EHO', 'Created by': 'ESHFFI03', 'Division': 'FI', 'Distribution Channel': 'FI', 'Sales Document Type': 'SUG Rental contract'}, {'Contract End Date': '2025-01-31', 'Contract Start Date': '2024-03-01', 'Document Currency': 'INR', 'Net Value (Item)': 5046056.29, 'Sales Document Item': 30, 'Customer Reference': 'RENTAL', 'Document Date': '2024-03-22', 'Sales document': 40025330, 'Material': 'DH-VIF', 'Target Quantity': 4342, 'Valid-To Date': '2025-01-31', 'Sold-To Party': 809181, 'Sold-To Party Name': 'MURUGAPPA MANAGEMENT SERVICES', 'Pricing Unit': 'FT2', 'Net Price': 105.65, 'Plant': 'EHO', 'Created by': 'ESHFFI03', 'Division': 'FI', 'Distribution Channel': 'FI', 'Sales Document Type': 'SUG Rental contract'}, {'Contract End Date': '2025-01-31', 'Contract Start Date': '2024-03-01', 'Document Currency': 'INR', 'Net Value (Item)': 281240.3, 'Sales Document Item': 10, 'Customer Reference': 'RENTAL', 'Document Date': '2024-03-22', 'Sales document': 40025330, 'Material': 'DH-GF-LOBB', 'Target Quantity': 242, 'Valid-To Date': '2025-01-31', 'Sold-To Party': 809181, 'Sold-To Party Name': 'MURUGAPPA MANAGEMENT SERVICES', 'Pricing Unit': 'FT2', 'Net Price': 105.65, 'Plant': 'EHO', 'Created by': 'ESHFFI03', 'Division': 'FI', 'Distribution Channel': 'FI', 'Sales Document Type': 'SUG Rental contract'}, {'Contract End Date': '2025-01-31', 'Contract Start Date': '2024-03-01', 'Document Currency': 'INR', 'Net Value (Item)': 1067714.23, 'Sales Document Item': 10, 'Customer Reference': 'RENTAL', 'Document Date': '2024-03-22', 'Sales document': 40025331, 'Material': 'DH-EX-BM', 'Target Quantity': 1251, 'Valid-To Date': '2025-01-31', 'Sold-To Party': 800593, 'Sold-To Party Name': 'CHOLAMANDALAM INVESTMENT AND FINANCE', 'Pricing Unit': 'FT2', 'Net Price': 77.59, 'Plant': 'EHO', 'Created by': 'ESHFFI03', 'Division': 'FI', 'Distribution Channel': 'FI', 'Sales Document Type': 'SUG Rental contract'}, {'Contract End Date': '2025-01-31', 'Contract Start Date': '2024-03-01', 'Document Currency': 'INR', 'Net Value (Item)': 169673.57, 'Sales Document Item': 20, 'Customer Reference': 'RENTAL', 'Document Date': '2024-03-22', 'Sales document': 40025331, 'Material': 'DH-EX-IF', 'Target Quantity': 146, 'Valid-To Date': '2025-01-31', 'Sold-To Party': 800593, 'Sold-To Party Name': 'CHOLAMANDALAM INVESTMENT AND FINANCE', 'Pricing Unit': 'FT2', 'Net Price': 105.65, 'Plant': 'EHO', 'Created by': 'ESHFFI03', 'Division': 'FI', 'Distribution Channel': 'FI', 'Sales Document Type': 'SUG Rental contract'}, {'Contract End Date': '2025-01-31', 'Contract Start Date': '2024-03-01', 'Document Currency': 'INR', 'Net Value (Item)': 741451.7, 'Sales Document Item': 50, 'Customer Reference': 'RENTAL', 'Document Date': '2024-03-22', 'Sales document': 40025332, 'Material': 'DH-GF-LOBB', 'Target Quantity': 638, 'Valid-To Date': '2025-01-31', 'Sold-To Party': 31006, 'Sold-To Party Name': 'Cholamandalam MS General Insurance', 'Pricing Unit': 'FT2', 'Net Price': 105.65, 'Plant': 'EHO', 'Created by': 'ESHFFI03', 'Division': 'FI', 'Distribution Channel': 'FI', 'Sales Document Type': 'SUG Rental contract'}, {'Contract End Date': '2025-01-31', 'Contract Start Date': '2024-03-01', 'Document Currency': 'INR', 'Net Value (Item)': 2345765.4, 'Sales Document Item': 40, 'Customer Reference': 'RENTAL', 'Document Date': '2024-03-22', 'Sales document': 40025332, 'Material': 'PH-IF-D', 'Target Quantity': 2484, 'Valid-To Date': '2025-01-31', 'Sold-To Party': 31006, 'Sold-To Party Name': 'Cholamandalam MS General Insurance', 'Pricing Unit': 'FT2', 'Net Price': 85.85, 'Plant': 'EHO', 'Created by': 'ESHFFI03', 'Division': 'FI', 'Distribution Channel': 'FI', 'Sales Document Type': 'SUG Rental contract'}, {'Contract End Date': '2025-01-31', 'Contract Start Date': '2024-03-01', 'Document Currency': 'INR', 'Net Value (Item)': 6122206.2, 'Sales Document Item': 110, 'Customer Reference': 'RENTAL', 'Document Date': '2024-03-22', 'Sales document': 40025332, 'Material': 'DH-EX-IIF', 'Target Quantity': 5268, 'Valid-To Date': '2025-01-31', 'Sold-To Party': 31006, 'Sold-To Party Name': 'Cholamandalam MS General Insurance', 'Pricing Unit': 'FT2', 'Net Price': 105.65, 'Plant': 'EHO', 'Created by': 'ESHFFI03', 'Division': 'FI', 'Distribution Channel': 'FI', 'Sales Document Type': 'SUG Rental contract'}, {'Contract End Date': '2025-01-31', 'Contract Start Date': '2024-03-01', 'Document Currency': 'INR', 'Net Value (Item)': 628937.1, 'Sales Document Item': 90, 'Customer Reference': 'RENTAL', 'Document Date': '2024-03-22', 'Sales document': 40025332, 'Material': 'PH-IF-D', 'Target Quantity': 666, 'Valid-To Date': '2025-01-31', 'Sold-To Party': 31006, 'Sold-To Party Name': 'Cholamandalam MS General Insurance', 'Pricing Unit': 'FT2', 'Net Price': 85.85, 'Plant': 'EHO', 'Created by': 'ESHFFI03', 'Division': 'FI', 'Distribution Channel': 'FI', 'Sales Document Type': 'SUG Rental contract'}, {'Contract End Date': '2025-01-31', 'Contract Start Date': '2024-03-01', 'Document Currency': 'INR', 'Net Value (Item)': 1121887.8, 'Sales Document Item': 70, 'Customer Reference': 'RENTAL', 'Document Date': '2024-03-22', 'Sales document': 40025332, 'Material': 'PH-IF-D', 'Target Quantity': 1188, 'Valid-To Date': '2025-01-31', 'Sold-To Party': 31006, 'Sold-To Party Name': 'Cholamandalam MS General Insurance', 'Pricing Unit': 'FT2', 'Net Price': 85.85, 'Plant': 'EHO', 'Created by': 'ESHFFI03', 'Division': 'FI', 'Distribution Channel': 'FI', 'Sales Document Type': 'SUG Rental contract'}, {'Contract End Date': '2025-01-31', 'Contract Start Date': '2024-03-01', 'Document Currency': 'INR', 'Net Value (Item)': 428833.35, 'Sales Document Item': 100, 'Customer Reference': 'RENTAL', 'Document Date': '2024-03-22', 'Sales document': 40025332, 'Material': 'DH-EX-IF', 'Target Quantity': 369, 'Valid-To Date': '2025-01-31', 'Sold-To Party': 31006, 'Sold-To Party Name': 'Cholamandalam MS General Insurance', 'Pricing Unit': 'FT2', 'Net Price': 105.65, 'Plant': 'EHO', 'Created by': 'ESHFFI03', 'Division': 'FI', 'Distribution Channel': 'FI', 'Sales Document Type': 'SUG Rental contract'}, {'Contract End Date': '2025-01-31', 'Contract Start Date': '2024-03-01', 'Document Currency': 'INR', 'Net Value (Item)': 5434734.25, 'Sales Document Item': 30, 'Customer Reference': 'RENTAL', 'Document Date': '2024-03-22', 'Sales document': 40025332, 'Material': 'PH-IVF', 'Target Quantity': 5755, 'Valid-To Date': '2025-01-31', 'Sold-To Party': 31006, 'Sold-To Party Name': 'Cholamandalam MS General Insurance', 'Pricing Unit': 'FT2', 'Net Price': 85.85, 'Plant': 'EHO', 'Created by': 'ESHFFI03', 'Division': 'FI', 'Distribution Channel': 'FI', 'Sales Document Type': 'SUG Rental contract'}, {'Contract End Date': '2025-01-31', 'Contract Start Date': '2024-03-01', 'Document Currency': 'INR', 'Net Value (Item)': 6122206.2, 'Sales Document Item': 20, 'Customer Reference': 'RENTAL', 'Document Date': '2024-03-22', 'Sales document': 40025332, 'Material': 'DH-EX-IIIF', 'Target Quantity': 5268, 'Valid-To Date': '2025-01-31', 'Sold-To Party': 31006, 'Sold-To Party Name': 'Cholamandalam MS General Insurance', 'Pricing Unit': 'FT2', 'Net Price': 105.65, 'Plant': 'EHO', 'Created by': 'ESHFFI03', 'Division': 'FI', 'Distribution Channel': 'FI', 'Sales Document Type': 'SUG Rental contract'}, {'Contract End Date': '2025-01-31', 'Contract Start Date': '2024-03-01', 'Document Currency': 'INR', 'Net Value (Item)': 2730115.85, 'Sales Document Item': 60, 'Customer Reference': 'RENTAL', 'Document Date': '2024-03-22', 'Sales document': 40025332, 'Material': 'PH-IIIF', 'Target Quantity': 2891, 'Valid-To Date': '2025-01-31', 'Sold-To Party': 31006, 'Sold-To Party Name': 'Cholamandalam MS General Insurance', 'Pricing Unit': 'FT2', 'Net Price': 85.85, 'Plant': 'EHO', 'Created by': 'ESHFFI03', 'Division': 'FI', 'Distribution Channel': 'FI', 'Sales Document Type': 'SUG Rental contract'}, {'Contract End Date': '2025-01-31', 'Contract Start Date': '2024-03-01', 'Document Currency': 'INR', 'Net Value (Item)': 4256185.45, 'Sales Document Item': 80, 'Customer Reference': 'RENTAL', 'Document Date': '2024-03-22', 'Sales document': 40025332, 'Material': 'PH-IVF', 'Target Quantity': 4507, 'Valid-To Date': '2025-01-31', 'Sold-To Party': 31006, 'Sold-To Party Name': 'Cholamandalam MS General Insurance', 'Pricing Unit': 'FT2', 'Net Price': 85.85, 'Plant': 'EHO', 'Created by': 'ESHFFI03', 'Division': 'FI', 'Distribution Channel': 'FI', 'Sales Document Type': 'SUG Rental contract'}, {'Contract End Date': '2025-01-31', 'Contract Start Date': '2024-03-01', 'Document Currency': 'INR', 'Net Value (Item)': 13568101.14, 'Sales Document Item': 10, 'Customer Reference': 'RENTAL', 'Document Date': '2024-03-22', 'Sales document': 40025332, 'Material': 'DH-IIF', 'Target Quantity': 11675, 'Valid-To Date': '2025-01-31', 'Sold-To Party': 31006, 'Sold-To Party Name': 'Cholamandalam MS General Insurance', 'Pricing Unit': 'FT2', 'Net Price': 105.65, 'Plant': 'EHO', 'Created by': 'ESHFFI03', 'Division': 'FI', 'Distribution Channel': 'FI', 'Sales Document Type': 'SUG Rental contract'}, {'Contract End Date': '2025-01-31', 'Contract Start Date': '2024-03-01', 'Document Currency': 'INR', 'Net Value (Item)': 3399660.0, 'Sales Document Item': 120, 'Customer Reference': 'RENTAL', 'Document Date': '2024-03-22', 'Sales document': 40025332, 'Material': 'PH-IF-D', 'Target Quantity': 3600, 'Valid-To Date': '2025-01-31', 'Sold-To Party': 31006, 'Sold-To Party Name': 'Cholamandalam MS General Insurance', 'Pricing Unit': 'FT2', 'Net Price': 85.85, 'Plant': 'EHO', 'Created by': 'ESHFFI03', 'Division': 'FI', 'Distribution Channel': 'FI', 'Sales Document Type': 'SUG Rental contract'}, {'Contract End Date': '2025-01-31', 'Contract Start Date': '2024-03-01', 'Document Currency': 'INR', 'Net Value (Item)': 2814434.26, 'Sales Document Item': 10, 'Customer Reference': 'RENTAL', 'Document Date': '2024-03-28', 'Sales document': 40025408, 'Material': 'CUDD-GODO', 'Target Quantity': 37297, 'Valid-To Date': '2025-01-31', 'Sold-To Party': 812158, 'Sold-To Party Name': 'COROMANDEL INTERNATIONAL LIMITED', 'Pricing Unit': 'FT2', 'Net Price': 6.86, 'Plant': 'EHO', 'Created by': 'ESHFFI03', 'Division': 'FI', 'Distribution Channel': 'FI', 'Sales Document Type': 'SUG Rental contract'}, {'Contract End Date': '2025-02-28', 'Contract Start Date': '2024-04-01', 'Document Currency': 'INR', 'Net Value (Item)': 297000.0, 'Sales Document Item': 10, 'Customer Reference': 'RENTAL', 'Document Date': '2024-04-17', 'Sales document': 40025497, 'Material': 'DH-C-TOWE', 'Target Quantity': 1, 'Valid-To Date': '2025-02-28', 'Sold-To Party': 277306, 'Sold-To Party Name': 'RELIANCE JIO INFOCOM LTD.,', 'Pricing Unit': 'PU', 'Net Price': 27000.0, 'Plant': 'EHO', 'Created by': 'ESHFFI03', 'Division': 'FI', 'Distribution Channel': 'FI', 'Sales Document Type': 'SUG Rental contract'}, {'Contract End Date': '2025-01-31', 'Contract Start Date': '2024-06-01', 'Document Currency': 'INR', 'Net Value (Item)': 42260.0, 'Sales Document Item': 20, 'Customer Reference': 'RENTAL', 'Document Date': '2024-06-24', 'Sales document': 40025940, 'Material': 'DH-GF-LOBB', 'Target Quantity': 50, 'Valid-To Date': '2025-01-31', 'Sold-To Party': 32254, 'Sold-To Party Name': 'Cholamandalam MS Risk Services Limited', 'Pricing Unit': 'FT2', 'Net Price': 105.65, 'Plant': 'EHO', 'Created by': 'ESHFFI03', 'Division': 'FI', 'Distribution Channel': 'FI', 'Sales Document Type': 'SUG Rental contract'}, {'Contract End Date': '2025-01-31', 'Contract Start Date': '2024-06-01', 'Document Currency': 'INR', 'Net Value (Item)': 947468.88, 'Sales Document Item': 10, 'Customer Reference': 'RENTAL', 'Document Date': '2024-06-24', 'Sales document': 40025940, 'Material': 'DH-GF', 'Target Quantity': 1121, 'Valid-To Date': '2025-01-31', 'Sold-To Party': 32254, 'Sold-To Party Name': 'Cholamandalam MS Risk Services Limited', 'Pricing Unit': 'FT2', 'Net Price': 105.65, 'Plant': 'EHO', 'Created by': 'ESHFFI03', 'Division': 'FI', 'Distribution Channel': 'FI', 'Sales Document Type': 'SUG Rental contract'}, {'Contract End Date': '2025-01-31', 'Contract Start Date': '2024-06-01', 'Document Currency': 'INR', 'Net Value (Item)': 271972.72, 'Sales Document Item': 30, 'Customer Reference': 'RENTAL', 'Document Date': '2024-06-24', 'Sales document': 40025940, 'Material': 'PH-IF-D', 'Target Quantity': 396, 'Valid-To Date': '2025-01-31', 'Sold-To Party': 32254, 'Sold-To Party Name': 'Cholamandalam MS Risk Services Limited', 'Pricing Unit': 'FT2', 'Net Price': 85.85, 'Plant': 'EHO', 'Created by': 'ESHFFI03', 'Division': 'FI', 'Distribution Channel': 'FI', 'Sales Document Type': 'SUG Rental contract'}, {'Contract End Date': '2025-01-31', 'Contract Start Date': '2024-06-01', 'Document Currency': 'INR', 'Net Value (Item)': 6107711.76, 'Sales Document Item': 10, 'Customer Reference': 'RENTAL', 'Document Date': '2024-06-24', 'Sales document': 40025941, 'Material': 'PH-IIF', 'Target Quantity': 8893, 'Valid-To Date': '2025-01-31', 'Sold-To Party': 32254, 'Sold-To Party Name': 'Cholamandalam MS Risk Services Limited', 'Pricing Unit': 'FT2', 'Net Price': 85.85, 'Plant': 'EHO', 'Created by': 'ESHFFI03', 'Division': 'FI', 'Distribution Channel': 'FI', 'Sales Document Type': 'SUG Rental contract'}, {'Contract End Date': '2025-01-31', 'Contract Start Date': '2024-06-01', 'Document Currency': 'INR', 'Net Value (Item)': 803555.92, 'Sales Document Item': 20, 'Customer Reference': 'RENTAL', 'Document Date': '2024-06-24', 'Sales document': 40025941, 'Material': 'PH-IF-D', 'Target Quantity': 1170, 'Valid-To Date': '2025-01-31', 'Sold-To Party': 32254, 'Sold-To Party Name': 'Cholamandalam MS Risk Services Limited', 'Pricing Unit': 'FT2', 'Net Price': 85.85, 'Plant': 'EHO', 'Created by': 'ESHFFI03', 'Division': 'FI', 'Distribution Channel': 'FI', 'Sales Document Type': 'SUG Rental contract'}, {'Contract End Date': '2025-10-31', 'Contract Start Date': '2024-11-01', 'Document Currency': 'INR', 'Net Value (Item)': 938738.35, 'Sales Document Item': 20, 'Customer Reference': 'PH-VF &amp; PH-1F', 'Document Date': '2024-11-28', 'Sales document': 40026186, 'Material': 'PH-IF-D', 'Target Quantity': 1170, 'Valid-To Date': '2025-10-31', 'Sold-To Party': 10333, 'Sold-To Party Name': 'AMBADI ENTERPRISES LTD', 'Pricing Unit': 'FT2', 'Net Price': 72.94, 'Plant': 'EHO', 'Created by': 'BCSSUPPORT1', 'Division': 'FI', 'Distribution Channel': 'FI', 'Sales Document Type': 'SUG Rental contract'}, {'Contract End Date': '2025-10-31', 'Contract Start Date': '2024-11-01', 'Document Currency': 'INR', 'Net Value (Item)': 8398109.17, 'Sales Document Item': 10, 'Customer Reference': 'PH-VF &amp; PH-1F', 'Document Date': '2024-11-28', 'Sales document': 40026186, 'Material': 'PH-IIF', 'Target Quantity': 8893, 'Valid-To Date': '2025-10-31', 'Sold-To Party': 10333, 'Sold-To Party Name': 'AMBADI ENTERPRISES LTD', 'Pricing Unit': 'FT2', 'Net Price': 85.85, 'Plant': 'EHO', 'Created by': 'BCSSUPPORT1', 'Division': 'FI', 'Distribution Channel': 'FI', 'Sales Document Type': 'SUG Rental contract'}, {'Contract End Date': '2025-10-31', 'Contract Start Date': '2024-11-01', 'Document Currency': 'INR', 'Net Value (Item)': 944350.0, 'Sales Document Item': 10, 'Customer Reference': 'RENTAL', 'Document Date': '2024-11-28', 'Sales document': 40026189, 'Material': 'PH-IF-D', 'Target Quantity': 1000, 'Valid-To Date': '2025-10-31', 'Sold-To Party': 32254, 'Sold-To Party Name': 'Cholamandalam MS Risk Services Limited', 'Pricing Unit': 'FT2', 'Net Price': 85.85, 'Plant': 'EHO', 'Created by': 'BCSSUPPORT1', 'Division': 'FI', 'Distribution Channel': 'FI', 'Sales Document Type': 'SUG Rental contract'}, {'Contract End Date': '2025-10-31', 'Contract Start Date': '2024-11-01', 'Document Currency': 'INR', 'Net Value (Item)': 944350.0, 'Sales Document Item': 10, 'Customer Reference': 'RENTAL', 'Document Date': '2024-11-28', 'Sales document': 40026190, 'Material': 'PH-IF-D', 'Target Quantity': 1000, 'Valid-To Date': '2025-10-31', 'Sold-To Party': 32254, 'Sold-To Party Name': 'Cholamandalam MS Risk Services Limited', 'Pricing Unit': 'FT2', 'Net Price': 85.85, 'Plant': 'EHO', 'Created by': 'BCSSUPPORT1', 'Division': 'FI', 'Distribution Channel': 'FI', 'Sales Document Type': 'SUG Rental contract'}, {'Contract End Date': '2025-10-31', 'Contract Start Date': '2024-11-01', 'Document Currency': 'INR', 'Net Value (Item)': 13563000.0, 'Sales Document Item': 20, 'Customer Reference': 'RENTAL', 'Document Date': '2024-11-28', 'Sales document': 40026190, 'Material': 'DH-IVF', 'Target Quantity': 1233, 'Valid-To Date': '2025-10-31', 'Sold-To Party': 32254, 'Sold-To Party Name': 'Cholamandalam MS Risk Services Limited', 'Pricing Unit': 'FT2', 'Net Price': 1000.0, 'Plant': 'EHO', 'Created by': 'BCSSUPPORT1', 'Division': 'FI', 'Distribution Channel': 'FI', 'Sales Document Type': 'SUG Rental contract'}, {'Contract End Date': '2025-10-31', 'Contract Start Date': '2024-11-01', 'Document Currency': 'INR', 'Net Value (Item)': 62316221.44, 'Sales Document Item': 10, 'Customer Reference': 'Rental', 'Document Date': '2024-11-28', 'Sales document': 40026191, 'Material': 'DH-IVF', 'Target Quantity': 1889, 'Valid-To Date': '2025-10-31', 'Sold-To Party': 10333, 'Sold-To Party Name': 'AMBADI ENTERPRISES LTD', 'Pricing Unit': 'FT2', 'Net Price': 2999.0, 'Plant': 'EHO', 'Created by': 'BCSSUPPORT1', 'Division': 'FI', 'Distribution Channel': 'FI', 'Sales Document Type': 'SUG Rental contract'}, {'Contract End Date': '2025-10-31', 'Contract Start Date': '2024-11-01', 'Document Currency': 'INR', 'Net Value (Item)': 23744292.22, 'Sales Document Item': 20, 'Customer Reference': 'Rental', 'Document Date': '2024-11-28', 'Sales document': 40026191, 'Material': 'PH-IVF', 'Target Quantity': 1781, 'Valid-To Date': '2025-10-31', 'Sold-To Party': 10333, 'Sold-To Party Name': 'AMBADI ENTERPRISES LTD', 'Pricing Unit': 'FT2', 'Net Price': 1212.0, 'Plant': 'EHO', 'Created by': 'BCSSUPPORT1', 'Division': 'FI', 'Distribution Channel': 'FI', 'Sales Document Type': 'SUG Rental contract'}, {'Contract End Date': '2025-10-31', 'Contract Start Date': '2024-11-01', 'Document Currency': 'INR', 'Net Value (Item)': 988480.02, 'Sales Document Item': 10, 'Customer Reference': 'Rental', 'Document Date': '2024-11-28', 'Sales document': 40026192, 'Material': 'PH-VF', 'Target Quantity': 1232, 'Valid-To Date': '2025-10-31', 'Sold-To Party': 10333, 'Sold-To Party Name': 'AMBADI ENTERPRISES LTD', 'Pricing Unit': 'FT2', 'Net Price': 72.94, 'Plant': 'EHO', 'Created by': 'BCSSUPPORT1', 'Division': 'FI', 'Distribution Channel': 'FI', 'Sales Document Type': 'SUG Rental contract'}, {'Contract End Date': '2025-10-31', 'Contract Start Date': '2024-11-01', 'Document Currency': 'INR', 'Net Value (Item)': 16844.08, 'Sales Document Item': 10, 'Customer Reference': 'Rental', 'Document Date': '2024-11-28', 'Sales document': 40026193, 'Material': 'PH-VF', 'Target Quantity': 21, 'Valid-To Date': '2025-10-31', 'Sold-To Party': 10333, 'Sold-To Party Name': 'AMBADI ENTERPRISES LTD', 'Pricing Unit': 'FT2', 'Net Price': 72.92, 'Plant': 'EHO', 'Created by': 'BCSSUPPORT1', 'Division': 'FI', 'Distribution Channel': 'FI', 'Sales Document Type': 'SUG Rental contract'}, {'Contract End Date': '2025-10-31', 'Contract Start Date': '2024-11-01', 'Document Currency': 'INR', 'Net Value (Item)': 8398109.28, 'Sales Document Item': 10, 'Customer Reference': 'RENTAL', 'Document Date': '2024-11-28', 'Sales document': 40026194, 'Material': 'PH-IIF', 'Target Quantity': 8893, 'Valid-To Date': '2025-10-31', 'Sold-To Party': 32254, 'Sold-To Party Name': 'Cholamandalam MS Risk Services Limited', 'Pricing Unit': 'FT2', 'Net Price': 85.85, 'Plant': 'EHO', 'Created by': 'BCSSUPPORT1', 'Division': 'FI', 'Distribution Channel': 'FI', 'Sales Document Type': 'SUG Rental contract'}, {'Contract End Date': '2025-10-31', 'Contract Start Date': '2024-11-01', 'Document Currency': 'INR', 'Net Value (Item)': 8398109.28, 'Sales Document Item': 10, 'Customer Reference': nan, 'Document Date': '2024-11-28', 'Sales document': 40026195, 'Material': 'PH-IIF', 'Target Quantity': 8893, 'Valid-To Date': '2025-10-31', 'Sold-To Party': 32254, 'Sold-To Party Name': 'Cholamandalam MS Risk Services Limited', 'Pricing Unit': 'FT2', 'Net Price': 85.85, 'Plant': 'EHO', 'Created by': 'BCSSUPPORT1', 'Division': 'FI', 'Distribution Channel': 'FI', 'Sales Document Type': 'SUG Rental contract'}, {'Contract End Date': '2025-10-31', 'Contract Start Date': '2024-11-01', 'Document Currency': 'INR', 'Net Value (Item)': 13572.13, 'Sales Document Item': 30, 'Customer Reference': 'Demo - Rental Contract', 'Document Date': '2024-11-28', 'Sales document': 40026196, 'Material': 'PH-IVF', 'Target Quantity': 1, 'Valid-To Date': '2025-10-31', 'Sold-To Party': 10333, 'Sold-To Party Name': 'AMBADI ENTERPRISES LTD', 'Pricing Unit': 'FT2', 'Net Price': 1233.83, 'Plant': 'EHO', 'Created by': 'BCSSUPPORT1', 'Division': 'FI', 'Distribution Channel': 'FI', 'Sales Document Type': 'SUG Rental contract'}, {'Contract End Date': '2025-10-31', 'Contract Start Date': '2024-11-01', 'Document Currency': 'INR', 'Net Value (Item)': 802.23, 'Sales Document Item': 10, 'Customer Reference': 'Demo - Rental Contract', 'Document Date': '2024-11-28', 'Sales document': 40026196, 'Material': 'PH-IF-D', 'Target Quantity': 1, 'Valid-To Date': '2025-10-31', 'Sold-To Party': 10333, 'Sold-To Party Name': 'AMBADI ENTERPRISES LTD', 'Pricing Unit': 'FT2', 'Net Price': 72.93, 'Plant': 'EHO', 'Created by': 'BCSSUPPORT1', 'Division': 'FI', 'Distribution Channel': 'FI', 'Sales Document Type': 'SUG Rental contract'}, {'Contract End Date': '2025-10-31', 'Contract Start Date': '2024-10-01', 'Document Currency': 'INR', 'Net Value (Item)': 206041.32, 'Sales Document Item': 10, 'Customer Reference': 'RENTAL', 'Document Date': '2024-11-28', 'Sales document': 40026197, 'Material': 'PH-IF-D', 'Target Quantity': 200, 'Valid-To Date': '2025-10-31', 'Sold-To Party': 809181, 'Sold-To Party Name': 'MURUGAPPA MANAGEMENT SERVICES', 'Pricing Unit': 'FT2', 'Net Price': 85.85, 'Plant': 'EHO', 'Created by': 'BCSSUPPORT1', 'Division': 'FI', 'Distribution Channel': 'FI', 'Sales Document Type': 'SUG Rental contract'}, {'Contract End Date': '2025-10-31', 'Contract Start Date': '2024-10-01', 'Document Currency': 'INR', 'Net Value (Item)': 380342.28, 'Sales Document Item': 20, 'Customer Reference': 'RENTAL', 'Document Date': '2024-11-28', 'Sales document': 40026197, 'Material': 'DH-VF', 'Target Quantity': 300, 'Valid-To Date': '2025-10-31', 'Sold-To Party': 809181, 'Sold-To Party Name': 'MURUGAPPA MANAGEMENT SERVICES', 'Pricing Unit': 'FT2', 'Net Price': 105.65, 'Plant': 'EHO', 'Created by': 'BCSSUPPORT1', 'Division': 'FI', 'Distribution Channel': 'FI', 'Sales Document Type': 'SUG Rental contract'}, {'Contract End Date': '2025-10-31', 'Contract Start Date': '2024-10-01', 'Document Currency': 'INR', 'Net Value (Item)': 1030.32, 'Sales Document Item': 10, 'Customer Reference': 'RENTAL', 'Document Date': '2024-11-28', 'Sales document': 40026198, 'Material': 'PH-IF-D', 'Target Quantity': 1, 'Valid-To Date': '2025-10-31', 'Sold-To Party': 809181, 'Sold-To Party Name': 'MURUGAPPA MANAGEMENT SERVICES', 'Pricing Unit': 'FT2', 'Net Price': 85.86, 'Plant': 'EHO', 'Created by': 'BCSSUPPORT1', 'Division': 'FI', 'Distribution Channel': 'FI', 'Sales Document Type': 'SUG Rental contract'}, {'Contract End Date': '2025-10-31', 'Contract Start Date': '2024-10-01', 'Document Currency': 'INR', 'Net Value (Item)': 1267.92, 'Sales Document Item': 20, 'Customer Reference': 'RENTAL', 'Document Date': '2024-11-28', 'Sales document': 40026198, 'Material': 'DH-IVF', 'Target Quantity': 1, 'Valid-To Date': '2025-10-31', 'Sold-To Party': 809181, 'Sold-To Party Name': 'MURUGAPPA MANAGEMENT SERVICES', 'Pricing Unit': 'FT2', 'Net Price': 105.66, 'Plant': 'EHO', 'Created by': 'BCSSUPPORT1', 'Division': 'FI', 'Distribution Channel': 'FI', 'Sales Document Type': 'SUG Rental contract'}]</msg>
<status status="PASS" starttime="20241202 12:37:45.278" endtime="20241202 12:37:45.278"/>
</kw>
<kw name="Log To Console" library="BuiltIn">
<arg>**gbStart**copilot_Sales_Document_status**splitKeyValue**${json}**splitKeyValue**object**gbEnd**</arg>
<doc>Logs the given message to the console.</doc>
<status status="PASS" starttime="20241202 12:37:45.278" endtime="20241202 12:37:45.278"/>
</kw>
<kw name="Log To Console" library="BuiltIn">
<arg>${json}</arg>
<doc>Logs the given message to the console.</doc>
<status status="PASS" starttime="20241202 12:37:45.278" endtime="20241202 12:37:45.278"/>
</kw>
<kw name="Sleep" library="BuiltIn">
<arg>0.5</arg>
<doc>Pauses the test executed for the given time.</doc>
<msg timestamp="20241202 12:37:45.779" level="INFO">Slept 500 milliseconds</msg>
<status status="PASS" starttime="20241202 12:37:45.278" endtime="20241202 12:37:45.779"/>
</kw>
<status status="PASS" starttime="20241202 12:37:45.163" endtime="20241202 12:37:45.779"/>
</kw>
<tag>Regression</tag>
<tag>VA45</tag>
<status status="PASS" starttime="20241202 12:37:45.163" endtime="20241202 12:37:45.779"/>
</test>
<status status="PASS" starttime="20241202 12:37:44.460" endtime="20241202 12:37:45.779"/>
</suite>
<doc>Testing functionality through Robot Framework</doc>
<meta name="environment">Dev</meta>
<meta name="test_browser_name">chrome</meta>
<meta name="test_browser_version">131.0.6778.86</meta>
<meta name="test_driver_version">131.0.6778.85 </meta>
<meta name="test_environment">Dev</meta>
<meta name="test_freeze_dependencies">astroid==3.3.5,attrs==24.2.0,beautifulsoup4==4.12.3,bs4==0.0.2,certifi==2024.8.30,cffi==1.17.1,chardet==5.2.0,charset-normalizer==3.4.0,click==8.1.7,colorama==0.4.6,comtypes==1.4.8,cryptography==43.0.3,defusedxml==0.7.1,dill==0.3.9,docutils==0.21.2,et_xmlfile==2.0.0,exceptiongroup==1.2.2,gitdb==4.0.11,GitPython==3.1.43,h11==0.14.0,idna==3.10,isort==5.13.2,Jinja2==3.1.4,jira==3.8.0,jsonpath-ng==1.7.0,jsonschema==4.23.0,jsonschema-specifications==2024.10.1,lazy-object-proxy==1.10.0,lxml==5.3.0,markdown-it-py==3.0.0,MarkupSafe==3.0.2,mccabe==0.7.0,mdurl==0.1.2,natsort==8.4.0,numpy==2.1.3,oauthlib==3.2.2,openpyxl==3.1.5,outcome==1.3.0.post0,packaging==24.2,pandas==2.2.3,pathspec==0.11.2,pillow==11.0.0,pip==24.3.1,platformdirs==4.3.6,ply==3.11,pycparser==2.22,Pygments==2.18.0,pylint==3.3.1,PySocks==1.7.1,python-dateutil==2.9.0.post0,pytz==2024.2,pywin32==308,pywinauto==0.6.8,PyYAML==6.0.2,referencing==0.35.1,requests==2.32.3,requests-oauthlib==2.0.0,requests-toolbelt==1.0.0,rich==13.9.4,rich-click==1.6.1,robotframework==6.0.2,robotframework-datadriver==1.9.0,robotframework-excellib==2.0.1,robotframework-jsonlibrary==0.5,robotframework-pabot==2.16.0,robotframework-pythonlibcore==4.2.0,robotframework-requests==0.9.2,robotframework-sapguilibrary==1.1,robotframework-seleniumlibrary==5.1.3,robotframework-stacktrace==0.4.1,robotframework-tidy==4.5.0,rpds-py==0.21.0,selenium==4.9.1,setuptools==75.6.0,six==1.16.0,smmap==5.0.1,sniffio==1.3.1,sortedcontainers==2.4.0,soupsieve==2.6,tomli==2.0.2,tomlkit==0.13.2,trio==0.27.0,trio-websocket==0.11.1,typing_extensions==4.12.2,tzdata==2024.2,urllib3==2.2.3,wheel==0.45.1,wrapt==1.17.0,wsproto==1.2.0</meta>
<status status="PASS" starttime="20241202 12:37:39.224" endtime="20241202 12:37:45.895"/>
</suite>
<statistics>
<total>
<stat pass="1" fail="0" skip="0">All Tests</stat>
</total>
<tag>
<stat pass="1" fail="0" skip="0">Regression</stat>
<stat pass="1" fail="0" skip="0">VA45</stat>
</tag>
<suite>
<stat pass="1" fail="0" skip="0" id="s1" name="Tests">Tests</stat>
<stat pass="1" fail="0" skip="0" id="s1-s1" name="Test VA45">Tests.Test VA45</stat>
</suite>
</statistics>
<errors>
</errors>
</robot>
