[ WARN ] Failed to fetch value for field: Sym.Dev.DateContent
[ WARN ] Traceback (most recent call last):
  File "C:\EID_Replay\EID_Parry\Execution\Access_Data.py", line 58, in get_data
    field_value = eval(command)
                  ^^^^^^^^^^^^^
  File "<string>", line 1, in <module>
AttributeError: module 'Data.Symphony.Dev' has no attribute 'DateContent'

[ WARN ] Failed to fetch value for field: Sym.Dev.DateContent
[ WARN ] Traceback (most recent call last):
  File "C:\EID_Replay\EID_Parry\Tests\Resource\SAP_Tcode_Library.py", line 1502, in extract_dates
    start_date = json_string["startDate"]
                 ~~~~~~~~~~~^^^^^^^^^^^^^
TypeError: string indices must be integers, not 'str'

During handling of the above exception, another exception occurred:

Traceback (most recent call last):
  File "C:\EID_Replay\EID_Parry\Execution\Access_Data.py", line 58, in get_data
    field_value = eval(command)
                  ^^^^^^^^^^^^^
  File "<string>", line 1, in <module>
AttributeError: module 'Data.Symphony.Dev' has no attribute 'DateContent'

