<?xml version="1.0" encoding="UTF-8"?>
<robot generator="Robot 6.0.2 (Python 3.12.7 on win32)" generated="20250127 19:15:05.408" rpa="false" schemaversion="3">
<suite id="s1" name="Tests" source="C:\EID_Replay\EID_Parry\Tests">
<kw name="Setup highest level suite" type="SETUP">
<kw name="Set Variable" library="BuiltIn">
<var>${d.test_server}</var>
<arg>${test_server}</arg>
<doc>Returns the given values which can then be assigned to a variables.</doc>
<msg timestamp="20250127 19:15:06.558" level="INFO">${d.test_server} = Dev</msg>
<status status="PASS" starttime="20250127 19:15:06.558" endtime="20250127 19:15:06.558"/>
</kw>
<kw name="Reset screenshot count variable" library="Support">
<kw name="Set Variable" library="BuiltIn">
<var>${screenshotCount}</var>
<arg>${PABOTQUEUEINDEX}_1</arg>
<doc>Returns the given values which can then be assigned to a variables.</doc>
<msg timestamp="20250127 19:15:06.558" level="INFO">${screenshotCount} = 0_1</msg>
<status status="PASS" starttime="20250127 19:15:06.558" endtime="20250127 19:15:06.558"/>
</kw>
<kw name="Set Global Variable" library="BuiltIn">
<arg>${screenshotCount}</arg>
<doc>Makes a variable available globally in all tests and suites.</doc>
<msg timestamp="20250127 19:15:06.558" level="INFO">${screenshotCount} = 0_1</msg>
<status status="PASS" starttime="20250127 19:15:06.558" endtime="20250127 19:15:06.558"/>
</kw>
<kw name="Set up screenshot directory" library="Support">
<kw name="Create Directory" library="OperatingSystem">
<arg>${OUTPUTDIR}${/}${wvar('screenshot_dir')}</arg>
<doc>Creates the specified directory.</doc>
<msg timestamp="20250127 19:15:06.558" level="INFO">Web.Dev.screenshot_dir: Screenshot</msg>
<msg timestamp="20250127 19:15:06.558" level="INFO" html="true">Created directory '&lt;a href="file://C:\EID_Replay\EID_Parry\Output\59233d5e-05ee-4e48-883f-e61a5c9c1a77\pabot_results\0\Screenshot"&gt;C:\EID_Replay\EID_Parry\Output\59233d5e-05ee-4e48-883f-e61a5c9c1a77\pabot_results\0\Screenshot&lt;/a&gt;'.</msg>
<status status="PASS" starttime="20250127 19:15:06.558" endtime="20250127 19:15:06.558"/>
</kw>
<status status="PASS" starttime="20250127 19:15:06.558" endtime="20250127 19:15:06.558"/>
</kw>
<status status="PASS" starttime="20250127 19:15:06.558" endtime="20250127 19:15:06.558"/>
</kw>
<kw name="Set Global Variable" library="BuiltIn">
<arg>${screenshot_taking}</arg>
<arg>${True}</arg>
<doc>Makes a variable available globally in all tests and suites.</doc>
<msg timestamp="20250127 19:15:06.573" level="INFO">${screenshot_taking} = True</msg>
<status status="PASS" starttime="20250127 19:15:06.558" endtime="20250127 19:15:06.573"/>
</kw>
<kw name="Setup linux execution" library="Support">
<kw name="Run Keyword And Return Status" library="BuiltIn">
<var>${web_test_check}</var>
<arg>Variable Should Exist</arg>
<arg>${web_test}</arg>
<doc>Runs the given keyword with given arguments and returns the status as a Boolean value.</doc>
<kw name="Variable Should Exist" library="BuiltIn">
<arg>${web_test}</arg>
<doc>Fails unless the given variable exists within the current scope.</doc>
<status status="PASS" starttime="20250127 19:15:06.573" endtime="20250127 19:15:06.573"/>
</kw>
<msg timestamp="20250127 19:15:06.573" level="INFO">${web_test_check} = True</msg>
<status status="PASS" starttime="20250127 19:15:06.573" endtime="20250127 19:15:06.573"/>
</kw>
<kw name="Run Keyword If" library="BuiltIn">
<arg>${web_test_check}</arg>
<arg>Setup Docker Execution Options</arg>
<doc>Runs the given keyword with the given arguments, if ``condition`` is true.</doc>
<kw name="Setup Docker Execution Options" library="Support_Web">
<kw name="Setup Suite Metadata" library="Support_Web">
<arg>${browser}</arg>
<kw name="Get Browser Metadata" library="BrowserSupport">
<var>&amp;{browser_information}</var>
<arg>browser=${browser}</arg>
<doc>Fetches browser metadata information
:param browser: Name of the browser for which information is fetched
:param reload: Re-read the metadata based on the browser
:return: Browser metadata information, dict of format
            {"browser_version": browser version value,
             "driver_version": driver version value}</doc>
<msg timestamp="20250127 19:15:12.123" level="INFO">&amp;{browser_information} = { browser_version=131.0.6778.109 | driver_version=131.0.6778.85  }</msg>
<status status="PASS" starttime="20250127 19:15:06.573" endtime="20250127 19:15:12.123"/>
</kw>
<kw name="Set Suite Metadata" library="BuiltIn">
<arg>test_browser_name</arg>
<arg>${browser}</arg>
<doc>Sets metadata for the current test suite.</doc>
<msg timestamp="20250127 19:15:12.123" level="INFO">Set suite metadata 'test_browser_name' to value 'chrome'.</msg>
<status status="PASS" starttime="20250127 19:15:12.123" endtime="20250127 19:15:12.123"/>
</kw>
<kw name="Set Suite Metadata" library="BuiltIn">
<arg>test_browser_version</arg>
<arg>${browser_information.browser_version}</arg>
<doc>Sets metadata for the current test suite.</doc>
<msg timestamp="20250127 19:15:12.123" level="INFO">Set suite metadata 'test_browser_version' to value '131.0.6778.109'.</msg>
<status status="PASS" starttime="20250127 19:15:12.123" endtime="20250127 19:15:12.123"/>
</kw>
<kw name="Set Suite Metadata" library="BuiltIn">
<arg>test_driver_version</arg>
<arg>${browser_information.driver_version}</arg>
<doc>Sets metadata for the current test suite.</doc>
<msg timestamp="20250127 19:15:12.123" level="INFO">Set suite metadata 'test_driver_version' to value '131.0.6778.85 '.</msg>
<status status="PASS" starttime="20250127 19:15:12.123" endtime="20250127 19:15:12.123"/>
</kw>
<status status="PASS" starttime="20250127 19:15:06.573" endtime="20250127 19:15:12.123"/>
</kw>
<kw name="Setup Global Docker Execution Options" library="Support_Web">
<kw name="Set Global Variable" library="BuiltIn">
<arg>${global_browser_options}</arg>
<arg>None</arg>
<doc>Makes a variable available globally in all tests and suites.</doc>
<msg timestamp="20250127 19:15:12.123" level="INFO">${global_browser_options} = None</msg>
<status status="PASS" starttime="20250127 19:15:12.123" endtime="20250127 19:15:12.123"/>
</kw>
<kw name="Get Environment Variable" library="OperatingSystem">
<var>${docker_check}</var>
<arg>EXECUTION_ENVIRONMENT</arg>
<arg>not_found</arg>
<doc>Returns the value of an environment variable with the given name.</doc>
<msg timestamp="20250127 19:15:12.123" level="INFO">${docker_check} = not_found</msg>
<status status="PASS" starttime="20250127 19:15:12.123" endtime="20250127 19:15:12.123"/>
</kw>
<kw name="Run Keyword And Return If" library="BuiltIn">
<arg>"${docker_check}"!="docker"</arg>
<arg>Log</arg>
<arg>Not executing on Docker</arg>
<doc>Runs the specified keyword and returns from the enclosing user keyword.</doc>
<kw name="Log" library="BuiltIn">
<arg>Not executing on Docker</arg>
<doc>Logs the given message with the given level.</doc>
<msg timestamp="20250127 19:15:12.123" level="INFO">Not executing on Docker</msg>
<status status="PASS" starttime="20250127 19:15:12.123" endtime="20250127 19:15:12.123"/>
</kw>
<msg timestamp="20250127 19:15:12.123" level="INFO">Returning from the enclosing user keyword.</msg>
<status status="PASS" starttime="20250127 19:15:12.123" endtime="20250127 19:15:12.123"/>
</kw>
<kw name="Create List" library="BuiltIn">
<var>@{options}</var>
<arg>--headless</arg>
<arg>--no-sandbox</arg>
<arg>--disable-dev-shm-usage</arg>
<doc>Returns a list containing given items.</doc>
<status status="NOT RUN" starttime="20250127 19:15:12.123" endtime="20250127 19:15:12.123"/>
</kw>
<kw name="Set Global Variable" library="BuiltIn">
<arg>@{docker_options}</arg>
<arg>@{options}</arg>
<doc>Makes a variable available globally in all tests and suites.</doc>
<status status="NOT RUN" starttime="20250127 19:15:12.123" endtime="20250127 19:15:12.123"/>
</kw>
<status status="PASS" starttime="20250127 19:15:12.123" endtime="20250127 19:15:12.123"/>
</kw>
<kw name="Create Webdriver for chrome preferences" library="Support_Web">
<kw name="Update Docker Execution Options" library="Support_Web">
<var>${list_prefs}</var>
<arg>${list_prefs}</arg>
<kw name="Run Keyword And Return Status" library="BuiltIn">
<var>${docker_check}</var>
<arg>Variable Should Exist</arg>
<arg>${docker_options}</arg>
<doc>Runs the given keyword with given arguments and returns the status as a Boolean value.</doc>
<kw name="Variable Should Exist" library="BuiltIn">
<arg>${docker_options}</arg>
<doc>Fails unless the given variable exists within the current scope.</doc>
<msg timestamp="20250127 19:15:12.123" level="FAIL">Variable '${docker_options}' does not exist.</msg>
<status status="FAIL" starttime="20250127 19:15:12.123" endtime="20250127 19:15:12.123"/>
</kw>
<msg timestamp="20250127 19:15:12.123" level="INFO">${docker_check} = False</msg>
<status status="PASS" starttime="20250127 19:15:12.123" endtime="20250127 19:15:12.123"/>
</kw>
<kw name="Get Length" library="BuiltIn">
<var>${list_prefs_length}</var>
<arg>${list_prefs}</arg>
<doc>Returns and logs the length of the given item as an integer.</doc>
<msg timestamp="20250127 19:15:12.123" level="INFO">Length is 1</msg>
<msg timestamp="20250127 19:15:12.123" level="INFO">${list_prefs_length} = 1</msg>
<status status="PASS" starttime="20250127 19:15:12.123" endtime="20250127 19:15:12.123"/>
</kw>
<kw name="Run Keyword If" library="BuiltIn">
<var>${list_prefs}</var>
<arg>${docker_check} and ${list_prefs_length}&gt;0 and ${list_prefs}[0] != []</arg>
<arg>Combine Lists</arg>
<arg>${list_prefs}</arg>
<arg>${docker_options}</arg>
<arg>ELSE IF</arg>
<arg>${docker_check}</arg>
<arg>Set Variable</arg>
<arg>${docker_options}</arg>
<arg>ELSE</arg>
<arg>Set Variable</arg>
<arg>${list_prefs}</arg>
<doc>Runs the given keyword with the given arguments, if ``condition`` is true.</doc>
<kw name="Set Variable" library="BuiltIn">
<arg>${list_prefs}</arg>
<doc>Returns the given values which can then be assigned to a variables.</doc>
<status status="PASS" starttime="20250127 19:15:12.123" endtime="20250127 19:15:12.123"/>
</kw>
<msg timestamp="20250127 19:15:12.123" level="INFO">${list_prefs} = [[]]</msg>
<status status="PASS" starttime="20250127 19:15:12.123" endtime="20250127 19:15:12.123"/>
</kw>
<msg timestamp="20250127 19:15:12.123" level="INFO">${list_prefs} = [[]]</msg>
<status status="PASS" starttime="20250127 19:15:12.123" endtime="20250127 19:15:12.123"/>
</kw>
<kw name="Create Chrome Options for download preferences" library="Support_Web">
<var>${chrome_options}</var>
<kw name="Evaluate" library="BuiltIn">
<var>${chrome_options}</var>
<arg>sys.modules['selenium.webdriver'].ChromeOptions()</arg>
<arg>sys</arg>
<doc>Evaluates the given expression in Python and returns the result.</doc>
<msg timestamp="20250127 19:15:12.123" level="INFO">${chrome_options} = &lt;selenium.webdriver.chrome.options.Options object at 0x0000019F727C07A0&gt;</msg>
<status status="PASS" starttime="20250127 19:15:12.123" endtime="20250127 19:15:12.123"/>
</kw>
<msg timestamp="20250127 19:15:12.123" level="INFO">${chrome_options} = &lt;selenium.webdriver.chrome.options.Options object at 0x0000019F727C07A0&gt;</msg>
<status status="PASS" starttime="20250127 19:15:12.123" endtime="20250127 19:15:12.123"/>
</kw>
<kw name="Update Preferences List" library="Support_Web">
<arg>${chrome_options}</arg>
<arg>@{list_prefs}</arg>
<kw name="Convert To String" library="BuiltIn">
<var>${string_prefs}</var>
<arg>${list_prefs}</arg>
<doc>Converts the given item to a Unicode string.</doc>
<msg timestamp="20250127 19:15:12.123" level="INFO">${string_prefs} = [[]]</msg>
<status status="PASS" starttime="20250127 19:15:12.123" endtime="20250127 19:15:12.123"/>
</kw>
<kw name="Return From Keyword If" library="BuiltIn">
<arg>${string_prefs} == [[]]</arg>
<doc>Returns from the enclosing user keyword if ``condition`` is true.</doc>
<msg timestamp="20250127 19:15:12.123" level="INFO">Returning from the enclosing user keyword.</msg>
<status status="PASS" starttime="20250127 19:15:12.123" endtime="20250127 19:15:12.123"/>
</kw>
<for flavor="IN">
<var>${preference}</var>
<value>@{list_prefs}</value>
<iter>
<var name="${preference}"/>
<kw name="Call Method" library="BuiltIn">
<arg>${chrome_options}</arg>
<arg>add_argument</arg>
<arg>${preference}</arg>
<doc>Calls the named method of the given object with the provided arguments.</doc>
<status status="NOT RUN" starttime="20250127 19:15:12.123" endtime="20250127 19:15:12.123"/>
</kw>
<status status="NOT RUN" starttime="20250127 19:15:12.123" endtime="20250127 19:15:12.123"/>
</iter>
<status status="NOT RUN" starttime="20250127 19:15:12.123" endtime="20250127 19:15:12.123"/>
</for>
<status status="PASS" starttime="20250127 19:15:12.123" endtime="20250127 19:15:12.123"/>
</kw>
<kw name="Call Method" library="BuiltIn">
<arg>${chrome_options}</arg>
<arg>add_experimental_option</arg>
<arg>prefs</arg>
<arg>${kw_prefs}</arg>
<doc>Calls the named method of the given object with the provided arguments.</doc>
<status status="PASS" starttime="20250127 19:15:12.123" endtime="20250127 19:15:12.123"/>
</kw>
<kw name="Set Global Variable" library="BuiltIn">
<arg>${global_browser_options}</arg>
<arg>${chrome options}</arg>
<doc>Makes a variable available globally in all tests and suites.</doc>
<msg timestamp="20250127 19:15:12.123" level="INFO">${global_browser_options} = &lt;selenium.webdriver.chrome.options.Options object at 0x0000019F727C07A0&gt;</msg>
<status status="PASS" starttime="20250127 19:15:12.123" endtime="20250127 19:15:12.123"/>
</kw>
<status status="PASS" starttime="20250127 19:15:12.123" endtime="20250127 19:15:12.123"/>
</kw>
<status status="PASS" starttime="20250127 19:15:06.573" endtime="20250127 19:15:12.123"/>
</kw>
<status status="PASS" starttime="20250127 19:15:06.573" endtime="20250127 19:15:12.123"/>
</kw>
<status status="PASS" starttime="20250127 19:15:06.573" endtime="20250127 19:15:12.123"/>
</kw>
<kw name="Set Suite Metadata" library="BuiltIn">
<arg>environment</arg>
<arg>${test_server}</arg>
<doc>Sets metadata for the current test suite.</doc>
<msg timestamp="20250127 19:15:12.139" level="INFO">Set suite metadata 'environment' to value 'Dev'.</msg>
<status status="PASS" starttime="20250127 19:15:12.139" endtime="20250127 19:15:12.139"/>
</kw>
<status status="PASS" starttime="20250127 19:15:06.558" endtime="20250127 19:15:12.139"/>
</kw>
<suite id="s1-s1" name="Test custom excel" source="C:\EID_Replay\EID_Parry\Tests\Test_custom_excel.robot">
<test id="s1-s1-t1" name="Display Excel for output" line="6">
<kw name="delete the existing excel details" library="custom_excel">
<kw name="Count Excel Rows" library="SAP_Tcode_Library">
<var>${excel_row}</var>
<arg>${target_file_name}</arg>
<arg>${target_sheet_name}</arg>
<msg timestamp="20250127 19:15:12.941" level="INFO">5</msg>
<msg timestamp="20250127 19:15:12.941" level="INFO">${excel_row} = 5</msg>
<status status="PASS" starttime="20250127 19:15:12.941" endtime="20250127 19:15:12.941"/>
</kw>
<kw name="Evaluate" library="BuiltIn">
<var>${excel_rows}</var>
<arg>${excel_row} + 1</arg>
<doc>Evaluates the given expression in Python and returns the result.</doc>
<msg timestamp="20250127 19:15:12.941" level="INFO">${excel_rows} = 6</msg>
<status status="PASS" starttime="20250127 19:15:12.941" endtime="20250127 19:15:12.941"/>
</kw>
<for flavor="IN RANGE">
<var>${k}</var>
<value>2</value>
<value>${excel_rows}</value>
<iter>
<var name="${k}">2</var>
<kw name="Delete Excel Row" library="SAP_Tcode_Library">
<arg>${target_file_name}</arg>
<arg>${target_sheet_name}</arg>
<arg>${k}</arg>
<msg timestamp="20250127 19:15:12.979" level="INFO">Row 2 has been deleted in sheet 'Sheet1'.</msg>
<status status="PASS" starttime="20250127 19:15:12.941" endtime="20250127 19:15:12.979"/>
</kw>
<status status="PASS" starttime="20250127 19:15:12.941" endtime="20250127 19:15:12.979"/>
</iter>
<iter>
<var name="${k}">3</var>
<kw name="Delete Excel Row" library="SAP_Tcode_Library">
<arg>${target_file_name}</arg>
<arg>${target_sheet_name}</arg>
<arg>${k}</arg>
<msg timestamp="20250127 19:15:13.010" level="INFO">Row 3 has been deleted in sheet 'Sheet1'.</msg>
<status status="PASS" starttime="20250127 19:15:12.979" endtime="20250127 19:15:13.010"/>
</kw>
<status status="PASS" starttime="20250127 19:15:12.979" endtime="20250127 19:15:13.010"/>
</iter>
<iter>
<var name="${k}">4</var>
<kw name="Delete Excel Row" library="SAP_Tcode_Library">
<arg>${target_file_name}</arg>
<arg>${target_sheet_name}</arg>
<arg>${k}</arg>
<msg timestamp="20250127 19:15:13.041" level="INFO">Row 4 has been deleted in sheet 'Sheet1'.</msg>
<status status="PASS" starttime="20250127 19:15:13.010" endtime="20250127 19:15:13.041"/>
</kw>
<status status="PASS" starttime="20250127 19:15:13.010" endtime="20250127 19:15:13.041"/>
</iter>
<iter>
<var name="${k}">5</var>
<kw name="Delete Excel Row" library="SAP_Tcode_Library">
<arg>${target_file_name}</arg>
<arg>${target_sheet_name}</arg>
<arg>${k}</arg>
<msg timestamp="20250127 19:15:13.057" level="INFO">Row 5 has been deleted in sheet 'Sheet1'.</msg>
<status status="PASS" starttime="20250127 19:15:13.041" endtime="20250127 19:15:13.057"/>
</kw>
<status status="PASS" starttime="20250127 19:15:13.041" endtime="20250127 19:15:13.057"/>
</iter>
<status status="PASS" starttime="20250127 19:15:12.941" endtime="20250127 19:15:13.057"/>
</for>
<status status="PASS" starttime="20250127 19:15:12.941" endtime="20250127 19:15:13.057"/>
</kw>
<kw name="customize excel for output" library="custom_excel">
<kw name="Count Excel Columns" library="SAP_Tcode_Library">
<var>${column_count}</var>
<arg>${file_name}</arg>
<arg>${sheet_name}</arg>
<msg timestamp="20250127 19:15:13.080" level="INFO">11</msg>
<msg timestamp="20250127 19:15:13.080" level="INFO">${column_count} = 11</msg>
<status status="PASS" starttime="20250127 19:15:13.057" endtime="20250127 19:15:13.080"/>
</kw>
<kw name="Evaluate" library="BuiltIn">
<var>${column}</var>
<arg>${column_count} + 1</arg>
<doc>Evaluates the given expression in Python and returns the result.</doc>
<msg timestamp="20250127 19:15:13.080" level="INFO">${column} = 12</msg>
<status status="PASS" starttime="20250127 19:15:13.080" endtime="20250127 19:15:13.080"/>
</kw>
<for flavor="IN">
<var>${name}</var>
<value>@{column_names}</value>
<iter>
<var name="${name}">Sales document type</var>
<for flavor="IN RANGE">
<var>${l}</var>
<value>1</value>
<value>${column}</value>
<iter>
<var name="${l}">1</var>
<kw name="Read Excel Cell Value" library="SAP_Tcode_Library">
<var>${data}</var>
<arg>${file_name}</arg>
<arg>${sheet_name}</arg>
<arg>1</arg>
<arg>${l}</arg>
<msg timestamp="20250127 19:15:13.127" level="INFO">${data} = Customer Reference (Header)</msg>
<status status="PASS" starttime="20250127 19:15:13.096" endtime="20250127 19:15:13.127"/>
</kw>
<if>
<branch type="IF" condition="'${data}' == '${name}'">
<kw name="Delete Excel Column" library="SAP_Tcode_Library">
<arg>${file_name}</arg>
<arg>${sheet_name}</arg>
<arg>${l}</arg>
<status status="NOT RUN" starttime="20250127 19:15:13.127" endtime="20250127 19:15:13.127"/>
</kw>
<kw name="Log To Console" library="BuiltIn">
<arg>column ${l} deleted</arg>
<doc>Logs the given message to the console.</doc>
<status status="NOT RUN" starttime="20250127 19:15:13.127" endtime="20250127 19:15:13.127"/>
</kw>
<status status="NOT RUN" starttime="20250127 19:15:13.127" endtime="20250127 19:15:13.127"/>
</branch>
<status status="PASS" starttime="20250127 19:15:13.127" endtime="20250127 19:15:13.127"/>
</if>
<status status="PASS" starttime="20250127 19:15:13.080" endtime="20250127 19:15:13.127"/>
</iter>
<iter>
<var name="${l}">2</var>
<kw name="Read Excel Cell Value" library="SAP_Tcode_Library">
<var>${data}</var>
<arg>${file_name}</arg>
<arg>${sheet_name}</arg>
<arg>1</arg>
<arg>${l}</arg>
<msg timestamp="20250127 19:15:13.143" level="INFO">${data} = Document Date</msg>
<status status="PASS" starttime="20250127 19:15:13.127" endtime="20250127 19:15:13.143"/>
</kw>
<if>
<branch type="IF" condition="'${data}' == '${name}'">
<kw name="Delete Excel Column" library="SAP_Tcode_Library">
<arg>${file_name}</arg>
<arg>${sheet_name}</arg>
<arg>${l}</arg>
<status status="NOT RUN" starttime="20250127 19:15:13.143" endtime="20250127 19:15:13.143"/>
</kw>
<kw name="Log To Console" library="BuiltIn">
<arg>column ${l} deleted</arg>
<doc>Logs the given message to the console.</doc>
<status status="NOT RUN" starttime="20250127 19:15:13.143" endtime="20250127 19:15:13.143"/>
</kw>
<status status="NOT RUN" starttime="20250127 19:15:13.143" endtime="20250127 19:15:13.143"/>
</branch>
<status status="PASS" starttime="20250127 19:15:13.143" endtime="20250127 19:15:13.143"/>
</if>
<status status="PASS" starttime="20250127 19:15:13.127" endtime="20250127 19:15:13.143"/>
</iter>
<iter>
<var name="${l}">3</var>
<kw name="Read Excel Cell Value" library="SAP_Tcode_Library">
<var>${data}</var>
<arg>${file_name}</arg>
<arg>${sheet_name}</arg>
<arg>1</arg>
<arg>${l}</arg>
<msg timestamp="20250127 19:15:13.158" level="INFO">${data} = Sales document</msg>
<status status="PASS" starttime="20250127 19:15:13.143" endtime="20250127 19:15:13.158"/>
</kw>
<if>
<branch type="IF" condition="'${data}' == '${name}'">
<kw name="Delete Excel Column" library="SAP_Tcode_Library">
<arg>${file_name}</arg>
<arg>${sheet_name}</arg>
<arg>${l}</arg>
<status status="NOT RUN" starttime="20250127 19:15:13.158" endtime="20250127 19:15:13.158"/>
</kw>
<kw name="Log To Console" library="BuiltIn">
<arg>column ${l} deleted</arg>
<doc>Logs the given message to the console.</doc>
<status status="NOT RUN" starttime="20250127 19:15:13.158" endtime="20250127 19:15:13.158"/>
</kw>
<status status="NOT RUN" starttime="20250127 19:15:13.158" endtime="20250127 19:15:13.158"/>
</branch>
<status status="PASS" starttime="20250127 19:15:13.158" endtime="20250127 19:15:13.158"/>
</if>
<status status="PASS" starttime="20250127 19:15:13.143" endtime="20250127 19:15:13.158"/>
</iter>
<iter>
<var name="${l}">4</var>
<kw name="Read Excel Cell Value" library="SAP_Tcode_Library">
<var>${data}</var>
<arg>${file_name}</arg>
<arg>${sheet_name}</arg>
<arg>1</arg>
<arg>${l}</arg>
<msg timestamp="20250127 19:15:13.180" level="INFO">${data} = Sales document type</msg>
<status status="PASS" starttime="20250127 19:15:13.158" endtime="20250127 19:15:13.180"/>
</kw>
<if>
<branch type="IF" condition="'${data}' == '${name}'">
<kw name="Delete Excel Column" library="SAP_Tcode_Library">
<arg>${file_name}</arg>
<arg>${sheet_name}</arg>
<arg>${l}</arg>
<msg timestamp="20250127 19:15:13.212" level="INFO">Column 4 has been deleted in sheet 'Sheet1'.</msg>
<status status="PASS" starttime="20250127 19:15:13.180" endtime="20250127 19:15:13.212"/>
</kw>
<kw name="Log To Console" library="BuiltIn">
<arg>column ${l} deleted</arg>
<doc>Logs the given message to the console.</doc>
<status status="PASS" starttime="20250127 19:15:13.212" endtime="20250127 19:15:13.212"/>
</kw>
<status status="PASS" starttime="20250127 19:15:13.180" endtime="20250127 19:15:13.212"/>
</branch>
<status status="PASS" starttime="20250127 19:15:13.180" endtime="20250127 19:15:13.212"/>
</if>
<status status="PASS" starttime="20250127 19:15:13.158" endtime="20250127 19:15:13.212"/>
</iter>
<iter>
<var name="${l}">5</var>
<kw name="Read Excel Cell Value" library="SAP_Tcode_Library">
<var>${data}</var>
<arg>${file_name}</arg>
<arg>${sheet_name}</arg>
<arg>1</arg>
<arg>${l}</arg>
<msg timestamp="20250127 19:15:13.227" level="INFO">${data} = Sold-To Party</msg>
<status status="PASS" starttime="20250127 19:15:13.212" endtime="20250127 19:15:13.227"/>
</kw>
<if>
<branch type="IF" condition="'${data}' == '${name}'">
<kw name="Delete Excel Column" library="SAP_Tcode_Library">
<arg>${file_name}</arg>
<arg>${sheet_name}</arg>
<arg>${l}</arg>
<status status="NOT RUN" starttime="20250127 19:15:13.227" endtime="20250127 19:15:13.227"/>
</kw>
<kw name="Log To Console" library="BuiltIn">
<arg>column ${l} deleted</arg>
<doc>Logs the given message to the console.</doc>
<status status="NOT RUN" starttime="20250127 19:15:13.227" endtime="20250127 19:15:13.227"/>
</kw>
<status status="NOT RUN" starttime="20250127 19:15:13.227" endtime="20250127 19:15:13.227"/>
</branch>
<status status="PASS" starttime="20250127 19:15:13.227" endtime="20250127 19:15:13.227"/>
</if>
<status status="PASS" starttime="20250127 19:15:13.212" endtime="20250127 19:15:13.227"/>
</iter>
<iter>
<var name="${l}">6</var>
<kw name="Read Excel Cell Value" library="SAP_Tcode_Library">
<var>${data}</var>
<arg>${file_name}</arg>
<arg>${sheet_name}</arg>
<arg>1</arg>
<arg>${l}</arg>
<msg timestamp="20250127 19:15:13.243" level="INFO">${data} = Net Value (Header)</msg>
<status status="PASS" starttime="20250127 19:15:13.227" endtime="20250127 19:15:13.243"/>
</kw>
<if>
<branch type="IF" condition="'${data}' == '${name}'">
<kw name="Delete Excel Column" library="SAP_Tcode_Library">
<arg>${file_name}</arg>
<arg>${sheet_name}</arg>
<arg>${l}</arg>
<status status="NOT RUN" starttime="20250127 19:15:13.243" endtime="20250127 19:15:13.243"/>
</kw>
<kw name="Log To Console" library="BuiltIn">
<arg>column ${l} deleted</arg>
<doc>Logs the given message to the console.</doc>
<status status="NOT RUN" starttime="20250127 19:15:13.243" endtime="20250127 19:15:13.243"/>
</kw>
<status status="NOT RUN" starttime="20250127 19:15:13.243" endtime="20250127 19:15:13.243"/>
</branch>
<status status="PASS" starttime="20250127 19:15:13.243" endtime="20250127 19:15:13.243"/>
</if>
<status status="PASS" starttime="20250127 19:15:13.227" endtime="20250127 19:15:13.243"/>
</iter>
<iter>
<var name="${l}">7</var>
<kw name="Read Excel Cell Value" library="SAP_Tcode_Library">
<var>${data}</var>
<arg>${file_name}</arg>
<arg>${sheet_name}</arg>
<arg>1</arg>
<arg>${l}</arg>
<msg timestamp="20250127 19:15:13.259" level="INFO">${data} = Document Currency</msg>
<status status="PASS" starttime="20250127 19:15:13.243" endtime="20250127 19:15:13.259"/>
</kw>
<if>
<branch type="IF" condition="'${data}' == '${name}'">
<kw name="Delete Excel Column" library="SAP_Tcode_Library">
<arg>${file_name}</arg>
<arg>${sheet_name}</arg>
<arg>${l}</arg>
<status status="NOT RUN" starttime="20250127 19:15:13.259" endtime="20250127 19:15:13.259"/>
</kw>
<kw name="Log To Console" library="BuiltIn">
<arg>column ${l} deleted</arg>
<doc>Logs the given message to the console.</doc>
<status status="NOT RUN" starttime="20250127 19:15:13.259" endtime="20250127 19:15:13.259"/>
</kw>
<status status="NOT RUN" starttime="20250127 19:15:13.259" endtime="20250127 19:15:13.259"/>
</branch>
<status status="PASS" starttime="20250127 19:15:13.259" endtime="20250127 19:15:13.259"/>
</if>
<status status="PASS" starttime="20250127 19:15:13.243" endtime="20250127 19:15:13.259"/>
</iter>
<iter>
<var name="${l}">8</var>
<kw name="Read Excel Cell Value" library="SAP_Tcode_Library">
<var>${data}</var>
<arg>${file_name}</arg>
<arg>${sheet_name}</arg>
<arg>1</arg>
<arg>${l}</arg>
<msg timestamp="20250127 19:15:13.259" level="INFO">${data} = Created by</msg>
<status status="PASS" starttime="20250127 19:15:13.259" endtime="20250127 19:15:13.259"/>
</kw>
<if>
<branch type="IF" condition="'${data}' == '${name}'">
<kw name="Delete Excel Column" library="SAP_Tcode_Library">
<arg>${file_name}</arg>
<arg>${sheet_name}</arg>
<arg>${l}</arg>
<status status="NOT RUN" starttime="20250127 19:15:13.259" endtime="20250127 19:15:13.259"/>
</kw>
<kw name="Log To Console" library="BuiltIn">
<arg>column ${l} deleted</arg>
<doc>Logs the given message to the console.</doc>
<status status="NOT RUN" starttime="20250127 19:15:13.259" endtime="20250127 19:15:13.259"/>
</kw>
<status status="NOT RUN" starttime="20250127 19:15:13.259" endtime="20250127 19:15:13.259"/>
</branch>
<status status="PASS" starttime="20250127 19:15:13.259" endtime="20250127 19:15:13.259"/>
</if>
<status status="PASS" starttime="20250127 19:15:13.259" endtime="20250127 19:15:13.259"/>
</iter>
<iter>
<var name="${l}">9</var>
<kw name="Read Excel Cell Value" library="SAP_Tcode_Library">
<var>${data}</var>
<arg>${file_name}</arg>
<arg>${sheet_name}</arg>
<arg>1</arg>
<arg>${l}</arg>
<msg timestamp="20250127 19:15:13.281" level="INFO">${data} = Sold-To Party Name</msg>
<status status="PASS" starttime="20250127 19:15:13.259" endtime="20250127 19:15:13.281"/>
</kw>
<if>
<branch type="IF" condition="'${data}' == '${name}'">
<kw name="Delete Excel Column" library="SAP_Tcode_Library">
<arg>${file_name}</arg>
<arg>${sheet_name}</arg>
<arg>${l}</arg>
<status status="NOT RUN" starttime="20250127 19:15:13.281" endtime="20250127 19:15:13.281"/>
</kw>
<kw name="Log To Console" library="BuiltIn">
<arg>column ${l} deleted</arg>
<doc>Logs the given message to the console.</doc>
<status status="NOT RUN" starttime="20250127 19:15:13.281" endtime="20250127 19:15:13.281"/>
</kw>
<status status="NOT RUN" starttime="20250127 19:15:13.281" endtime="20250127 19:15:13.281"/>
</branch>
<status status="PASS" starttime="20250127 19:15:13.281" endtime="20250127 19:15:13.281"/>
</if>
<status status="PASS" starttime="20250127 19:15:13.259" endtime="20250127 19:15:13.281"/>
</iter>
<iter>
<var name="${l}">10</var>
<kw name="Read Excel Cell Value" library="SAP_Tcode_Library">
<var>${data}</var>
<arg>${file_name}</arg>
<arg>${sheet_name}</arg>
<arg>1</arg>
<arg>${l}</arg>
<msg timestamp="20250127 19:15:13.296" level="INFO">${data} = Billing Block Description</msg>
<status status="PASS" starttime="20250127 19:15:13.281" endtime="20250127 19:15:13.296"/>
</kw>
<if>
<branch type="IF" condition="'${data}' == '${name}'">
<kw name="Delete Excel Column" library="SAP_Tcode_Library">
<arg>${file_name}</arg>
<arg>${sheet_name}</arg>
<arg>${l}</arg>
<status status="NOT RUN" starttime="20250127 19:15:13.296" endtime="20250127 19:15:13.296"/>
</kw>
<kw name="Log To Console" library="BuiltIn">
<arg>column ${l} deleted</arg>
<doc>Logs the given message to the console.</doc>
<status status="NOT RUN" starttime="20250127 19:15:13.296" endtime="20250127 19:15:13.296"/>
</kw>
<status status="NOT RUN" starttime="20250127 19:15:13.296" endtime="20250127 19:15:13.296"/>
</branch>
<status status="PASS" starttime="20250127 19:15:13.296" endtime="20250127 19:15:13.296"/>
</if>
<status status="PASS" starttime="20250127 19:15:13.281" endtime="20250127 19:15:13.296"/>
</iter>
<iter>
<var name="${l}">11</var>
<kw name="Read Excel Cell Value" library="SAP_Tcode_Library">
<var>${data}</var>
<arg>${file_name}</arg>
<arg>${sheet_name}</arg>
<arg>1</arg>
<arg>${l}</arg>
<msg timestamp="20250127 19:15:13.296" level="INFO">${data} = None</msg>
<status status="PASS" starttime="20250127 19:15:13.296" endtime="20250127 19:15:13.296"/>
</kw>
<if>
<branch type="IF" condition="'${data}' == '${name}'">
<kw name="Delete Excel Column" library="SAP_Tcode_Library">
<arg>${file_name}</arg>
<arg>${sheet_name}</arg>
<arg>${l}</arg>
<status status="NOT RUN" starttime="20250127 19:15:13.296" endtime="20250127 19:15:13.296"/>
</kw>
<kw name="Log To Console" library="BuiltIn">
<arg>column ${l} deleted</arg>
<doc>Logs the given message to the console.</doc>
<status status="NOT RUN" starttime="20250127 19:15:13.296" endtime="20250127 19:15:13.312"/>
</kw>
<status status="NOT RUN" starttime="20250127 19:15:13.296" endtime="20250127 19:15:13.312"/>
</branch>
<status status="PASS" starttime="20250127 19:15:13.296" endtime="20250127 19:15:13.312"/>
</if>
<status status="PASS" starttime="20250127 19:15:13.296" endtime="20250127 19:15:13.312"/>
</iter>
<status status="PASS" starttime="20250127 19:15:13.080" endtime="20250127 19:15:13.312"/>
</for>
<status status="PASS" starttime="20250127 19:15:13.080" endtime="20250127 19:15:13.312"/>
</iter>
<iter>
<var name="${name}">Valid-To Date</var>
<for flavor="IN RANGE">
<var>${l}</var>
<value>1</value>
<value>${column}</value>
<iter>
<var name="${l}">1</var>
<kw name="Read Excel Cell Value" library="SAP_Tcode_Library">
<var>${data}</var>
<arg>${file_name}</arg>
<arg>${sheet_name}</arg>
<arg>1</arg>
<arg>${l}</arg>
<msg timestamp="20250127 19:15:13.312" level="INFO">${data} = Customer Reference (Header)</msg>
<status status="PASS" starttime="20250127 19:15:13.312" endtime="20250127 19:15:13.312"/>
</kw>
<if>
<branch type="IF" condition="'${data}' == '${name}'">
<kw name="Delete Excel Column" library="SAP_Tcode_Library">
<arg>${file_name}</arg>
<arg>${sheet_name}</arg>
<arg>${l}</arg>
<status status="NOT RUN" starttime="20250127 19:15:13.312" endtime="20250127 19:15:13.312"/>
</kw>
<kw name="Log To Console" library="BuiltIn">
<arg>column ${l} deleted</arg>
<doc>Logs the given message to the console.</doc>
<status status="NOT RUN" starttime="20250127 19:15:13.312" endtime="20250127 19:15:13.312"/>
</kw>
<status status="NOT RUN" starttime="20250127 19:15:13.312" endtime="20250127 19:15:13.312"/>
</branch>
<status status="PASS" starttime="20250127 19:15:13.312" endtime="20250127 19:15:13.312"/>
</if>
<status status="PASS" starttime="20250127 19:15:13.312" endtime="20250127 19:15:13.312"/>
</iter>
<iter>
<var name="${l}">2</var>
<kw name="Read Excel Cell Value" library="SAP_Tcode_Library">
<var>${data}</var>
<arg>${file_name}</arg>
<arg>${sheet_name}</arg>
<arg>1</arg>
<arg>${l}</arg>
<msg timestamp="20250127 19:15:13.328" level="INFO">${data} = Document Date</msg>
<status status="PASS" starttime="20250127 19:15:13.312" endtime="20250127 19:15:13.328"/>
</kw>
<if>
<branch type="IF" condition="'${data}' == '${name}'">
<kw name="Delete Excel Column" library="SAP_Tcode_Library">
<arg>${file_name}</arg>
<arg>${sheet_name}</arg>
<arg>${l}</arg>
<status status="NOT RUN" starttime="20250127 19:15:13.328" endtime="20250127 19:15:13.328"/>
</kw>
<kw name="Log To Console" library="BuiltIn">
<arg>column ${l} deleted</arg>
<doc>Logs the given message to the console.</doc>
<status status="NOT RUN" starttime="20250127 19:15:13.328" endtime="20250127 19:15:13.328"/>
</kw>
<status status="NOT RUN" starttime="20250127 19:15:13.328" endtime="20250127 19:15:13.328"/>
</branch>
<status status="PASS" starttime="20250127 19:15:13.328" endtime="20250127 19:15:13.328"/>
</if>
<status status="PASS" starttime="20250127 19:15:13.312" endtime="20250127 19:15:13.328"/>
</iter>
<iter>
<var name="${l}">3</var>
<kw name="Read Excel Cell Value" library="SAP_Tcode_Library">
<var>${data}</var>
<arg>${file_name}</arg>
<arg>${sheet_name}</arg>
<arg>1</arg>
<arg>${l}</arg>
<msg timestamp="20250127 19:15:13.343" level="INFO">${data} = Sales document</msg>
<status status="PASS" starttime="20250127 19:15:13.328" endtime="20250127 19:15:13.343"/>
</kw>
<if>
<branch type="IF" condition="'${data}' == '${name}'">
<kw name="Delete Excel Column" library="SAP_Tcode_Library">
<arg>${file_name}</arg>
<arg>${sheet_name}</arg>
<arg>${l}</arg>
<status status="NOT RUN" starttime="20250127 19:15:13.343" endtime="20250127 19:15:13.343"/>
</kw>
<kw name="Log To Console" library="BuiltIn">
<arg>column ${l} deleted</arg>
<doc>Logs the given message to the console.</doc>
<status status="NOT RUN" starttime="20250127 19:15:13.343" endtime="20250127 19:15:13.343"/>
</kw>
<status status="NOT RUN" starttime="20250127 19:15:13.343" endtime="20250127 19:15:13.343"/>
</branch>
<status status="PASS" starttime="20250127 19:15:13.343" endtime="20250127 19:15:13.343"/>
</if>
<status status="PASS" starttime="20250127 19:15:13.328" endtime="20250127 19:15:13.343"/>
</iter>
<iter>
<var name="${l}">4</var>
<kw name="Read Excel Cell Value" library="SAP_Tcode_Library">
<var>${data}</var>
<arg>${file_name}</arg>
<arg>${sheet_name}</arg>
<arg>1</arg>
<arg>${l}</arg>
<msg timestamp="20250127 19:15:13.359" level="INFO">${data} = Valid-To Date</msg>
<status status="PASS" starttime="20250127 19:15:13.343" endtime="20250127 19:15:13.359"/>
</kw>
<if>
<branch type="IF" condition="'${data}' == '${name}'">
<kw name="Delete Excel Column" library="SAP_Tcode_Library">
<arg>${file_name}</arg>
<arg>${sheet_name}</arg>
<arg>${l}</arg>
<msg timestamp="20250127 19:15:13.381" level="INFO">Column 4 has been deleted in sheet 'Sheet1'.</msg>
<status status="PASS" starttime="20250127 19:15:13.359" endtime="20250127 19:15:13.381"/>
</kw>
<kw name="Log To Console" library="BuiltIn">
<arg>column ${l} deleted</arg>
<doc>Logs the given message to the console.</doc>
<status status="PASS" starttime="20250127 19:15:13.381" endtime="20250127 19:15:13.381"/>
</kw>
<status status="PASS" starttime="20250127 19:15:13.359" endtime="20250127 19:15:13.381"/>
</branch>
<status status="PASS" starttime="20250127 19:15:13.359" endtime="20250127 19:15:13.381"/>
</if>
<status status="PASS" starttime="20250127 19:15:13.343" endtime="20250127 19:15:13.381"/>
</iter>
<iter>
<var name="${l}">5</var>
<kw name="Read Excel Cell Value" library="SAP_Tcode_Library">
<var>${data}</var>
<arg>${file_name}</arg>
<arg>${sheet_name}</arg>
<arg>1</arg>
<arg>${l}</arg>
<msg timestamp="20250127 19:15:13.397" level="INFO">${data} = Net Value (Header)</msg>
<status status="PASS" starttime="20250127 19:15:13.381" endtime="20250127 19:15:13.397"/>
</kw>
<if>
<branch type="IF" condition="'${data}' == '${name}'">
<kw name="Delete Excel Column" library="SAP_Tcode_Library">
<arg>${file_name}</arg>
<arg>${sheet_name}</arg>
<arg>${l}</arg>
<status status="NOT RUN" starttime="20250127 19:15:13.397" endtime="20250127 19:15:13.397"/>
</kw>
<kw name="Log To Console" library="BuiltIn">
<arg>column ${l} deleted</arg>
<doc>Logs the given message to the console.</doc>
<status status="NOT RUN" starttime="20250127 19:15:13.397" endtime="20250127 19:15:13.397"/>
</kw>
<status status="NOT RUN" starttime="20250127 19:15:13.397" endtime="20250127 19:15:13.397"/>
</branch>
<status status="PASS" starttime="20250127 19:15:13.397" endtime="20250127 19:15:13.397"/>
</if>
<status status="PASS" starttime="20250127 19:15:13.381" endtime="20250127 19:15:13.397"/>
</iter>
<iter>
<var name="${l}">6</var>
<kw name="Read Excel Cell Value" library="SAP_Tcode_Library">
<var>${data}</var>
<arg>${file_name}</arg>
<arg>${sheet_name}</arg>
<arg>1</arg>
<arg>${l}</arg>
<msg timestamp="20250127 19:15:13.412" level="INFO">${data} = Document Currency</msg>
<status status="PASS" starttime="20250127 19:15:13.397" endtime="20250127 19:15:13.412"/>
</kw>
<if>
<branch type="IF" condition="'${data}' == '${name}'">
<kw name="Delete Excel Column" library="SAP_Tcode_Library">
<arg>${file_name}</arg>
<arg>${sheet_name}</arg>
<arg>${l}</arg>
<status status="NOT RUN" starttime="20250127 19:15:13.412" endtime="20250127 19:15:13.412"/>
</kw>
<kw name="Log To Console" library="BuiltIn">
<arg>column ${l} deleted</arg>
<doc>Logs the given message to the console.</doc>
<status status="NOT RUN" starttime="20250127 19:15:13.412" endtime="20250127 19:15:13.412"/>
</kw>
<status status="NOT RUN" starttime="20250127 19:15:13.412" endtime="20250127 19:15:13.412"/>
</branch>
<status status="PASS" starttime="20250127 19:15:13.412" endtime="20250127 19:15:13.412"/>
</if>
<status status="PASS" starttime="20250127 19:15:13.397" endtime="20250127 19:15:13.412"/>
</iter>
<iter>
<var name="${l}">7</var>
<kw name="Read Excel Cell Value" library="SAP_Tcode_Library">
<var>${data}</var>
<arg>${file_name}</arg>
<arg>${sheet_name}</arg>
<arg>1</arg>
<arg>${l}</arg>
<msg timestamp="20250127 19:15:13.428" level="INFO">${data} = Created by</msg>
<status status="PASS" starttime="20250127 19:15:13.412" endtime="20250127 19:15:13.428"/>
</kw>
<if>
<branch type="IF" condition="'${data}' == '${name}'">
<kw name="Delete Excel Column" library="SAP_Tcode_Library">
<arg>${file_name}</arg>
<arg>${sheet_name}</arg>
<arg>${l}</arg>
<status status="NOT RUN" starttime="20250127 19:15:13.428" endtime="20250127 19:15:13.428"/>
</kw>
<kw name="Log To Console" library="BuiltIn">
<arg>column ${l} deleted</arg>
<doc>Logs the given message to the console.</doc>
<status status="NOT RUN" starttime="20250127 19:15:13.428" endtime="20250127 19:15:13.428"/>
</kw>
<status status="NOT RUN" starttime="20250127 19:15:13.428" endtime="20250127 19:15:13.428"/>
</branch>
<status status="PASS" starttime="20250127 19:15:13.428" endtime="20250127 19:15:13.428"/>
</if>
<status status="PASS" starttime="20250127 19:15:13.412" endtime="20250127 19:15:13.428"/>
</iter>
<iter>
<var name="${l}">8</var>
<kw name="Read Excel Cell Value" library="SAP_Tcode_Library">
<var>${data}</var>
<arg>${file_name}</arg>
<arg>${sheet_name}</arg>
<arg>1</arg>
<arg>${l}</arg>
<msg timestamp="20250127 19:15:13.443" level="INFO">${data} = Sold-To Party Name</msg>
<status status="PASS" starttime="20250127 19:15:13.428" endtime="20250127 19:15:13.443"/>
</kw>
<if>
<branch type="IF" condition="'${data}' == '${name}'">
<kw name="Delete Excel Column" library="SAP_Tcode_Library">
<arg>${file_name}</arg>
<arg>${sheet_name}</arg>
<arg>${l}</arg>
<status status="NOT RUN" starttime="20250127 19:15:13.443" endtime="20250127 19:15:13.443"/>
</kw>
<kw name="Log To Console" library="BuiltIn">
<arg>column ${l} deleted</arg>
<doc>Logs the given message to the console.</doc>
<status status="NOT RUN" starttime="20250127 19:15:13.443" endtime="20250127 19:15:13.443"/>
</kw>
<status status="NOT RUN" starttime="20250127 19:15:13.443" endtime="20250127 19:15:13.443"/>
</branch>
<status status="PASS" starttime="20250127 19:15:13.443" endtime="20250127 19:15:13.443"/>
</if>
<status status="PASS" starttime="20250127 19:15:13.428" endtime="20250127 19:15:13.443"/>
</iter>
<iter>
<var name="${l}">9</var>
<kw name="Read Excel Cell Value" library="SAP_Tcode_Library">
<var>${data}</var>
<arg>${file_name}</arg>
<arg>${sheet_name}</arg>
<arg>1</arg>
<arg>${l}</arg>
<msg timestamp="20250127 19:15:13.443" level="INFO">${data} = Billing Block Description</msg>
<status status="PASS" starttime="20250127 19:15:13.443" endtime="20250127 19:15:13.443"/>
</kw>
<if>
<branch type="IF" condition="'${data}' == '${name}'">
<kw name="Delete Excel Column" library="SAP_Tcode_Library">
<arg>${file_name}</arg>
<arg>${sheet_name}</arg>
<arg>${l}</arg>
<status status="NOT RUN" starttime="20250127 19:15:13.443" endtime="20250127 19:15:13.443"/>
</kw>
<kw name="Log To Console" library="BuiltIn">
<arg>column ${l} deleted</arg>
<doc>Logs the given message to the console.</doc>
<status status="NOT RUN" starttime="20250127 19:15:13.443" endtime="20250127 19:15:13.443"/>
</kw>
<status status="NOT RUN" starttime="20250127 19:15:13.443" endtime="20250127 19:15:13.443"/>
</branch>
<status status="PASS" starttime="20250127 19:15:13.443" endtime="20250127 19:15:13.443"/>
</if>
<status status="PASS" starttime="20250127 19:15:13.443" endtime="20250127 19:15:13.443"/>
</iter>
<iter>
<var name="${l}">10</var>
<kw name="Read Excel Cell Value" library="SAP_Tcode_Library">
<var>${data}</var>
<arg>${file_name}</arg>
<arg>${sheet_name}</arg>
<arg>1</arg>
<arg>${l}</arg>
<msg timestamp="20250127 19:15:13.459" level="INFO">${data} = None</msg>
<status status="PASS" starttime="20250127 19:15:13.443" endtime="20250127 19:15:13.459"/>
</kw>
<if>
<branch type="IF" condition="'${data}' == '${name}'">
<kw name="Delete Excel Column" library="SAP_Tcode_Library">
<arg>${file_name}</arg>
<arg>${sheet_name}</arg>
<arg>${l}</arg>
<status status="NOT RUN" starttime="20250127 19:15:13.459" endtime="20250127 19:15:13.459"/>
</kw>
<kw name="Log To Console" library="BuiltIn">
<arg>column ${l} deleted</arg>
<doc>Logs the given message to the console.</doc>
<status status="NOT RUN" starttime="20250127 19:15:13.459" endtime="20250127 19:15:13.459"/>
</kw>
<status status="NOT RUN" starttime="20250127 19:15:13.459" endtime="20250127 19:15:13.459"/>
</branch>
<status status="PASS" starttime="20250127 19:15:13.459" endtime="20250127 19:15:13.459"/>
</if>
<status status="PASS" starttime="20250127 19:15:13.443" endtime="20250127 19:15:13.459"/>
</iter>
<iter>
<var name="${l}">11</var>
<kw name="Read Excel Cell Value" library="SAP_Tcode_Library">
<var>${data}</var>
<arg>${file_name}</arg>
<arg>${sheet_name}</arg>
<arg>1</arg>
<arg>${l}</arg>
<msg timestamp="20250127 19:15:13.475" level="INFO">${data} = None</msg>
<status status="PASS" starttime="20250127 19:15:13.459" endtime="20250127 19:15:13.475"/>
</kw>
<if>
<branch type="IF" condition="'${data}' == '${name}'">
<kw name="Delete Excel Column" library="SAP_Tcode_Library">
<arg>${file_name}</arg>
<arg>${sheet_name}</arg>
<arg>${l}</arg>
<status status="NOT RUN" starttime="20250127 19:15:13.481" endtime="20250127 19:15:13.481"/>
</kw>
<kw name="Log To Console" library="BuiltIn">
<arg>column ${l} deleted</arg>
<doc>Logs the given message to the console.</doc>
<status status="NOT RUN" starttime="20250127 19:15:13.481" endtime="20250127 19:15:13.481"/>
</kw>
<status status="NOT RUN" starttime="20250127 19:15:13.475" endtime="20250127 19:15:13.481"/>
</branch>
<status status="PASS" starttime="20250127 19:15:13.475" endtime="20250127 19:15:13.481"/>
</if>
<status status="PASS" starttime="20250127 19:15:13.459" endtime="20250127 19:15:13.481"/>
</iter>
<status status="PASS" starttime="20250127 19:15:13.312" endtime="20250127 19:15:13.481"/>
</for>
<status status="PASS" starttime="20250127 19:15:13.312" endtime="20250127 19:15:13.481"/>
</iter>
<iter>
<var name="${name}">Sold-To Party</var>
<for flavor="IN RANGE">
<var>${l}</var>
<value>1</value>
<value>${column}</value>
<iter>
<var name="${l}">1</var>
<kw name="Read Excel Cell Value" library="SAP_Tcode_Library">
<var>${data}</var>
<arg>${file_name}</arg>
<arg>${sheet_name}</arg>
<arg>1</arg>
<arg>${l}</arg>
<msg timestamp="20250127 19:15:13.481" level="INFO">${data} = Customer Reference (Header)</msg>
<status status="PASS" starttime="20250127 19:15:13.481" endtime="20250127 19:15:13.481"/>
</kw>
<if>
<branch type="IF" condition="'${data}' == '${name}'">
<kw name="Delete Excel Column" library="SAP_Tcode_Library">
<arg>${file_name}</arg>
<arg>${sheet_name}</arg>
<arg>${l}</arg>
<status status="NOT RUN" starttime="20250127 19:15:13.481" endtime="20250127 19:15:13.481"/>
</kw>
<kw name="Log To Console" library="BuiltIn">
<arg>column ${l} deleted</arg>
<doc>Logs the given message to the console.</doc>
<status status="NOT RUN" starttime="20250127 19:15:13.481" endtime="20250127 19:15:13.481"/>
</kw>
<status status="NOT RUN" starttime="20250127 19:15:13.481" endtime="20250127 19:15:13.481"/>
</branch>
<status status="PASS" starttime="20250127 19:15:13.481" endtime="20250127 19:15:13.481"/>
</if>
<status status="PASS" starttime="20250127 19:15:13.481" endtime="20250127 19:15:13.481"/>
</iter>
<iter>
<var name="${l}">2</var>
<kw name="Read Excel Cell Value" library="SAP_Tcode_Library">
<var>${data}</var>
<arg>${file_name}</arg>
<arg>${sheet_name}</arg>
<arg>1</arg>
<arg>${l}</arg>
<msg timestamp="20250127 19:15:13.497" level="INFO">${data} = Document Date</msg>
<status status="PASS" starttime="20250127 19:15:13.481" endtime="20250127 19:15:13.497"/>
</kw>
<if>
<branch type="IF" condition="'${data}' == '${name}'">
<kw name="Delete Excel Column" library="SAP_Tcode_Library">
<arg>${file_name}</arg>
<arg>${sheet_name}</arg>
<arg>${l}</arg>
<status status="NOT RUN" starttime="20250127 19:15:13.497" endtime="20250127 19:15:13.497"/>
</kw>
<kw name="Log To Console" library="BuiltIn">
<arg>column ${l} deleted</arg>
<doc>Logs the given message to the console.</doc>
<status status="NOT RUN" starttime="20250127 19:15:13.497" endtime="20250127 19:15:13.497"/>
</kw>
<status status="NOT RUN" starttime="20250127 19:15:13.497" endtime="20250127 19:15:13.497"/>
</branch>
<status status="PASS" starttime="20250127 19:15:13.497" endtime="20250127 19:15:13.497"/>
</if>
<status status="PASS" starttime="20250127 19:15:13.481" endtime="20250127 19:15:13.497"/>
</iter>
<iter>
<var name="${l}">3</var>
<kw name="Read Excel Cell Value" library="SAP_Tcode_Library">
<var>${data}</var>
<arg>${file_name}</arg>
<arg>${sheet_name}</arg>
<arg>1</arg>
<arg>${l}</arg>
<msg timestamp="20250127 19:15:13.513" level="INFO">${data} = Sales document</msg>
<status status="PASS" starttime="20250127 19:15:13.497" endtime="20250127 19:15:13.513"/>
</kw>
<if>
<branch type="IF" condition="'${data}' == '${name}'">
<kw name="Delete Excel Column" library="SAP_Tcode_Library">
<arg>${file_name}</arg>
<arg>${sheet_name}</arg>
<arg>${l}</arg>
<status status="NOT RUN" starttime="20250127 19:15:13.513" endtime="20250127 19:15:13.513"/>
</kw>
<kw name="Log To Console" library="BuiltIn">
<arg>column ${l} deleted</arg>
<doc>Logs the given message to the console.</doc>
<status status="NOT RUN" starttime="20250127 19:15:13.513" endtime="20250127 19:15:13.513"/>
</kw>
<status status="NOT RUN" starttime="20250127 19:15:13.513" endtime="20250127 19:15:13.513"/>
</branch>
<status status="PASS" starttime="20250127 19:15:13.513" endtime="20250127 19:15:13.513"/>
</if>
<status status="PASS" starttime="20250127 19:15:13.497" endtime="20250127 19:15:13.513"/>
</iter>
<iter>
<var name="${l}">4</var>
<kw name="Read Excel Cell Value" library="SAP_Tcode_Library">
<var>${data}</var>
<arg>${file_name}</arg>
<arg>${sheet_name}</arg>
<arg>1</arg>
<arg>${l}</arg>
<msg timestamp="20250127 19:15:13.513" level="INFO">${data} = Sold-To Party</msg>
<status status="PASS" starttime="20250127 19:15:13.513" endtime="20250127 19:15:13.513"/>
</kw>
<if>
<branch type="IF" condition="'${data}' == '${name}'">
<kw name="Delete Excel Column" library="SAP_Tcode_Library">
<arg>${file_name}</arg>
<arg>${sheet_name}</arg>
<arg>${l}</arg>
<msg timestamp="20250127 19:15:13.544" level="INFO">Column 4 has been deleted in sheet 'Sheet1'.</msg>
<status status="PASS" starttime="20250127 19:15:13.528" endtime="20250127 19:15:13.544"/>
</kw>
<kw name="Log To Console" library="BuiltIn">
<arg>column ${l} deleted</arg>
<doc>Logs the given message to the console.</doc>
<status status="PASS" starttime="20250127 19:15:13.544" endtime="20250127 19:15:13.544"/>
</kw>
<status status="PASS" starttime="20250127 19:15:13.513" endtime="20250127 19:15:13.544"/>
</branch>
<status status="PASS" starttime="20250127 19:15:13.513" endtime="20250127 19:15:13.544"/>
</if>
<status status="PASS" starttime="20250127 19:15:13.513" endtime="20250127 19:15:13.544"/>
</iter>
<iter>
<var name="${l}">5</var>
<kw name="Read Excel Cell Value" library="SAP_Tcode_Library">
<var>${data}</var>
<arg>${file_name}</arg>
<arg>${sheet_name}</arg>
<arg>1</arg>
<arg>${l}</arg>
<msg timestamp="20250127 19:15:13.575" level="INFO">${data} = Document Currency</msg>
<status status="PASS" starttime="20250127 19:15:13.544" endtime="20250127 19:15:13.575"/>
</kw>
<if>
<branch type="IF" condition="'${data}' == '${name}'">
<kw name="Delete Excel Column" library="SAP_Tcode_Library">
<arg>${file_name}</arg>
<arg>${sheet_name}</arg>
<arg>${l}</arg>
<status status="NOT RUN" starttime="20250127 19:15:13.575" endtime="20250127 19:15:13.575"/>
</kw>
<kw name="Log To Console" library="BuiltIn">
<arg>column ${l} deleted</arg>
<doc>Logs the given message to the console.</doc>
<status status="NOT RUN" starttime="20250127 19:15:13.575" endtime="20250127 19:15:13.575"/>
</kw>
<status status="NOT RUN" starttime="20250127 19:15:13.575" endtime="20250127 19:15:13.575"/>
</branch>
<status status="PASS" starttime="20250127 19:15:13.575" endtime="20250127 19:15:13.575"/>
</if>
<status status="PASS" starttime="20250127 19:15:13.544" endtime="20250127 19:15:13.575"/>
</iter>
<iter>
<var name="${l}">6</var>
<kw name="Read Excel Cell Value" library="SAP_Tcode_Library">
<var>${data}</var>
<arg>${file_name}</arg>
<arg>${sheet_name}</arg>
<arg>1</arg>
<arg>${l}</arg>
<msg timestamp="20250127 19:15:13.582" level="INFO">${data} = Created by</msg>
<status status="PASS" starttime="20250127 19:15:13.575" endtime="20250127 19:15:13.582"/>
</kw>
<if>
<branch type="IF" condition="'${data}' == '${name}'">
<kw name="Delete Excel Column" library="SAP_Tcode_Library">
<arg>${file_name}</arg>
<arg>${sheet_name}</arg>
<arg>${l}</arg>
<status status="NOT RUN" starttime="20250127 19:15:13.582" endtime="20250127 19:15:13.582"/>
</kw>
<kw name="Log To Console" library="BuiltIn">
<arg>column ${l} deleted</arg>
<doc>Logs the given message to the console.</doc>
<status status="NOT RUN" starttime="20250127 19:15:13.582" endtime="20250127 19:15:13.582"/>
</kw>
<status status="NOT RUN" starttime="20250127 19:15:13.582" endtime="20250127 19:15:13.582"/>
</branch>
<status status="PASS" starttime="20250127 19:15:13.582" endtime="20250127 19:15:13.582"/>
</if>
<status status="PASS" starttime="20250127 19:15:13.575" endtime="20250127 19:15:13.582"/>
</iter>
<iter>
<var name="${l}">7</var>
<kw name="Read Excel Cell Value" library="SAP_Tcode_Library">
<var>${data}</var>
<arg>${file_name}</arg>
<arg>${sheet_name}</arg>
<arg>1</arg>
<arg>${l}</arg>
<msg timestamp="20250127 19:15:13.597" level="INFO">${data} = Sold-To Party Name</msg>
<status status="PASS" starttime="20250127 19:15:13.582" endtime="20250127 19:15:13.597"/>
</kw>
<if>
<branch type="IF" condition="'${data}' == '${name}'">
<kw name="Delete Excel Column" library="SAP_Tcode_Library">
<arg>${file_name}</arg>
<arg>${sheet_name}</arg>
<arg>${l}</arg>
<status status="NOT RUN" starttime="20250127 19:15:13.597" endtime="20250127 19:15:13.597"/>
</kw>
<kw name="Log To Console" library="BuiltIn">
<arg>column ${l} deleted</arg>
<doc>Logs the given message to the console.</doc>
<status status="NOT RUN" starttime="20250127 19:15:13.597" endtime="20250127 19:15:13.597"/>
</kw>
<status status="NOT RUN" starttime="20250127 19:15:13.597" endtime="20250127 19:15:13.597"/>
</branch>
<status status="PASS" starttime="20250127 19:15:13.597" endtime="20250127 19:15:13.597"/>
</if>
<status status="PASS" starttime="20250127 19:15:13.582" endtime="20250127 19:15:13.597"/>
</iter>
<iter>
<var name="${l}">8</var>
<kw name="Read Excel Cell Value" library="SAP_Tcode_Library">
<var>${data}</var>
<arg>${file_name}</arg>
<arg>${sheet_name}</arg>
<arg>1</arg>
<arg>${l}</arg>
<msg timestamp="20250127 19:15:13.597" level="INFO">${data} = Billing Block Description</msg>
<status status="PASS" starttime="20250127 19:15:13.597" endtime="20250127 19:15:13.597"/>
</kw>
<if>
<branch type="IF" condition="'${data}' == '${name}'">
<kw name="Delete Excel Column" library="SAP_Tcode_Library">
<arg>${file_name}</arg>
<arg>${sheet_name}</arg>
<arg>${l}</arg>
<status status="NOT RUN" starttime="20250127 19:15:13.597" endtime="20250127 19:15:13.597"/>
</kw>
<kw name="Log To Console" library="BuiltIn">
<arg>column ${l} deleted</arg>
<doc>Logs the given message to the console.</doc>
<status status="NOT RUN" starttime="20250127 19:15:13.597" endtime="20250127 19:15:13.597"/>
</kw>
<status status="NOT RUN" starttime="20250127 19:15:13.597" endtime="20250127 19:15:13.597"/>
</branch>
<status status="PASS" starttime="20250127 19:15:13.597" endtime="20250127 19:15:13.597"/>
</if>
<status status="PASS" starttime="20250127 19:15:13.597" endtime="20250127 19:15:13.597"/>
</iter>
<iter>
<var name="${l}">9</var>
<kw name="Read Excel Cell Value" library="SAP_Tcode_Library">
<var>${data}</var>
<arg>${file_name}</arg>
<arg>${sheet_name}</arg>
<arg>1</arg>
<arg>${l}</arg>
<msg timestamp="20250127 19:15:13.613" level="INFO">${data} = None</msg>
<status status="PASS" starttime="20250127 19:15:13.597" endtime="20250127 19:15:13.613"/>
</kw>
<if>
<branch type="IF" condition="'${data}' == '${name}'">
<kw name="Delete Excel Column" library="SAP_Tcode_Library">
<arg>${file_name}</arg>
<arg>${sheet_name}</arg>
<arg>${l}</arg>
<status status="NOT RUN" starttime="20250127 19:15:13.613" endtime="20250127 19:15:13.613"/>
</kw>
<kw name="Log To Console" library="BuiltIn">
<arg>column ${l} deleted</arg>
<doc>Logs the given message to the console.</doc>
<status status="NOT RUN" starttime="20250127 19:15:13.613" endtime="20250127 19:15:13.613"/>
</kw>
<status status="NOT RUN" starttime="20250127 19:15:13.613" endtime="20250127 19:15:13.613"/>
</branch>
<status status="PASS" starttime="20250127 19:15:13.613" endtime="20250127 19:15:13.613"/>
</if>
<status status="PASS" starttime="20250127 19:15:13.597" endtime="20250127 19:15:13.613"/>
</iter>
<iter>
<var name="${l}">10</var>
<kw name="Read Excel Cell Value" library="SAP_Tcode_Library">
<var>${data}</var>
<arg>${file_name}</arg>
<arg>${sheet_name}</arg>
<arg>1</arg>
<arg>${l}</arg>
<msg timestamp="20250127 19:15:13.628" level="INFO">${data} = None</msg>
<status status="PASS" starttime="20250127 19:15:13.613" endtime="20250127 19:15:13.628"/>
</kw>
<if>
<branch type="IF" condition="'${data}' == '${name}'">
<kw name="Delete Excel Column" library="SAP_Tcode_Library">
<arg>${file_name}</arg>
<arg>${sheet_name}</arg>
<arg>${l}</arg>
<status status="NOT RUN" starttime="20250127 19:15:13.628" endtime="20250127 19:15:13.628"/>
</kw>
<kw name="Log To Console" library="BuiltIn">
<arg>column ${l} deleted</arg>
<doc>Logs the given message to the console.</doc>
<status status="NOT RUN" starttime="20250127 19:15:13.628" endtime="20250127 19:15:13.628"/>
</kw>
<status status="NOT RUN" starttime="20250127 19:15:13.628" endtime="20250127 19:15:13.628"/>
</branch>
<status status="PASS" starttime="20250127 19:15:13.628" endtime="20250127 19:15:13.628"/>
</if>
<status status="PASS" starttime="20250127 19:15:13.613" endtime="20250127 19:15:13.628"/>
</iter>
<iter>
<var name="${l}">11</var>
<kw name="Read Excel Cell Value" library="SAP_Tcode_Library">
<var>${data}</var>
<arg>${file_name}</arg>
<arg>${sheet_name}</arg>
<arg>1</arg>
<arg>${l}</arg>
<msg timestamp="20250127 19:15:13.644" level="INFO">${data} = None</msg>
<status status="PASS" starttime="20250127 19:15:13.628" endtime="20250127 19:15:13.644"/>
</kw>
<if>
<branch type="IF" condition="'${data}' == '${name}'">
<kw name="Delete Excel Column" library="SAP_Tcode_Library">
<arg>${file_name}</arg>
<arg>${sheet_name}</arg>
<arg>${l}</arg>
<status status="NOT RUN" starttime="20250127 19:15:13.644" endtime="20250127 19:15:13.644"/>
</kw>
<kw name="Log To Console" library="BuiltIn">
<arg>column ${l} deleted</arg>
<doc>Logs the given message to the console.</doc>
<status status="NOT RUN" starttime="20250127 19:15:13.644" endtime="20250127 19:15:13.644"/>
</kw>
<status status="NOT RUN" starttime="20250127 19:15:13.644" endtime="20250127 19:15:13.644"/>
</branch>
<status status="PASS" starttime="20250127 19:15:13.644" endtime="20250127 19:15:13.644"/>
</if>
<status status="PASS" starttime="20250127 19:15:13.628" endtime="20250127 19:15:13.644"/>
</iter>
<status status="PASS" starttime="20250127 19:15:13.481" endtime="20250127 19:15:13.644"/>
</for>
<status status="PASS" starttime="20250127 19:15:13.481" endtime="20250127 19:15:13.644"/>
</iter>
<status status="PASS" starttime="20250127 19:15:13.080" endtime="20250127 19:15:13.644"/>
</for>
<for flavor="IN RANGE">
<var>${i}</var>
<value>1</value>
<value>${column}</value>
<iter>
<var name="${i}">1</var>
<kw name="Read Excel Cell Value" library="SAP_Tcode_Library">
<var>${data}</var>
<arg>${file_name}</arg>
<arg>${sheet_name}</arg>
<arg>1</arg>
<arg>${i}</arg>
<msg timestamp="20250127 19:15:13.644" level="INFO">${data} = Customer Reference (Header)</msg>
<status status="PASS" starttime="20250127 19:15:13.644" endtime="20250127 19:15:13.644"/>
</kw>
<if>
<branch type="IF" condition="'${data}' == 'Sales document'">
<kw name="Evaluate" library="BuiltIn">
<var>@{documents}</var>
<arg>[item['document'] for item in ${list_value}]</arg>
<doc>Evaluates the given expression in Python and returns the result.</doc>
<status status="NOT RUN" starttime="20250127 19:15:13.644" endtime="20250127 19:15:13.644"/>
</kw>
<kw name="Count Excel Rows" library="SAP_Tcode_Library">
<var>${row_count}</var>
<arg>${file_name}</arg>
<arg>${sheet_name}</arg>
<status status="NOT RUN" starttime="20250127 19:15:13.644" endtime="20250127 19:15:13.644"/>
</kw>
<kw name="Evaluate" library="BuiltIn">
<var>${rows}</var>
<arg>${row_count} + 1</arg>
<doc>Evaluates the given expression in Python and returns the result.</doc>
<status status="NOT RUN" starttime="20250127 19:15:13.644" endtime="20250127 19:15:13.644"/>
</kw>
<for flavor="IN">
<var>${document}</var>
<value>@{documents}</value>
<iter>
<var name="${document}"/>
<kw name="Log To Console" library="BuiltIn">
<arg>document no is :${document}</arg>
<doc>Logs the given message to the console.</doc>
<status status="NOT RUN" starttime="20250127 19:15:13.644" endtime="20250127 19:15:13.644"/>
</kw>
<for flavor="IN RANGE">
<var>${j}</var>
<value>2</value>
<value>${rows}</value>
<iter>
<var name="${j}"/>
<kw name="Read Excel Cell Value" library="SAP_Tcode_Library">
<var>${input}</var>
<arg>${file_name}</arg>
<arg>${sheet_name}</arg>
<arg>${j}</arg>
<arg>${i}</arg>
<status status="NOT RUN" starttime="20250127 19:15:13.644" endtime="20250127 19:15:13.644"/>
</kw>
<if>
<branch type="IF" condition="${input} == &quot;${document}&quot;">
<kw name="Get Index" library="SAP_Tcode_Library">
<var>${index_number}</var>
<arg>${documents}</arg>
<arg>${document}</arg>
<status status="NOT RUN" starttime="20250127 19:15:13.644" endtime="20250127 19:15:13.644"/>
</kw>
<kw name="Evaluate" library="BuiltIn">
<var>${index}</var>
<arg>${index_number} + 2</arg>
<doc>Evaluates the given expression in Python and returns the result.</doc>
<status status="NOT RUN" starttime="20250127 19:15:13.644" endtime="20250127 19:15:13.644"/>
</kw>
<kw name="Read Row From Excel" library="SAP_Tcode_Library">
<var>${row_data}</var>
<arg>${file_name}</arg>
<arg>${sheet_name}</arg>
<arg>${j}</arg>
<status status="NOT RUN" starttime="20250127 19:15:13.644" endtime="20250127 19:15:13.644"/>
</kw>
<kw name="Write Row To Excel" library="SAP_Tcode_Library">
<arg>${target_file_name}</arg>
<arg>${target_sheet_name}</arg>
<arg>${index}</arg>
<arg>${row_data}</arg>
<status status="NOT RUN" starttime="20250127 19:15:13.644" endtime="20250127 19:15:13.644"/>
</kw>
<status status="NOT RUN" starttime="20250127 19:15:13.644" endtime="20250127 19:15:13.644"/>
</branch>
<status status="NOT RUN" starttime="20250127 19:15:13.644" endtime="20250127 19:15:13.644"/>
</if>
<status status="NOT RUN" starttime="20250127 19:15:13.644" endtime="20250127 19:15:13.644"/>
</iter>
<status status="NOT RUN" starttime="20250127 19:15:13.644" endtime="20250127 19:15:13.644"/>
</for>
<status status="NOT RUN" starttime="20250127 19:15:13.644" endtime="20250127 19:15:13.644"/>
</iter>
<status status="NOT RUN" starttime="20250127 19:15:13.644" endtime="20250127 19:15:13.644"/>
</for>
<status status="NOT RUN" starttime="20250127 19:15:13.644" endtime="20250127 19:15:13.644"/>
</branch>
<status status="PASS" starttime="20250127 19:15:13.644" endtime="20250127 19:15:13.644"/>
</if>
<status status="PASS" starttime="20250127 19:15:13.644" endtime="20250127 19:15:13.644"/>
</iter>
<iter>
<var name="${i}">2</var>
<kw name="Read Excel Cell Value" library="SAP_Tcode_Library">
<var>${data}</var>
<arg>${file_name}</arg>
<arg>${sheet_name}</arg>
<arg>1</arg>
<arg>${i}</arg>
<msg timestamp="20250127 19:15:13.698" level="INFO">${data} = Document Date</msg>
<status status="PASS" starttime="20250127 19:15:13.644" endtime="20250127 19:15:13.698"/>
</kw>
<if>
<branch type="IF" condition="'${data}' == 'Sales document'">
<kw name="Evaluate" library="BuiltIn">
<var>@{documents}</var>
<arg>[item['document'] for item in ${list_value}]</arg>
<doc>Evaluates the given expression in Python and returns the result.</doc>
<status status="NOT RUN" starttime="20250127 19:15:13.698" endtime="20250127 19:15:13.698"/>
</kw>
<kw name="Count Excel Rows" library="SAP_Tcode_Library">
<var>${row_count}</var>
<arg>${file_name}</arg>
<arg>${sheet_name}</arg>
<status status="NOT RUN" starttime="20250127 19:15:13.698" endtime="20250127 19:15:13.698"/>
</kw>
<kw name="Evaluate" library="BuiltIn">
<var>${rows}</var>
<arg>${row_count} + 1</arg>
<doc>Evaluates the given expression in Python and returns the result.</doc>
<status status="NOT RUN" starttime="20250127 19:15:13.698" endtime="20250127 19:15:13.698"/>
</kw>
<for flavor="IN">
<var>${document}</var>
<value>@{documents}</value>
<iter>
<var name="${document}"/>
<kw name="Log To Console" library="BuiltIn">
<arg>document no is :${document}</arg>
<doc>Logs the given message to the console.</doc>
<status status="NOT RUN" starttime="20250127 19:15:13.698" endtime="20250127 19:15:13.698"/>
</kw>
<for flavor="IN RANGE">
<var>${j}</var>
<value>2</value>
<value>${rows}</value>
<iter>
<var name="${j}"/>
<kw name="Read Excel Cell Value" library="SAP_Tcode_Library">
<var>${input}</var>
<arg>${file_name}</arg>
<arg>${sheet_name}</arg>
<arg>${j}</arg>
<arg>${i}</arg>
<status status="NOT RUN" starttime="20250127 19:15:13.698" endtime="20250127 19:15:13.698"/>
</kw>
<if>
<branch type="IF" condition="${input} == &quot;${document}&quot;">
<kw name="Get Index" library="SAP_Tcode_Library">
<var>${index_number}</var>
<arg>${documents}</arg>
<arg>${document}</arg>
<status status="NOT RUN" starttime="20250127 19:15:13.698" endtime="20250127 19:15:13.698"/>
</kw>
<kw name="Evaluate" library="BuiltIn">
<var>${index}</var>
<arg>${index_number} + 2</arg>
<doc>Evaluates the given expression in Python and returns the result.</doc>
<status status="NOT RUN" starttime="20250127 19:15:13.698" endtime="20250127 19:15:13.698"/>
</kw>
<kw name="Read Row From Excel" library="SAP_Tcode_Library">
<var>${row_data}</var>
<arg>${file_name}</arg>
<arg>${sheet_name}</arg>
<arg>${j}</arg>
<status status="NOT RUN" starttime="20250127 19:15:13.698" endtime="20250127 19:15:13.698"/>
</kw>
<kw name="Write Row To Excel" library="SAP_Tcode_Library">
<arg>${target_file_name}</arg>
<arg>${target_sheet_name}</arg>
<arg>${index}</arg>
<arg>${row_data}</arg>
<status status="NOT RUN" starttime="20250127 19:15:13.698" endtime="20250127 19:15:13.698"/>
</kw>
<status status="NOT RUN" starttime="20250127 19:15:13.698" endtime="20250127 19:15:13.698"/>
</branch>
<status status="NOT RUN" starttime="20250127 19:15:13.698" endtime="20250127 19:15:13.698"/>
</if>
<status status="NOT RUN" starttime="20250127 19:15:13.698" endtime="20250127 19:15:13.698"/>
</iter>
<status status="NOT RUN" starttime="20250127 19:15:13.698" endtime="20250127 19:15:13.698"/>
</for>
<status status="NOT RUN" starttime="20250127 19:15:13.698" endtime="20250127 19:15:13.698"/>
</iter>
<status status="NOT RUN" starttime="20250127 19:15:13.698" endtime="20250127 19:15:13.698"/>
</for>
<status status="NOT RUN" starttime="20250127 19:15:13.698" endtime="20250127 19:15:13.698"/>
</branch>
<status status="PASS" starttime="20250127 19:15:13.698" endtime="20250127 19:15:13.698"/>
</if>
<status status="PASS" starttime="20250127 19:15:13.644" endtime="20250127 19:15:13.698"/>
</iter>
<iter>
<var name="${i}">3</var>
<kw name="Read Excel Cell Value" library="SAP_Tcode_Library">
<var>${data}</var>
<arg>${file_name}</arg>
<arg>${sheet_name}</arg>
<arg>1</arg>
<arg>${i}</arg>
<msg timestamp="20250127 19:15:13.713" level="INFO">${data} = Sales document</msg>
<status status="PASS" starttime="20250127 19:15:13.698" endtime="20250127 19:15:13.713"/>
</kw>
<if>
<branch type="IF" condition="'${data}' == 'Sales document'">
<kw name="Evaluate" library="BuiltIn">
<var>@{documents}</var>
<arg>[item['document'] for item in ${list_value}]</arg>
<doc>Evaluates the given expression in Python and returns the result.</doc>
<msg timestamp="20250127 19:15:13.713" level="INFO">@{documents} = [ 40026236 | 40026235 | 40026234 | 40026233 ]</msg>
<status status="PASS" starttime="20250127 19:15:13.713" endtime="20250127 19:15:13.713"/>
</kw>
<kw name="Count Excel Rows" library="SAP_Tcode_Library">
<var>${row_count}</var>
<arg>${file_name}</arg>
<arg>${sheet_name}</arg>
<msg timestamp="20250127 19:15:13.760" level="INFO">74</msg>
<msg timestamp="20250127 19:15:13.760" level="INFO">${row_count} = 74</msg>
<status status="PASS" starttime="20250127 19:15:13.713" endtime="20250127 19:15:13.760"/>
</kw>
<kw name="Evaluate" library="BuiltIn">
<var>${rows}</var>
<arg>${row_count} + 1</arg>
<doc>Evaluates the given expression in Python and returns the result.</doc>
<msg timestamp="20250127 19:15:13.760" level="INFO">${rows} = 75</msg>
<status status="PASS" starttime="20250127 19:15:13.760" endtime="20250127 19:15:13.760"/>
</kw>
<for flavor="IN">
<var>${document}</var>
<value>@{documents}</value>
<iter>
<var name="${document}">40026236</var>
<kw name="Log To Console" library="BuiltIn">
<arg>document no is :${document}</arg>
<doc>Logs the given message to the console.</doc>
<status status="PASS" starttime="20250127 19:15:13.760" endtime="20250127 19:15:13.760"/>
</kw>
<for flavor="IN RANGE">
<var>${j}</var>
<value>2</value>
<value>${rows}</value>
<iter>
<var name="${j}">2</var>
<kw name="Read Excel Cell Value" library="SAP_Tcode_Library">
<var>${input}</var>
<arg>${file_name}</arg>
<arg>${sheet_name}</arg>
<arg>${j}</arg>
<arg>${i}</arg>
<msg timestamp="20250127 19:15:13.760" level="INFO">${input} = "40025324"</msg>
<status status="PASS" starttime="20250127 19:15:13.760" endtime="20250127 19:15:13.760"/>
</kw>
<if>
<branch type="IF" condition="${input} == &quot;${document}&quot;">
<kw name="Get Index" library="SAP_Tcode_Library">
<var>${index_number}</var>
<arg>${documents}</arg>
<arg>${document}</arg>
<status status="NOT RUN" starttime="20250127 19:15:13.760" endtime="20250127 19:15:13.760"/>
</kw>
<kw name="Evaluate" library="BuiltIn">
<var>${index}</var>
<arg>${index_number} + 2</arg>
<doc>Evaluates the given expression in Python and returns the result.</doc>
<status status="NOT RUN" starttime="20250127 19:15:13.760" endtime="20250127 19:15:13.760"/>
</kw>
<kw name="Read Row From Excel" library="SAP_Tcode_Library">
<var>${row_data}</var>
<arg>${file_name}</arg>
<arg>${sheet_name}</arg>
<arg>${j}</arg>
<status status="NOT RUN" starttime="20250127 19:15:13.760" endtime="20250127 19:15:13.760"/>
</kw>
<kw name="Write Row To Excel" library="SAP_Tcode_Library">
<arg>${target_file_name}</arg>
<arg>${target_sheet_name}</arg>
<arg>${index}</arg>
<arg>${row_data}</arg>
<status status="NOT RUN" starttime="20250127 19:15:13.760" endtime="20250127 19:15:13.760"/>
</kw>
<status status="NOT RUN" starttime="20250127 19:15:13.760" endtime="20250127 19:15:13.760"/>
</branch>
<status status="PASS" starttime="20250127 19:15:13.760" endtime="20250127 19:15:13.760"/>
</if>
<status status="PASS" starttime="20250127 19:15:13.760" endtime="20250127 19:15:13.760"/>
</iter>
<iter>
<var name="${j}">3</var>
<kw name="Read Excel Cell Value" library="SAP_Tcode_Library">
<var>${input}</var>
<arg>${file_name}</arg>
<arg>${sheet_name}</arg>
<arg>${j}</arg>
<arg>${i}</arg>
<msg timestamp="20250127 19:15:13.782" level="INFO">${input} = "40025325"</msg>
<status status="PASS" starttime="20250127 19:15:13.760" endtime="20250127 19:15:13.782"/>
</kw>
<if>
<branch type="IF" condition="${input} == &quot;${document}&quot;">
<kw name="Get Index" library="SAP_Tcode_Library">
<var>${index_number}</var>
<arg>${documents}</arg>
<arg>${document}</arg>
<status status="NOT RUN" starttime="20250127 19:15:13.782" endtime="20250127 19:15:13.782"/>
</kw>
<kw name="Evaluate" library="BuiltIn">
<var>${index}</var>
<arg>${index_number} + 2</arg>
<doc>Evaluates the given expression in Python and returns the result.</doc>
<status status="NOT RUN" starttime="20250127 19:15:13.782" endtime="20250127 19:15:13.782"/>
</kw>
<kw name="Read Row From Excel" library="SAP_Tcode_Library">
<var>${row_data}</var>
<arg>${file_name}</arg>
<arg>${sheet_name}</arg>
<arg>${j}</arg>
<status status="NOT RUN" starttime="20250127 19:15:13.782" endtime="20250127 19:15:13.782"/>
</kw>
<kw name="Write Row To Excel" library="SAP_Tcode_Library">
<arg>${target_file_name}</arg>
<arg>${target_sheet_name}</arg>
<arg>${index}</arg>
<arg>${row_data}</arg>
<status status="NOT RUN" starttime="20250127 19:15:13.782" endtime="20250127 19:15:13.782"/>
</kw>
<status status="NOT RUN" starttime="20250127 19:15:13.782" endtime="20250127 19:15:13.782"/>
</branch>
<status status="PASS" starttime="20250127 19:15:13.782" endtime="20250127 19:15:13.782"/>
</if>
<status status="PASS" starttime="20250127 19:15:13.760" endtime="20250127 19:15:13.782"/>
</iter>
<iter>
<var name="${j}">4</var>
<kw name="Read Excel Cell Value" library="SAP_Tcode_Library">
<var>${input}</var>
<arg>${file_name}</arg>
<arg>${sheet_name}</arg>
<arg>${j}</arg>
<arg>${i}</arg>
<msg timestamp="20250127 19:15:13.782" level="INFO">${input} = "40025326"</msg>
<status status="PASS" starttime="20250127 19:15:13.782" endtime="20250127 19:15:13.782"/>
</kw>
<if>
<branch type="IF" condition="${input} == &quot;${document}&quot;">
<kw name="Get Index" library="SAP_Tcode_Library">
<var>${index_number}</var>
<arg>${documents}</arg>
<arg>${document}</arg>
<status status="NOT RUN" starttime="20250127 19:15:13.782" endtime="20250127 19:15:13.782"/>
</kw>
<kw name="Evaluate" library="BuiltIn">
<var>${index}</var>
<arg>${index_number} + 2</arg>
<doc>Evaluates the given expression in Python and returns the result.</doc>
<status status="NOT RUN" starttime="20250127 19:15:13.782" endtime="20250127 19:15:13.782"/>
</kw>
<kw name="Read Row From Excel" library="SAP_Tcode_Library">
<var>${row_data}</var>
<arg>${file_name}</arg>
<arg>${sheet_name}</arg>
<arg>${j}</arg>
<status status="NOT RUN" starttime="20250127 19:15:13.782" endtime="20250127 19:15:13.782"/>
</kw>
<kw name="Write Row To Excel" library="SAP_Tcode_Library">
<arg>${target_file_name}</arg>
<arg>${target_sheet_name}</arg>
<arg>${index}</arg>
<arg>${row_data}</arg>
<status status="NOT RUN" starttime="20250127 19:15:13.782" endtime="20250127 19:15:13.782"/>
</kw>
<status status="NOT RUN" starttime="20250127 19:15:13.782" endtime="20250127 19:15:13.782"/>
</branch>
<status status="PASS" starttime="20250127 19:15:13.782" endtime="20250127 19:15:13.782"/>
</if>
<status status="PASS" starttime="20250127 19:15:13.782" endtime="20250127 19:15:13.782"/>
</iter>
<iter>
<var name="${j}">5</var>
<kw name="Read Excel Cell Value" library="SAP_Tcode_Library">
<var>${input}</var>
<arg>${file_name}</arg>
<arg>${sheet_name}</arg>
<arg>${j}</arg>
<arg>${i}</arg>
<msg timestamp="20250127 19:15:13.798" level="INFO">${input} = "40025327"</msg>
<status status="PASS" starttime="20250127 19:15:13.782" endtime="20250127 19:15:13.798"/>
</kw>
<if>
<branch type="IF" condition="${input} == &quot;${document}&quot;">
<kw name="Get Index" library="SAP_Tcode_Library">
<var>${index_number}</var>
<arg>${documents}</arg>
<arg>${document}</arg>
<status status="NOT RUN" starttime="20250127 19:15:13.798" endtime="20250127 19:15:13.798"/>
</kw>
<kw name="Evaluate" library="BuiltIn">
<var>${index}</var>
<arg>${index_number} + 2</arg>
<doc>Evaluates the given expression in Python and returns the result.</doc>
<status status="NOT RUN" starttime="20250127 19:15:13.798" endtime="20250127 19:15:13.798"/>
</kw>
<kw name="Read Row From Excel" library="SAP_Tcode_Library">
<var>${row_data}</var>
<arg>${file_name}</arg>
<arg>${sheet_name}</arg>
<arg>${j}</arg>
<status status="NOT RUN" starttime="20250127 19:15:13.798" endtime="20250127 19:15:13.798"/>
</kw>
<kw name="Write Row To Excel" library="SAP_Tcode_Library">
<arg>${target_file_name}</arg>
<arg>${target_sheet_name}</arg>
<arg>${index}</arg>
<arg>${row_data}</arg>
<status status="NOT RUN" starttime="20250127 19:15:13.798" endtime="20250127 19:15:13.798"/>
</kw>
<status status="NOT RUN" starttime="20250127 19:15:13.798" endtime="20250127 19:15:13.798"/>
</branch>
<status status="PASS" starttime="20250127 19:15:13.798" endtime="20250127 19:15:13.798"/>
</if>
<status status="PASS" starttime="20250127 19:15:13.782" endtime="20250127 19:15:13.798"/>
</iter>
<iter>
<var name="${j}">6</var>
<kw name="Read Excel Cell Value" library="SAP_Tcode_Library">
<var>${input}</var>
<arg>${file_name}</arg>
<arg>${sheet_name}</arg>
<arg>${j}</arg>
<arg>${i}</arg>
<msg timestamp="20250127 19:15:13.813" level="INFO">${input} = "40025328"</msg>
<status status="PASS" starttime="20250127 19:15:13.798" endtime="20250127 19:15:13.813"/>
</kw>
<if>
<branch type="IF" condition="${input} == &quot;${document}&quot;">
<kw name="Get Index" library="SAP_Tcode_Library">
<var>${index_number}</var>
<arg>${documents}</arg>
<arg>${document}</arg>
<status status="NOT RUN" starttime="20250127 19:15:13.813" endtime="20250127 19:15:13.813"/>
</kw>
<kw name="Evaluate" library="BuiltIn">
<var>${index}</var>
<arg>${index_number} + 2</arg>
<doc>Evaluates the given expression in Python and returns the result.</doc>
<status status="NOT RUN" starttime="20250127 19:15:13.813" endtime="20250127 19:15:13.813"/>
</kw>
<kw name="Read Row From Excel" library="SAP_Tcode_Library">
<var>${row_data}</var>
<arg>${file_name}</arg>
<arg>${sheet_name}</arg>
<arg>${j}</arg>
<status status="NOT RUN" starttime="20250127 19:15:13.813" endtime="20250127 19:15:13.813"/>
</kw>
<kw name="Write Row To Excel" library="SAP_Tcode_Library">
<arg>${target_file_name}</arg>
<arg>${target_sheet_name}</arg>
<arg>${index}</arg>
<arg>${row_data}</arg>
<status status="NOT RUN" starttime="20250127 19:15:13.813" endtime="20250127 19:15:13.813"/>
</kw>
<status status="NOT RUN" starttime="20250127 19:15:13.813" endtime="20250127 19:15:13.813"/>
</branch>
<status status="PASS" starttime="20250127 19:15:13.813" endtime="20250127 19:15:13.813"/>
</if>
<status status="PASS" starttime="20250127 19:15:13.798" endtime="20250127 19:15:13.813"/>
</iter>
<iter>
<var name="${j}">7</var>
<kw name="Read Excel Cell Value" library="SAP_Tcode_Library">
<var>${input}</var>
<arg>${file_name}</arg>
<arg>${sheet_name}</arg>
<arg>${j}</arg>
<arg>${i}</arg>
<msg timestamp="20250127 19:15:13.813" level="INFO">${input} = "40025329"</msg>
<status status="PASS" starttime="20250127 19:15:13.813" endtime="20250127 19:15:13.813"/>
</kw>
<if>
<branch type="IF" condition="${input} == &quot;${document}&quot;">
<kw name="Get Index" library="SAP_Tcode_Library">
<var>${index_number}</var>
<arg>${documents}</arg>
<arg>${document}</arg>
<status status="NOT RUN" starttime="20250127 19:15:13.813" endtime="20250127 19:15:13.813"/>
</kw>
<kw name="Evaluate" library="BuiltIn">
<var>${index}</var>
<arg>${index_number} + 2</arg>
<doc>Evaluates the given expression in Python and returns the result.</doc>
<status status="NOT RUN" starttime="20250127 19:15:13.813" endtime="20250127 19:15:13.813"/>
</kw>
<kw name="Read Row From Excel" library="SAP_Tcode_Library">
<var>${row_data}</var>
<arg>${file_name}</arg>
<arg>${sheet_name}</arg>
<arg>${j}</arg>
<status status="NOT RUN" starttime="20250127 19:15:13.813" endtime="20250127 19:15:13.829"/>
</kw>
<kw name="Write Row To Excel" library="SAP_Tcode_Library">
<arg>${target_file_name}</arg>
<arg>${target_sheet_name}</arg>
<arg>${index}</arg>
<arg>${row_data}</arg>
<status status="NOT RUN" starttime="20250127 19:15:13.829" endtime="20250127 19:15:13.829"/>
</kw>
<status status="NOT RUN" starttime="20250127 19:15:13.813" endtime="20250127 19:15:13.829"/>
</branch>
<status status="PASS" starttime="20250127 19:15:13.813" endtime="20250127 19:15:13.829"/>
</if>
<status status="PASS" starttime="20250127 19:15:13.813" endtime="20250127 19:15:13.829"/>
</iter>
<iter>
<var name="${j}">8</var>
<kw name="Read Excel Cell Value" library="SAP_Tcode_Library">
<var>${input}</var>
<arg>${file_name}</arg>
<arg>${sheet_name}</arg>
<arg>${j}</arg>
<arg>${i}</arg>
<msg timestamp="20250127 19:15:13.829" level="INFO">${input} = "40025330"</msg>
<status status="PASS" starttime="20250127 19:15:13.829" endtime="20250127 19:15:13.829"/>
</kw>
<if>
<branch type="IF" condition="${input} == &quot;${document}&quot;">
<kw name="Get Index" library="SAP_Tcode_Library">
<var>${index_number}</var>
<arg>${documents}</arg>
<arg>${document}</arg>
<status status="NOT RUN" starttime="20250127 19:15:13.829" endtime="20250127 19:15:13.829"/>
</kw>
<kw name="Evaluate" library="BuiltIn">
<var>${index}</var>
<arg>${index_number} + 2</arg>
<doc>Evaluates the given expression in Python and returns the result.</doc>
<status status="NOT RUN" starttime="20250127 19:15:13.829" endtime="20250127 19:15:13.829"/>
</kw>
<kw name="Read Row From Excel" library="SAP_Tcode_Library">
<var>${row_data}</var>
<arg>${file_name}</arg>
<arg>${sheet_name}</arg>
<arg>${j}</arg>
<status status="NOT RUN" starttime="20250127 19:15:13.829" endtime="20250127 19:15:13.829"/>
</kw>
<kw name="Write Row To Excel" library="SAP_Tcode_Library">
<arg>${target_file_name}</arg>
[...]
<var>${row_data}</var>
<arg>${file_name}</arg>
<arg>${sheet_name}</arg>
<arg>${j}</arg>
<status status="NOT RUN" starttime="20250127 19:15:17.470" endtime="20250127 19:15:17.470"/>
</kw>
<kw name="Write Row To Excel" library="SAP_Tcode_Library">
<arg>${target_file_name}</arg>
<arg>${target_sheet_name}</arg>
<arg>${index}</arg>
<arg>${row_data}</arg>
<status status="NOT RUN" starttime="20250127 19:15:17.470" endtime="20250127 19:15:17.486"/>
</kw>
<status status="NOT RUN" starttime="20250127 19:15:17.470" endtime="20250127 19:15:17.486"/>
</branch>
<status status="NOT RUN" starttime="20250127 19:15:17.470" endtime="20250127 19:15:17.486"/>
</if>
<status status="NOT RUN" starttime="20250127 19:15:17.470" endtime="20250127 19:15:17.486"/>
</iter>
<status status="NOT RUN" starttime="20250127 19:15:17.470" endtime="20250127 19:15:17.486"/>
</for>
<status status="NOT RUN" starttime="20250127 19:15:17.470" endtime="20250127 19:15:17.486"/>
</iter>
<status status="NOT RUN" starttime="20250127 19:15:17.470" endtime="20250127 19:15:17.486"/>
</for>
<status status="NOT RUN" starttime="20250127 19:15:17.470" endtime="20250127 19:15:17.486"/>
</branch>
<status status="PASS" starttime="20250127 19:15:17.470" endtime="20250127 19:15:17.486"/>
</if>
<status status="PASS" starttime="20250127 19:15:17.470" endtime="20250127 19:15:17.486"/>
</iter>
<iter>
<var name="${i}">8</var>
<kw name="Read Excel Cell Value" library="SAP_Tcode_Library">
<var>${data}</var>
<arg>${file_name}</arg>
<arg>${sheet_name}</arg>
<arg>1</arg>
<arg>${i}</arg>
<msg timestamp="20250127 19:15:17.493" level="INFO">${data} = Billing Block Description</msg>
<status status="PASS" starttime="20250127 19:15:17.486" endtime="20250127 19:15:17.493"/>
</kw>
<if>
<branch type="IF" condition="'${data}' == 'Sales document'">
<kw name="Evaluate" library="BuiltIn">
<var>@{documents}</var>
<arg>[item['document'] for item in ${list_value}]</arg>
<doc>Evaluates the given expression in Python and returns the result.</doc>
<status status="NOT RUN" starttime="20250127 19:15:17.493" endtime="20250127 19:15:17.493"/>
</kw>
<kw name="Count Excel Rows" library="SAP_Tcode_Library">
<var>${row_count}</var>
<arg>${file_name}</arg>
<arg>${sheet_name}</arg>
<status status="NOT RUN" starttime="20250127 19:15:17.493" endtime="20250127 19:15:17.493"/>
</kw>
<kw name="Evaluate" library="BuiltIn">
<var>${rows}</var>
<arg>${row_count} + 1</arg>
<doc>Evaluates the given expression in Python and returns the result.</doc>
<status status="NOT RUN" starttime="20250127 19:15:17.493" endtime="20250127 19:15:17.493"/>
</kw>
<for flavor="IN">
<var>${document}</var>
<value>@{documents}</value>
<iter>
<var name="${document}"/>
<kw name="Log To Console" library="BuiltIn">
<arg>document no is :${document}</arg>
<doc>Logs the given message to the console.</doc>
<status status="NOT RUN" starttime="20250127 19:15:17.493" endtime="20250127 19:15:17.493"/>
</kw>
<for flavor="IN RANGE">
<var>${j}</var>
<value>2</value>
<value>${rows}</value>
<iter>
<var name="${j}"/>
<kw name="Read Excel Cell Value" library="SAP_Tcode_Library">
<var>${input}</var>
<arg>${file_name}</arg>
<arg>${sheet_name}</arg>
<arg>${j}</arg>
<arg>${i}</arg>
<status status="NOT RUN" starttime="20250127 19:15:17.493" endtime="20250127 19:15:17.493"/>
</kw>
<if>
<branch type="IF" condition="${input} == &quot;${document}&quot;">
<kw name="Get Index" library="SAP_Tcode_Library">
<var>${index_number}</var>
<arg>${documents}</arg>
<arg>${document}</arg>
<status status="NOT RUN" starttime="20250127 19:15:17.493" endtime="20250127 19:15:17.493"/>
</kw>
<kw name="Evaluate" library="BuiltIn">
<var>${index}</var>
<arg>${index_number} + 2</arg>
<doc>Evaluates the given expression in Python and returns the result.</doc>
<status status="NOT RUN" starttime="20250127 19:15:17.493" endtime="20250127 19:15:17.493"/>
</kw>
<kw name="Read Row From Excel" library="SAP_Tcode_Library">
<var>${row_data}</var>
<arg>${file_name}</arg>
<arg>${sheet_name}</arg>
<arg>${j}</arg>
<status status="NOT RUN" starttime="20250127 19:15:17.493" endtime="20250127 19:15:17.493"/>
</kw>
<kw name="Write Row To Excel" library="SAP_Tcode_Library">
<arg>${target_file_name}</arg>
<arg>${target_sheet_name}</arg>
<arg>${index}</arg>
<arg>${row_data}</arg>
<status status="NOT RUN" starttime="20250127 19:15:17.493" endtime="20250127 19:15:17.493"/>
</kw>
<status status="NOT RUN" starttime="20250127 19:15:17.493" endtime="20250127 19:15:17.493"/>
</branch>
<status status="NOT RUN" starttime="20250127 19:15:17.493" endtime="20250127 19:15:17.493"/>
</if>
<status status="NOT RUN" starttime="20250127 19:15:17.493" endtime="20250127 19:15:17.493"/>
</iter>
<status status="NOT RUN" starttime="20250127 19:15:17.493" endtime="20250127 19:15:17.493"/>
</for>
<status status="NOT RUN" starttime="20250127 19:15:17.493" endtime="20250127 19:15:17.493"/>
</iter>
<status status="NOT RUN" starttime="20250127 19:15:17.493" endtime="20250127 19:15:17.493"/>
</for>
<status status="NOT RUN" starttime="20250127 19:15:17.493" endtime="20250127 19:15:17.493"/>
</branch>
<status status="PASS" starttime="20250127 19:15:17.493" endtime="20250127 19:15:17.493"/>
</if>
<status status="PASS" starttime="20250127 19:15:17.486" endtime="20250127 19:15:17.493"/>
</iter>
<iter>
<var name="${i}">9</var>
<kw name="Read Excel Cell Value" library="SAP_Tcode_Library">
<var>${data}</var>
<arg>${file_name}</arg>
<arg>${sheet_name}</arg>
<arg>1</arg>
<arg>${i}</arg>
<msg timestamp="20250127 19:15:17.508" level="INFO">${data} = None</msg>
<status status="PASS" starttime="20250127 19:15:17.493" endtime="20250127 19:15:17.508"/>
</kw>
<if>
<branch type="IF" condition="'${data}' == 'Sales document'">
<kw name="Evaluate" library="BuiltIn">
<var>@{documents}</var>
<arg>[item['document'] for item in ${list_value}]</arg>
<doc>Evaluates the given expression in Python and returns the result.</doc>
<status status="NOT RUN" starttime="20250127 19:15:17.508" endtime="20250127 19:15:17.508"/>
</kw>
<kw name="Count Excel Rows" library="SAP_Tcode_Library">
<var>${row_count}</var>
<arg>${file_name}</arg>
<arg>${sheet_name}</arg>
<status status="NOT RUN" starttime="20250127 19:15:17.508" endtime="20250127 19:15:17.508"/>
</kw>
<kw name="Evaluate" library="BuiltIn">
<var>${rows}</var>
<arg>${row_count} + 1</arg>
<doc>Evaluates the given expression in Python and returns the result.</doc>
<status status="NOT RUN" starttime="20250127 19:15:17.508" endtime="20250127 19:15:17.508"/>
</kw>
<for flavor="IN">
<var>${document}</var>
<value>@{documents}</value>
<iter>
<var name="${document}"/>
<kw name="Log To Console" library="BuiltIn">
<arg>document no is :${document}</arg>
<doc>Logs the given message to the console.</doc>
<status status="NOT RUN" starttime="20250127 19:15:17.508" endtime="20250127 19:15:17.508"/>
</kw>
<for flavor="IN RANGE">
<var>${j}</var>
<value>2</value>
<value>${rows}</value>
<iter>
<var name="${j}"/>
<kw name="Read Excel Cell Value" library="SAP_Tcode_Library">
<var>${input}</var>
<arg>${file_name}</arg>
<arg>${sheet_name}</arg>
<arg>${j}</arg>
<arg>${i}</arg>
<status status="NOT RUN" starttime="20250127 19:15:17.508" endtime="20250127 19:15:17.508"/>
</kw>
<if>
<branch type="IF" condition="${input} == &quot;${document}&quot;">
<kw name="Get Index" library="SAP_Tcode_Library">
<var>${index_number}</var>
<arg>${documents}</arg>
<arg>${document}</arg>
<status status="NOT RUN" starttime="20250127 19:15:17.508" endtime="20250127 19:15:17.508"/>
</kw>
<kw name="Evaluate" library="BuiltIn">
<var>${index}</var>
<arg>${index_number} + 2</arg>
<doc>Evaluates the given expression in Python and returns the result.</doc>
<status status="NOT RUN" starttime="20250127 19:15:17.508" endtime="20250127 19:15:17.508"/>
</kw>
<kw name="Read Row From Excel" library="SAP_Tcode_Library">
<var>${row_data}</var>
<arg>${file_name}</arg>
<arg>${sheet_name}</arg>
<arg>${j}</arg>
<status status="NOT RUN" starttime="20250127 19:15:17.508" endtime="20250127 19:15:17.508"/>
</kw>
<kw name="Write Row To Excel" library="SAP_Tcode_Library">
<arg>${target_file_name}</arg>
<arg>${target_sheet_name}</arg>
<arg>${index}</arg>
<arg>${row_data}</arg>
<status status="NOT RUN" starttime="20250127 19:15:17.508" endtime="20250127 19:15:17.508"/>
</kw>
<status status="NOT RUN" starttime="20250127 19:15:17.508" endtime="20250127 19:15:17.508"/>
</branch>
<status status="NOT RUN" starttime="20250127 19:15:17.508" endtime="20250127 19:15:17.508"/>
</if>
<status status="NOT RUN" starttime="20250127 19:15:17.508" endtime="20250127 19:15:17.508"/>
</iter>
<status status="NOT RUN" starttime="20250127 19:15:17.508" endtime="20250127 19:15:17.508"/>
</for>
<status status="NOT RUN" starttime="20250127 19:15:17.508" endtime="20250127 19:15:17.508"/>
</iter>
<status status="NOT RUN" starttime="20250127 19:15:17.508" endtime="20250127 19:15:17.508"/>
</for>
<status status="NOT RUN" starttime="20250127 19:15:17.508" endtime="20250127 19:15:17.508"/>
</branch>
<status status="PASS" starttime="20250127 19:15:17.508" endtime="20250127 19:15:17.508"/>
</if>
<status status="PASS" starttime="20250127 19:15:17.493" endtime="20250127 19:15:17.508"/>
</iter>
<iter>
<var name="${i}">10</var>
<kw name="Read Excel Cell Value" library="SAP_Tcode_Library">
<var>${data}</var>
<arg>${file_name}</arg>
<arg>${sheet_name}</arg>
<arg>1</arg>
<arg>${i}</arg>
<msg timestamp="20250127 19:15:17.508" level="INFO">${data} = None</msg>
<status status="PASS" starttime="20250127 19:15:17.508" endtime="20250127 19:15:17.508"/>
</kw>
<if>
<branch type="IF" condition="'${data}' == 'Sales document'">
<kw name="Evaluate" library="BuiltIn">
<var>@{documents}</var>
<arg>[item['document'] for item in ${list_value}]</arg>
<doc>Evaluates the given expression in Python and returns the result.</doc>
<status status="NOT RUN" starttime="20250127 19:15:17.524" endtime="20250127 19:15:17.524"/>
</kw>
<kw name="Count Excel Rows" library="SAP_Tcode_Library">
<var>${row_count}</var>
<arg>${file_name}</arg>
<arg>${sheet_name}</arg>
<status status="NOT RUN" starttime="20250127 19:15:17.524" endtime="20250127 19:15:17.524"/>
</kw>
<kw name="Evaluate" library="BuiltIn">
<var>${rows}</var>
<arg>${row_count} + 1</arg>
<doc>Evaluates the given expression in Python and returns the result.</doc>
<status status="NOT RUN" starttime="20250127 19:15:17.524" endtime="20250127 19:15:17.524"/>
</kw>
<for flavor="IN">
<var>${document}</var>
<value>@{documents}</value>
<iter>
<var name="${document}"/>
<kw name="Log To Console" library="BuiltIn">
<arg>document no is :${document}</arg>
<doc>Logs the given message to the console.</doc>
<status status="NOT RUN" starttime="20250127 19:15:17.524" endtime="20250127 19:15:17.524"/>
</kw>
<for flavor="IN RANGE">
<var>${j}</var>
<value>2</value>
<value>${rows}</value>
<iter>
<var name="${j}"/>
<kw name="Read Excel Cell Value" library="SAP_Tcode_Library">
<var>${input}</var>
<arg>${file_name}</arg>
<arg>${sheet_name}</arg>
<arg>${j}</arg>
<arg>${i}</arg>
<status status="NOT RUN" starttime="20250127 19:15:17.524" endtime="20250127 19:15:17.524"/>
</kw>
<if>
<branch type="IF" condition="${input} == &quot;${document}&quot;">
<kw name="Get Index" library="SAP_Tcode_Library">
<var>${index_number}</var>
<arg>${documents}</arg>
<arg>${document}</arg>
<status status="NOT RUN" starttime="20250127 19:15:17.524" endtime="20250127 19:15:17.524"/>
</kw>
<kw name="Evaluate" library="BuiltIn">
<var>${index}</var>
<arg>${index_number} + 2</arg>
<doc>Evaluates the given expression in Python and returns the result.</doc>
<status status="NOT RUN" starttime="20250127 19:15:17.524" endtime="20250127 19:15:17.524"/>
</kw>
<kw name="Read Row From Excel" library="SAP_Tcode_Library">
<var>${row_data}</var>
<arg>${file_name}</arg>
<arg>${sheet_name}</arg>
<arg>${j}</arg>
<status status="NOT RUN" starttime="20250127 19:15:17.524" endtime="20250127 19:15:17.524"/>
</kw>
<kw name="Write Row To Excel" library="SAP_Tcode_Library">
<arg>${target_file_name}</arg>
<arg>${target_sheet_name}</arg>
<arg>${index}</arg>
<arg>${row_data}</arg>
<status status="NOT RUN" starttime="20250127 19:15:17.524" endtime="20250127 19:15:17.524"/>
</kw>
<status status="NOT RUN" starttime="20250127 19:15:17.524" endtime="20250127 19:15:17.524"/>
</branch>
<status status="NOT RUN" starttime="20250127 19:15:17.524" endtime="20250127 19:15:17.524"/>
</if>
<status status="NOT RUN" starttime="20250127 19:15:17.524" endtime="20250127 19:15:17.524"/>
</iter>
<status status="NOT RUN" starttime="20250127 19:15:17.524" endtime="20250127 19:15:17.524"/>
</for>
<status status="NOT RUN" starttime="20250127 19:15:17.524" endtime="20250127 19:15:17.524"/>
</iter>
<status status="NOT RUN" starttime="20250127 19:15:17.524" endtime="20250127 19:15:17.524"/>
</for>
<status status="NOT RUN" starttime="20250127 19:15:17.508" endtime="20250127 19:15:17.524"/>
</branch>
<status status="PASS" starttime="20250127 19:15:17.508" endtime="20250127 19:15:17.524"/>
</if>
<status status="PASS" starttime="20250127 19:15:17.508" endtime="20250127 19:15:17.524"/>
</iter>
<iter>
<var name="${i}">11</var>
<kw name="Read Excel Cell Value" library="SAP_Tcode_Library">
<var>${data}</var>
<arg>${file_name}</arg>
<arg>${sheet_name}</arg>
<arg>1</arg>
<arg>${i}</arg>
<msg timestamp="20250127 19:15:17.555" level="INFO">${data} = None</msg>
<status status="PASS" starttime="20250127 19:15:17.524" endtime="20250127 19:15:17.555"/>
</kw>
<if>
<branch type="IF" condition="'${data}' == 'Sales document'">
<kw name="Evaluate" library="BuiltIn">
<var>@{documents}</var>
<arg>[item['document'] for item in ${list_value}]</arg>
<doc>Evaluates the given expression in Python and returns the result.</doc>
<status status="NOT RUN" starttime="20250127 19:15:17.555" endtime="20250127 19:15:17.555"/>
</kw>
<kw name="Count Excel Rows" library="SAP_Tcode_Library">
<var>${row_count}</var>
<arg>${file_name}</arg>
<arg>${sheet_name}</arg>
<status status="NOT RUN" starttime="20250127 19:15:17.555" endtime="20250127 19:15:17.555"/>
</kw>
<kw name="Evaluate" library="BuiltIn">
<var>${rows}</var>
<arg>${row_count} + 1</arg>
<doc>Evaluates the given expression in Python and returns the result.</doc>
<status status="NOT RUN" starttime="20250127 19:15:17.555" endtime="20250127 19:15:17.555"/>
</kw>
<for flavor="IN">
<var>${document}</var>
<value>@{documents}</value>
<iter>
<var name="${document}"/>
<kw name="Log To Console" library="BuiltIn">
<arg>document no is :${document}</arg>
<doc>Logs the given message to the console.</doc>
<status status="NOT RUN" starttime="20250127 19:15:17.555" endtime="20250127 19:15:17.555"/>
</kw>
<for flavor="IN RANGE">
<var>${j}</var>
<value>2</value>
<value>${rows}</value>
<iter>
<var name="${j}"/>
<kw name="Read Excel Cell Value" library="SAP_Tcode_Library">
<var>${input}</var>
<arg>${file_name}</arg>
<arg>${sheet_name}</arg>
<arg>${j}</arg>
<arg>${i}</arg>
<status status="NOT RUN" starttime="20250127 19:15:17.555" endtime="20250127 19:15:17.555"/>
</kw>
<if>
<branch type="IF" condition="${input} == &quot;${document}&quot;">
<kw name="Get Index" library="SAP_Tcode_Library">
<var>${index_number}</var>
<arg>${documents}</arg>
<arg>${document}</arg>
<status status="NOT RUN" starttime="20250127 19:15:17.555" endtime="20250127 19:15:17.555"/>
</kw>
<kw name="Evaluate" library="BuiltIn">
<var>${index}</var>
<arg>${index_number} + 2</arg>
<doc>Evaluates the given expression in Python and returns the result.</doc>
<status status="NOT RUN" starttime="20250127 19:15:17.555" endtime="20250127 19:15:17.555"/>
</kw>
<kw name="Read Row From Excel" library="SAP_Tcode_Library">
<var>${row_data}</var>
<arg>${file_name}</arg>
<arg>${sheet_name}</arg>
<arg>${j}</arg>
<status status="NOT RUN" starttime="20250127 19:15:17.555" endtime="20250127 19:15:17.555"/>
</kw>
<kw name="Write Row To Excel" library="SAP_Tcode_Library">
<arg>${target_file_name}</arg>
<arg>${target_sheet_name}</arg>
<arg>${index}</arg>
<arg>${row_data}</arg>
<status status="NOT RUN" starttime="20250127 19:15:17.555" endtime="20250127 19:15:17.555"/>
</kw>
<status status="NOT RUN" starttime="20250127 19:15:17.555" endtime="20250127 19:15:17.555"/>
</branch>
<status status="NOT RUN" starttime="20250127 19:15:17.555" endtime="20250127 19:15:17.555"/>
</if>
<status status="NOT RUN" starttime="20250127 19:15:17.555" endtime="20250127 19:15:17.555"/>
</iter>
<status status="NOT RUN" starttime="20250127 19:15:17.555" endtime="20250127 19:15:17.555"/>
</for>
<status status="NOT RUN" starttime="20250127 19:15:17.555" endtime="20250127 19:15:17.555"/>
</iter>
<status status="NOT RUN" starttime="20250127 19:15:17.555" endtime="20250127 19:15:17.555"/>
</for>
<status status="NOT RUN" starttime="20250127 19:15:17.555" endtime="20250127 19:15:17.555"/>
</branch>
<status status="PASS" starttime="20250127 19:15:17.555" endtime="20250127 19:15:17.555"/>
</if>
<status status="PASS" starttime="20250127 19:15:17.524" endtime="20250127 19:15:17.555"/>
</iter>
<status status="PASS" starttime="20250127 19:15:13.644" endtime="20250127 19:15:17.555"/>
</for>
<status status="PASS" starttime="20250127 19:15:13.057" endtime="20250127 19:15:17.555"/>
</kw>
<tag>excel</tag>
<tag>Regression</tag>
<status status="PASS" starttime="20250127 19:15:12.941" endtime="20250127 19:15:17.555"/>
</test>
<status status="PASS" starttime="20250127 19:15:12.139" endtime="20250127 19:15:17.555"/>
</suite>
<doc>Testing functionality through Robot Framework</doc>
<meta name="environment">Dev</meta>
<meta name="test_browser_name">chrome</meta>
<meta name="test_browser_version">131.0.6778.109</meta>
<meta name="test_driver_version">131.0.6778.85 </meta>
<meta name="test_environment">Dev</meta>
<meta name="test_freeze_dependencies">astroid==3.3.5,attrs==24.2.0,beautifulsoup4==4.12.3,bs4==0.0.2,certifi==2024.8.30,cffi==1.17.1,chardet==5.2.0,charset-normalizer==3.4.0,click==8.1.7,colorama==0.4.6,comtypes==1.4.8,cryptography==43.0.3,defusedxml==0.7.1,dill==0.3.9,docutils==0.21.2,et_xmlfile==2.0.0,exceptiongroup==1.2.2,gitdb==4.0.11,GitPython==3.1.43,h11==0.14.0,idna==3.10,isort==5.13.2,jason==0.1.7,Jinja2==3.1.4,jira==3.8.0,jsonpath-ng==1.7.0,jsonschema==4.23.0,jsonschema-specifications==2024.10.1,lazy-object-proxy==1.10.0,lxml==5.3.0,markdown-it-py==3.0.0,MarkupSafe==3.0.2,mccabe==0.7.0,mdurl==0.1.2,natsort==8.4.0,numpy==2.1.3,O365==2.0.38,oauthlib==3.2.2,opencv-python-headless==4.10.0.84,openpyxl==3.1.5,outcome==1.3.0.post0,packaging==24.2,pandas==2.2.3,pathspec==0.11.2,pillow==11.0.0,pip==24.3.1,platformdirs==4.3.6,ply==3.11,pycparser==2.22,Pygments==2.18.0,pylint==3.3.1,PyMuPDF==1.25.1,PySocks==1.7.1,pytesseract==0.3.13,python-dateutil==2.9.0.post0,pytz==2024.2,pywin32==308,pywinauto==0.6.8,PyYAML==6.0.2,referencing==0.35.1,requests==2.32.3,requests-oauthlib==2.0.0,requests-toolbelt==1.0.0,rich==13.9.4,rich-click==1.6.1,robotframework==6.0.2,robotframework-datadriver==1.9.0,robotframework-excellib==2.0.1,robotframework-jsonlibrary==0.5,robotframework-pabot==2.16.0,robotframework-pythonlibcore==4.2.0,robotframework-requests==0.9.2,robotframework-sapguilibrary==1.1,robotframework-seleniumlibrary==5.1.3,robotframework-stacktrace==0.4.1,robotframework-tidy==4.5.0,rpds-py==0.21.0,selenium==4.9.1,setuptools==75.6.0,six==1.16.0,smmap==5.0.1,sniffio==1.3.1,sortedcontainers==2.4.0,soupsieve==2.6,tomli==2.0.2,tomlkit==0.13.2,trio==0.27.0,trio-websocket==0.11.1,typing_extensions==4.12.2,tzdata==2024.2,tzlocal==5.2,urllib3==2.2.3,wheel==0.45.1,wrapt==1.17.0,wsproto==1.2.0</meta>
<status status="PASS" starttime="20250127 19:15:06.227" endtime="20250127 19:15:17.687"/>
</suite>
<statistics>
<total>
<stat pass="1" fail="0" skip="0">All Tests</stat>
</total>
<tag>
<stat pass="1" fail="0" skip="0">excel</stat>
<stat pass="1" fail="0" skip="0">Regression</stat>
</tag>
<suite>
<stat pass="1" fail="0" skip="0" id="s1" name="Tests">Tests</stat>
<stat pass="1" fail="0" skip="0" id="s1-s1" name="Test custom excel">Tests.Test custom excel</stat>
</suite>
</statistics>
<errors>
</errors>
</robot>
