<?xml version="1.0" encoding="UTF-8"?>
<robot generator="Robot 6.0.2 (Python 3.12.7 on win32)" generated="20241203 19:01:56.125" rpa="false" schemaversion="3">
<suite id="s1" name="Tests" source="C:\EID_Replay\EID_Parry\Tests">
<kw name="Setup highest level suite" type="SETUP">
<kw name="Set Variable" library="BuiltIn">
<var>${d.test_server}</var>
<arg>${test_server}</arg>
<doc>Returns the given values which can then be assigned to a variables.</doc>
<msg timestamp="20241203 19:01:57.715" level="INFO">${d.test_server} = Dev</msg>
<status status="PASS" starttime="20241203 19:01:57.715" endtime="20241203 19:01:57.715"/>
</kw>
<kw name="Reset screenshot count variable" library="Support">
<kw name="Set Variable" library="BuiltIn">
<var>${screenshotCount}</var>
<arg>${PABOTQUEUEINDEX}_1</arg>
<doc>Returns the given values which can then be assigned to a variables.</doc>
<msg timestamp="20241203 19:01:57.716" level="INFO">${screenshotCount} = 0_1</msg>
<status status="PASS" starttime="20241203 19:01:57.715" endtime="20241203 19:01:57.716"/>
</kw>
<kw name="Set Global Variable" library="BuiltIn">
<arg>${screenshotCount}</arg>
<doc>Makes a variable available globally in all tests and suites.</doc>
<msg timestamp="20241203 19:01:57.716" level="INFO">${screenshotCount} = 0_1</msg>
<status status="PASS" starttime="20241203 19:01:57.716" endtime="20241203 19:01:57.716"/>
</kw>
<kw name="Set up screenshot directory" library="Support">
<kw name="Create Directory" library="OperatingSystem">
<arg>${OUTPUTDIR}${/}${wvar('screenshot_dir')}</arg>
<doc>Creates the specified directory.</doc>
<msg timestamp="20241203 19:01:57.717" level="INFO">Web.Dev.screenshot_dir: Screenshot</msg>
<msg timestamp="20241203 19:01:57.718" level="INFO" html="true">Created directory '&lt;a href="file://C:\EID_Replay\EID_Parry\Output\8a5533bd-4b6c-4b55-b0aa-3e266e578267\pabot_results\0\Screenshot"&gt;C:\EID_Replay\EID_Parry\Output\8a5533bd-4b6c-4b55-b0aa-3e266e578267\pabot_results\0\Screenshot&lt;/a&gt;'.</msg>
<status status="PASS" starttime="20241203 19:01:57.716" endtime="20241203 19:01:57.718"/>
</kw>
<status status="PASS" starttime="20241203 19:01:57.716" endtime="20241203 19:01:57.718"/>
</kw>
<status status="PASS" starttime="20241203 19:01:57.715" endtime="20241203 19:01:57.718"/>
</kw>
<kw name="Set Global Variable" library="BuiltIn">
<arg>${screenshot_taking}</arg>
<arg>${True}</arg>
<doc>Makes a variable available globally in all tests and suites.</doc>
<msg timestamp="20241203 19:01:57.719" level="INFO">${screenshot_taking} = True</msg>
<status status="PASS" starttime="20241203 19:01:57.718" endtime="20241203 19:01:57.719"/>
</kw>
<kw name="Setup linux execution" library="Support">
<kw name="Run Keyword And Return Status" library="BuiltIn">
<var>${web_test_check}</var>
<arg>Variable Should Exist</arg>
<arg>${web_test}</arg>
<doc>Runs the given keyword with given arguments and returns the status as a Boolean value.</doc>
<kw name="Variable Should Exist" library="BuiltIn">
<arg>${web_test}</arg>
<doc>Fails unless the given variable exists within the current scope.</doc>
<status status="PASS" starttime="20241203 19:01:57.720" endtime="20241203 19:01:57.720"/>
</kw>
<msg timestamp="20241203 19:01:57.720" level="INFO">${web_test_check} = True</msg>
<status status="PASS" starttime="20241203 19:01:57.719" endtime="20241203 19:01:57.720"/>
</kw>
<kw name="Run Keyword If" library="BuiltIn">
<arg>${web_test_check}</arg>
<arg>Setup Docker Execution Options</arg>
<doc>Runs the given keyword with the given arguments, if ``condition`` is true.</doc>
<kw name="Setup Docker Execution Options" library="Support_Web">
<kw name="Setup Suite Metadata" library="Support_Web">
<arg>${browser}</arg>
<kw name="Get Browser Metadata" library="BrowserSupport">
<var>&amp;{browser_information}</var>
<arg>browser=${browser}</arg>
<doc>Fetches browser metadata information
:param browser: Name of the browser for which information is fetched
:param reload: Re-read the metadata based on the browser
:return: Browser metadata information, dict of format
            {"browser_version": browser version value,
             "driver_version": driver version value}</doc>
<msg timestamp="20241203 19:02:01.742" level="INFO">&amp;{browser_information} = { browser_version=131.0.6778.86 | driver_version=131.0.6778.85  }</msg>
<status status="PASS" starttime="20241203 19:01:57.721" endtime="20241203 19:02:01.742"/>
</kw>
<kw name="Set Suite Metadata" library="BuiltIn">
<arg>test_browser_name</arg>
<arg>${browser}</arg>
<doc>Sets metadata for the current test suite.</doc>
<msg timestamp="20241203 19:02:01.743" level="INFO">Set suite metadata 'test_browser_name' to value 'chrome'.</msg>
<status status="PASS" starttime="20241203 19:02:01.743" endtime="20241203 19:02:01.743"/>
</kw>
<kw name="Set Suite Metadata" library="BuiltIn">
<arg>test_browser_version</arg>
<arg>${browser_information.browser_version}</arg>
<doc>Sets metadata for the current test suite.</doc>
<msg timestamp="20241203 19:02:01.744" level="INFO">Set suite metadata 'test_browser_version' to value '131.0.6778.86'.</msg>
<status status="PASS" starttime="20241203 19:02:01.743" endtime="20241203 19:02:01.744"/>
</kw>
<kw name="Set Suite Metadata" library="BuiltIn">
<arg>test_driver_version</arg>
<arg>${browser_information.driver_version}</arg>
<doc>Sets metadata for the current test suite.</doc>
<msg timestamp="20241203 19:02:01.744" level="INFO">Set suite metadata 'test_driver_version' to value '131.0.6778.85 '.</msg>
<status status="PASS" starttime="20241203 19:02:01.744" endtime="20241203 19:02:01.745"/>
</kw>
<status status="PASS" starttime="20241203 19:01:57.721" endtime="20241203 19:02:01.745"/>
</kw>
<kw name="Setup Global Docker Execution Options" library="Support_Web">
<kw name="Set Global Variable" library="BuiltIn">
<arg>${global_browser_options}</arg>
<arg>None</arg>
<doc>Makes a variable available globally in all tests and suites.</doc>
<msg timestamp="20241203 19:02:01.746" level="INFO">${global_browser_options} = None</msg>
<status status="PASS" starttime="20241203 19:02:01.745" endtime="20241203 19:02:01.746"/>
</kw>
<kw name="Get Environment Variable" library="OperatingSystem">
<var>${docker_check}</var>
<arg>EXECUTION_ENVIRONMENT</arg>
<arg>not_found</arg>
<doc>Returns the value of an environment variable with the given name.</doc>
<msg timestamp="20241203 19:02:01.746" level="INFO">${docker_check} = not_found</msg>
<status status="PASS" starttime="20241203 19:02:01.746" endtime="20241203 19:02:01.746"/>
</kw>
<kw name="Run Keyword And Return If" library="BuiltIn">
<arg>"${docker_check}"!="docker"</arg>
<arg>Log</arg>
<arg>Not executing on Docker</arg>
<doc>Runs the specified keyword and returns from the enclosing user keyword.</doc>
<kw name="Log" library="BuiltIn">
<arg>Not executing on Docker</arg>
<doc>Logs the given message with the given level.</doc>
<msg timestamp="20241203 19:02:01.747" level="INFO">Not executing on Docker</msg>
<status status="PASS" starttime="20241203 19:02:01.746" endtime="20241203 19:02:01.747"/>
</kw>
<msg timestamp="20241203 19:02:01.747" level="INFO">Returning from the enclosing user keyword.</msg>
<status status="PASS" starttime="20241203 19:02:01.746" endtime="20241203 19:02:01.747"/>
</kw>
<kw name="Create List" library="BuiltIn">
<var>@{options}</var>
<arg>--headless</arg>
<arg>--no-sandbox</arg>
<arg>--disable-dev-shm-usage</arg>
<doc>Returns a list containing given items.</doc>
<status status="NOT RUN" starttime="20241203 19:02:01.747" endtime="20241203 19:02:01.747"/>
</kw>
<kw name="Set Global Variable" library="BuiltIn">
<arg>@{docker_options}</arg>
<arg>@{options}</arg>
<doc>Makes a variable available globally in all tests and suites.</doc>
<status status="NOT RUN" starttime="20241203 19:02:01.747" endtime="20241203 19:02:01.747"/>
</kw>
<status status="PASS" starttime="20241203 19:02:01.745" endtime="20241203 19:02:01.747"/>
</kw>
<kw name="Create Webdriver for chrome preferences" library="Support_Web">
<kw name="Update Docker Execution Options" library="Support_Web">
<var>${list_prefs}</var>
<arg>${list_prefs}</arg>
<kw name="Run Keyword And Return Status" library="BuiltIn">
<var>${docker_check}</var>
<arg>Variable Should Exist</arg>
<arg>${docker_options}</arg>
<doc>Runs the given keyword with given arguments and returns the status as a Boolean value.</doc>
<kw name="Variable Should Exist" library="BuiltIn">
<arg>${docker_options}</arg>
<doc>Fails unless the given variable exists within the current scope.</doc>
<msg timestamp="20241203 19:02:01.750" level="FAIL">Variable '${docker_options}' does not exist.</msg>
<status status="FAIL" starttime="20241203 19:02:01.748" endtime="20241203 19:02:01.750"/>
</kw>
<msg timestamp="20241203 19:02:01.750" level="INFO">${docker_check} = False</msg>
<status status="PASS" starttime="20241203 19:02:01.748" endtime="20241203 19:02:01.750"/>
</kw>
<kw name="Get Length" library="BuiltIn">
<var>${list_prefs_length}</var>
<arg>${list_prefs}</arg>
<doc>Returns and logs the length of the given item as an integer.</doc>
<msg timestamp="20241203 19:02:01.750" level="INFO">Length is 1</msg>
<msg timestamp="20241203 19:02:01.750" level="INFO">${list_prefs_length} = 1</msg>
<status status="PASS" starttime="20241203 19:02:01.750" endtime="20241203 19:02:01.750"/>
</kw>
<kw name="Run Keyword If" library="BuiltIn">
<var>${list_prefs}</var>
<arg>${docker_check} and ${list_prefs_length}&gt;0 and ${list_prefs}[0] != []</arg>
<arg>Combine Lists</arg>
<arg>${list_prefs}</arg>
<arg>${docker_options}</arg>
<arg>ELSE IF</arg>
<arg>${docker_check}</arg>
<arg>Set Variable</arg>
<arg>${docker_options}</arg>
<arg>ELSE</arg>
<arg>Set Variable</arg>
<arg>${list_prefs}</arg>
<doc>Runs the given keyword with the given arguments, if ``condition`` is true.</doc>
<kw name="Set Variable" library="BuiltIn">
<arg>${list_prefs}</arg>
<doc>Returns the given values which can then be assigned to a variables.</doc>
<status status="PASS" starttime="20241203 19:02:01.751" endtime="20241203 19:02:01.751"/>
</kw>
<msg timestamp="20241203 19:02:01.751" level="INFO">${list_prefs} = [[]]</msg>
<status status="PASS" starttime="20241203 19:02:01.750" endtime="20241203 19:02:01.751"/>
</kw>
<msg timestamp="20241203 19:02:01.751" level="INFO">${list_prefs} = [[]]</msg>
<status status="PASS" starttime="20241203 19:02:01.748" endtime="20241203 19:02:01.751"/>
</kw>
<kw name="Create Chrome Options for download preferences" library="Support_Web">
<var>${chrome_options}</var>
<kw name="Evaluate" library="BuiltIn">
<var>${chrome_options}</var>
<arg>sys.modules['selenium.webdriver'].ChromeOptions()</arg>
<arg>sys</arg>
<doc>Evaluates the given expression in Python and returns the result.</doc>
<msg timestamp="20241203 19:02:01.752" level="INFO">${chrome_options} = &lt;selenium.webdriver.chrome.options.Options object at 0x000002952AA71040&gt;</msg>
<status status="PASS" starttime="20241203 19:02:01.751" endtime="20241203 19:02:01.752"/>
</kw>
<msg timestamp="20241203 19:02:01.752" level="INFO">${chrome_options} = &lt;selenium.webdriver.chrome.options.Options object at 0x000002952AA71040&gt;</msg>
<status status="PASS" starttime="20241203 19:02:01.751" endtime="20241203 19:02:01.752"/>
</kw>
<kw name="Update Preferences List" library="Support_Web">
<arg>${chrome_options}</arg>
<arg>@{list_prefs}</arg>
<kw name="Convert To String" library="BuiltIn">
<var>${string_prefs}</var>
<arg>${list_prefs}</arg>
<doc>Converts the given item to a Unicode string.</doc>
<msg timestamp="20241203 19:02:01.753" level="INFO">${string_prefs} = [[]]</msg>
<status status="PASS" starttime="20241203 19:02:01.752" endtime="20241203 19:02:01.753"/>
</kw>
<kw name="Return From Keyword If" library="BuiltIn">
<arg>${string_prefs} == [[]]</arg>
<doc>Returns from the enclosing user keyword if ``condition`` is true.</doc>
<msg timestamp="20241203 19:02:01.753" level="INFO">Returning from the enclosing user keyword.</msg>
<status status="PASS" starttime="20241203 19:02:01.753" endtime="20241203 19:02:01.753"/>
</kw>
<for flavor="IN">
<var>${preference}</var>
<value>@{list_prefs}</value>
<iter>
<var name="${preference}"/>
<kw name="Call Method" library="BuiltIn">
<arg>${chrome_options}</arg>
<arg>add_argument</arg>
<arg>${preference}</arg>
<doc>Calls the named method of the given object with the provided arguments.</doc>
<status status="NOT RUN" starttime="20241203 19:02:01.753" endtime="20241203 19:02:01.753"/>
</kw>
<status status="NOT RUN" starttime="20241203 19:02:01.753" endtime="20241203 19:02:01.754"/>
</iter>
<status status="NOT RUN" starttime="20241203 19:02:01.753" endtime="20241203 19:02:01.754"/>
</for>
<status status="PASS" starttime="20241203 19:02:01.752" endtime="20241203 19:02:01.754"/>
</kw>
<kw name="Call Method" library="BuiltIn">
<arg>${chrome_options}</arg>
<arg>add_experimental_option</arg>
<arg>prefs</arg>
<arg>${kw_prefs}</arg>
<doc>Calls the named method of the given object with the provided arguments.</doc>
<status status="PASS" starttime="20241203 19:02:01.754" endtime="20241203 19:02:01.754"/>
</kw>
<kw name="Set Global Variable" library="BuiltIn">
<arg>${global_browser_options}</arg>
<arg>${chrome options}</arg>
<doc>Makes a variable available globally in all tests and suites.</doc>
<msg timestamp="20241203 19:02:01.754" level="INFO">${global_browser_options} = &lt;selenium.webdriver.chrome.options.Options object at 0x000002952AA71040&gt;</msg>
<status status="PASS" starttime="20241203 19:02:01.754" endtime="20241203 19:02:01.754"/>
</kw>
<status status="PASS" starttime="20241203 19:02:01.747" endtime="20241203 19:02:01.755"/>
</kw>
<status status="PASS" starttime="20241203 19:01:57.721" endtime="20241203 19:02:01.755"/>
</kw>
<status status="PASS" starttime="20241203 19:01:57.720" endtime="20241203 19:02:01.755"/>
</kw>
<status status="PASS" starttime="20241203 19:01:57.719" endtime="20241203 19:02:01.755"/>
</kw>
<kw name="Set Suite Metadata" library="BuiltIn">
<arg>environment</arg>
<arg>${test_server}</arg>
<doc>Sets metadata for the current test suite.</doc>
<msg timestamp="20241203 19:02:01.755" level="INFO">Set suite metadata 'environment' to value 'Dev'.</msg>
<status status="PASS" starttime="20241203 19:02:01.755" endtime="20241203 19:02:01.755"/>
</kw>
<status status="PASS" starttime="20241203 19:01:57.714" endtime="20241203 19:02:01.755"/>
</kw>
<suite id="s1-s1" name="Test Create Rental Invoice" source="C:\EID_Replay\EID_Parry\Tests\Test_Create_Rental_Invoice.robot">
<kw name="System Logon" library="create_rental_invoice" type="SETUP">
<kw name="Start Process" library="Process">
<arg>${symvar('SAP_SERVER')}</arg>
<doc>Starts a new process on background.</doc>
<msg timestamp="20241203 19:02:02.528" level="INFO">Sym.Dev.SAP_SERVER: C:\Program Files (x86)\SAP\FrontEnd\SAPgui\saplogon.exe</msg>
<msg timestamp="20241203 19:02:02.529" level="INFO">Starting process:
"C:\Program Files (x86)\SAP\FrontEnd\SAPgui\saplogon.exe"</msg>
<status status="PASS" starttime="20241203 19:02:02.527" endtime="20241203 19:02:02.545"/>
</kw>
<kw name="Connect To Session" library="SAP_Tcode_Library">
<doc>Connects to an open session SAP.</doc>
<status status="PASS" starttime="20241203 19:02:02.545" endtime="20241203 19:02:03.359"/>
</kw>
<kw name="Open Connection" library="SAP_Tcode_Library">
<arg>${symvar('Rental_Connection')}</arg>
<doc>Opens a connection to the given connection name. Be sure to provide the full connection name, including the bracket part.</doc>
<msg timestamp="20241203 19:02:03.361" level="INFO">Sym.Dev.Rental_Connection: EID sandbox</msg>
<status status="PASS" starttime="20241203 19:02:03.360" endtime="20241203 19:02:03.945"/>
</kw>
<kw name="Input Text" library="SAP_Tcode_Library">
<arg>wnd[0]/usr/txtRSYST-MANDT</arg>
<arg>${symvar('Rental_Client')}</arg>
<doc>Inserts the given text into the text field identified by locator.
Use keyword `input password` to insert a password in a text field.</doc>
<msg timestamp="20241203 19:02:03.947" level="INFO">Sym.Dev.Rental_Client: 900</msg>
<msg timestamp="20241203 19:02:03.999" level="INFO">Typing text '900' into text field 'wnd[0]/usr/txtRSYST-MANDT'.</msg>
<status status="PASS" starttime="20241203 19:02:03.946" endtime="20241203 19:02:04.000"/>
</kw>
<kw name="Input Text" library="SAP_Tcode_Library">
<arg>wnd[0]/usr/txtRSYST-BNAME</arg>
<arg>${symvar('Rental_User')}</arg>
<doc>Inserts the given text into the text field identified by locator.
Use keyword `input password` to insert a password in a text field.</doc>
<msg timestamp="20241203 19:02:04.001" level="INFO">Sym.Dev.Rental_User: bcssupport1</msg>
<msg timestamp="20241203 19:02:04.015" level="INFO">Typing text 'bcssupport1' into text field 'wnd[0]/usr/txtRSYST-BNAME'.</msg>
<status status="PASS" starttime="20241203 19:02:04.000" endtime="20241203 19:02:04.015"/>
</kw>
<kw name="Input Password" library="SAP_Tcode_Library">
<arg>wnd[0]/usr/pwdRSYST-BCODE</arg>
<arg>%{RENTAL_PASSWORD}</arg>
<doc>Inserts the given password into the text field identified by locator.
The password is not recorded in the log.</doc>
<msg timestamp="20241203 19:02:04.023" level="INFO">Typing password into text field 'wnd[0]/usr/pwdRSYST-BCODE'.</msg>
<status status="PASS" starttime="20241203 19:02:04.015" endtime="20241203 19:02:04.023"/>
</kw>
<kw name="Send Vkey" library="SAP_Tcode_Library">
<arg>0</arg>
<doc>Sends a SAP virtual key combination to the window, not into an element.
If you want to send a value to a text field, use `input text` instead.</doc>
<status status="PASS" starttime="20241203 19:02:04.023" endtime="20241203 19:02:04.186"/>
</kw>
<kw name="Multiple Logon Handling" library="SAP_Tcode_Library">
<arg>wnd[1]</arg>
<arg>wnd[1]/usr/radMULTI_LOGON_OPT2</arg>
<arg>wnd[1]/tbar[0]/btn[0]</arg>
<msg timestamp="20241203 19:02:04.807" level="INFO">Multiple logon exists</msg>
<status status="PASS" starttime="20241203 19:02:04.186" endtime="20241203 19:02:04.807"/>
</kw>
<status status="PASS" starttime="20241203 19:02:02.527" endtime="20241203 19:02:04.807"/>
</kw>
<test id="s1-s1-t1" name="Create the rental Invoice" line="8">
<kw name="Rental Invoice" library="create_rental_invoice">
<kw name="Run Transaction" library="SAP_Tcode_Library">
<arg>/nVF01</arg>
<doc>Runs a Sap transaction. An error is given when an unknown transaction is specified.</doc>
<status status="PASS" starttime="20241203 19:02:04.809" endtime="20241203 19:02:05.039"/>
</kw>
<kw name="Sleep" library="BuiltIn">
<arg>1</arg>
<doc>Pauses the test executed for the given time.</doc>
<msg timestamp="20241203 19:02:06.041" level="INFO">Slept 1 second</msg>
<status status="PASS" starttime="20241203 19:02:05.039" endtime="20241203 19:02:06.041"/>
</kw>
<kw name="Input Text" library="SAP_Tcode_Library">
<arg>wnd[0]/usr/tblSAPMV60ATCTRL_ERF_FAKT/ctxtKOMFK-VBELN[0,0]</arg>
<arg>${symvar('documents')}</arg>
<doc>Inserts the given text into the text field identified by locator.
Use keyword `input password` to insert a password in a text field.</doc>
<msg timestamp="20241203 19:02:06.042" level="INFO">Sym.Dev.documents: 40025323</msg>
<msg timestamp="20241203 19:02:06.056" level="INFO">Typing text '40025323' into text field 'wnd[0]/usr/tblSAPMV60ATCTRL_ERF_FAKT/ctxtKOMFK-VBELN[0,0]'.</msg>
<status status="PASS" starttime="20241203 19:02:06.041" endtime="20241203 19:02:06.056"/>
</kw>
<kw name="Get Current Date" library="DateTime">
<var>${current_date}</var>
<arg>result_format=%d.%m.%Y</arg>
<doc>Returns current local or UTC time with an optional increment.</doc>
<msg timestamp="20241203 19:02:06.056" level="INFO">${current_date} = 03.12.2024</msg>
<status status="PASS" starttime="20241203 19:02:06.056" endtime="20241203 19:02:06.056"/>
</kw>
<kw name="Input Text" library="SAP_Tcode_Library">
<arg>wnd[0]/usr/ctxtRV60A-FKDAT</arg>
<arg>${current_date}</arg>
<doc>Inserts the given text into the text field identified by locator.
Use keyword `input password` to insert a password in a text field.</doc>
<msg timestamp="20241203 19:02:06.066" level="INFO">Typing text '03.12.2024' into text field 'wnd[0]/usr/ctxtRV60A-FKDAT'.</msg>
<status status="PASS" starttime="20241203 19:02:06.057" endtime="20241203 19:02:06.066"/>
</kw>
<kw name="Send Vkey" library="SAP_Tcode_Library">
<arg>0</arg>
<doc>Sends a SAP virtual key combination to the window, not into an element.
If you want to send a value to a text field, use `input text` instead.</doc>
<status status="PASS" starttime="20241203 19:02:06.066" endtime="20241203 19:02:06.394"/>
</kw>
<kw name="Get Value" library="SAP_Tcode_Library">
<var>${status}</var>
<arg>wnd[0]/sbar/pane[0]</arg>
<doc>Gets the value of the given element. The possible return values depend on the type of element (see Return values).</doc>
<msg timestamp="20241203 19:02:06.497" level="INFO">${status} = Please check the log.</msg>
<status status="PASS" starttime="20241203 19:02:06.394" endtime="20241203 19:02:06.497"/>
</kw>
<if>
<branch type="IF" condition="'${status}' == 'No billing documents were generated. Please see log.'">
<kw name="Log To Console" library="BuiltIn">
<arg>For ${symvar('documents')} ${status}</arg>
<doc>Logs the given message to the console.</doc>
<status status="NOT RUN" starttime="20241203 19:02:06.498" endtime="20241203 19:02:06.498"/>
</kw>
<kw name="Click Element" library="SAP_Tcode_Library">
<arg>element_id=wnd[0]/mbar/menu[1]/menu[3]</arg>
<doc>Performs a single click on a given element. Used only for buttons, tabs and menu items.</doc>
<status status="NOT RUN" starttime="20241203 19:02:06.498" endtime="20241203 19:02:06.499"/>
</kw>
<kw name="Click Element" library="SAP_Tcode_Library">
<arg>element_id=wnd[0]/tbar[1]/btn[25]</arg>
<doc>Performs a single click on a given element. Used only for buttons, tabs and menu items.</doc>
<status status="NOT RUN" starttime="20241203 19:02:06.499" endtime="20241203 19:02:06.499"/>
</kw>
<kw name="Get Value" library="SAP_Tcode_Library">
<var>${error_log}</var>
<arg>element_id=wnd[0]/usr/sub/1[0,0]/sub/1/2[0,1]/sub/1/2/3[0,3]/lbl[19,3]</arg>
<doc>Gets the value of the given element. The possible return values depend on the type of element (see Return values).</doc>
<status status="NOT RUN" starttime="20241203 19:02:06.499" endtime="20241203 19:02:06.499"/>
</kw>
<kw name="Log To Console" library="BuiltIn">
<arg>message=**gbStart**copilot_status_error_log**splitKeyValue**${symvar('documents')} ${error_log}**gbEnd**</arg>
<doc>Logs the given message to the console.</doc>
<status status="NOT RUN" starttime="20241203 19:02:06.499" endtime="20241203 19:02:06.499"/>
</kw>
<status status="NOT RUN" starttime="20241203 19:02:06.498" endtime="20241203 19:02:06.499"/>
</branch>
<branch type="ELSE IF" condition="'${status}' == '${EMPTY}'">
<kw name="Sleep" library="BuiltIn">
<arg>time_=0.4 seconds</arg>
<doc>Pauses the test executed for the given time.</doc>
<status status="NOT RUN" starttime="20241203 19:02:06.501" endtime="20241203 19:02:06.501"/>
</kw>
<kw name="Click Element" library="SAP_Tcode_Library">
<arg>wnd[0]/usr/btnTC_HEAD</arg>
<doc>Performs a single click on a given element. Used only for buttons, tabs and menu items.</doc>
<status status="NOT RUN" starttime="20241203 19:02:06.501" endtime="20241203 19:02:06.501"/>
</kw>
<kw name="Click Element" library="SAP_Tcode_Library">
<arg>wnd[0]/usr/tabsTABSTRIP_OVERVIEW/tabpKFTE</arg>
<doc>Performs a single click on a given element. Used only for buttons, tabs and menu items.</doc>
<status status="NOT RUN" starttime="20241203 19:02:06.501" endtime="20241203 19:02:06.501"/>
</kw>
<kw name="Doubleclick Element" library="SAP_Tcode_Library">
<arg>${rental_form}</arg>
<arg>0001</arg>
<arg>Column1</arg>
<doc>Performs a double-click on a given element. Used only for shell objects.</doc>
<status status="NOT RUN" starttime="20241203 19:02:06.501" endtime="20241203 19:02:06.501"/>
</kw>
<kw name="Input Text" library="SAP_Tcode_Library">
<arg>${rental_text}</arg>
<arg>${Text}</arg>
<doc>Inserts the given text into the text field identified by locator.
Use keyword `input password` to insert a password in a text field.</doc>
<status status="NOT RUN" starttime="20241203 19:02:06.502" endtime="20241203 19:02:06.502"/>
</kw>
<kw name="Sleep" library="BuiltIn">
<arg>time_=0.4 seconds</arg>
<doc>Pauses the test executed for the given time.</doc>
<status status="NOT RUN" starttime="20241203 19:02:06.502" endtime="20241203 19:02:06.502"/>
</kw>
<kw name="Click Element" library="SAP_Tcode_Library">
<arg>wnd[0]/usr/tabsTABSTRIP_OVERVIEW/tabpKFCU</arg>
<doc>Performs a single click on a given element. Used only for buttons, tabs and menu items.</doc>
<status status="NOT RUN" starttime="20241203 19:02:06.502" endtime="20241203 19:02:06.502"/>
</kw>
<kw name="Input Text" library="SAP_Tcode_Library">
<arg>wnd[0]/usr/tabsTABSTRIP_OVERVIEW/tabpKFCU/ssubSUBSCREEN_BODY:SAPMV60A:6101/ssubCUSTOMER_SCREEN:ZZBILLHEADER:0100/txtVBRK-ZZEWAYBL</arg>
<arg>NA</arg>
<doc>Inserts the given text into the text field identified by locator.
Use keyword `input password` to insert a password in a text field.</doc>
<status status="NOT RUN" starttime="20241203 19:02:06.502" endtime="20241203 19:02:06.502"/>
</kw>
<kw name="Sleep" library="BuiltIn">
<arg>time_=0.4 seconds</arg>
<doc>Pauses the test executed for the given time.</doc>
<status status="NOT RUN" starttime="20241203 19:02:06.503" endtime="20241203 19:02:06.503"/>
</kw>
<kw name="Click Element" library="SAP_Tcode_Library">
<arg>wnd[0]/tbar[0]/btn[11]</arg>
<doc>Performs a single click on a given element. Used only for buttons, tabs and menu items.</doc>
<status status="NOT RUN" starttime="20241203 19:02:06.503" endtime="20241203 19:02:06.503"/>
</kw>
<kw name="Get Value" library="SAP_Tcode_Library">
<var>${output}</var>
<arg>wnd[0]/sbar/pane[0]</arg>
<doc>Gets the value of the given element. The possible return values depend on the type of element (see Return values).</doc>
<status status="NOT RUN" starttime="20241203 19:02:06.503" endtime="20241203 19:02:06.503"/>
</kw>
<kw name="Log To Console" library="BuiltIn">
<arg>${output}</arg>
<doc>Logs the given message to the console.</doc>
<status status="NOT RUN" starttime="20241203 19:02:06.503" endtime="20241203 19:02:06.503"/>
</kw>
<kw name="Log To Console" library="BuiltIn">
<arg>message=**gbStart**copilot_status_invoicelog**splitKeyValue**${symvar('documents')} ${output}**gbEnd**</arg>
<doc>Logs the given message to the console.</doc>
<status status="NOT RUN" starttime="20241203 19:02:06.503" endtime="20241203 19:02:06.504"/>
</kw>
<kw name="Get Invoice Number" library="SAP_Tcode_Library">
<var>${invoice_doc}</var>
<arg>status_id=wnd[0]/sbar/pane[0]</arg>
<status status="NOT RUN" starttime="20241203 19:02:06.504" endtime="20241203 19:02:06.504"/>
</kw>
<kw name="Pdf_process" library="create_rental_invoice">
<arg>${invoice_doc}</arg>
<status status="NOT RUN" starttime="20241203 19:02:06.504" endtime="20241203 19:02:06.504"/>
</kw>
<status status="NOT RUN" starttime="20241203 19:02:06.500" endtime="20241203 19:02:06.504"/>
</branch>
<branch type="ELSE IF" condition="'${status}' == 'Please check the log.'">
<kw name="Sleep" library="BuiltIn">
<arg>time_=0.4 seconds</arg>
<doc>Pauses the test executed for the given time.</doc>
<msg timestamp="20241203 19:02:06.906" level="INFO">Slept 400 milliseconds</msg>
<status status="PASS" starttime="20241203 19:02:06.505" endtime="20241203 19:02:06.906"/>
</kw>
<kw name="Click Element" library="SAP_Tcode_Library">
<arg>wnd[0]/usr/btnTC_HEAD</arg>
<doc>Performs a single click on a given element. Used only for buttons, tabs and menu items.</doc>
<status status="PASS" starttime="20241203 19:02:06.906" endtime="20241203 19:02:07.090"/>
</kw>
<kw name="Click Element" library="SAP_Tcode_Library">
<arg>wnd[0]/usr/tabsTABSTRIP_OVERVIEW/tabpKFTE</arg>
<doc>Performs a single click on a given element. Used only for buttons, tabs and menu items.</doc>
<status status="PASS" starttime="20241203 19:02:07.091" endtime="20241203 19:02:07.615"/>
</kw>
<kw name="Doubleclick Element" library="SAP_Tcode_Library">
<arg>${rental_form}</arg>
<arg>0001</arg>
<arg>Column1</arg>
<doc>Performs a double-click on a given element. Used only for shell objects.</doc>
<status status="PASS" starttime="20241203 19:02:07.616" endtime="20241203 19:02:07.854"/>
</kw>
<kw name="Input Text" library="SAP_Tcode_Library">
<arg>${rental_text}</arg>
<arg>${Text}</arg>
<doc>Inserts the given text into the text field identified by locator.
Use keyword `input password` to insert a password in a text field.</doc>
<msg timestamp="20241203 19:02:07.909" level="INFO">Typing text 'Rent for the month of November 2024.' into text field 'wnd[0]/usr/tabsTABSTRIP_OVERVIEW/tabpKFTE/ssubSUBSCREEN_BODY:SAPLV70T:2100/cntlSPLITTER_CONTAINER/shellcont/shellcont/shell/shellcont[1]/shell'.</msg>
<status status="PASS" starttime="20241203 19:02:07.854" endtime="20241203 19:02:07.909"/>
</kw>
<kw name="Sleep" library="BuiltIn">
<arg>time_=0.4 seconds</arg>
<doc>Pauses the test executed for the given time.</doc>
<msg timestamp="20241203 19:02:08.311" level="INFO">Slept 400 milliseconds</msg>
<status status="PASS" starttime="20241203 19:02:07.909" endtime="20241203 19:02:08.311"/>
</kw>
<kw name="Click Element" library="SAP_Tcode_Library">
<arg>wnd[0]/usr/tabsTABSTRIP_OVERVIEW/tabpKFCU</arg>
<doc>Performs a single click on a given element. Used only for buttons, tabs and menu items.</doc>
<status status="PASS" starttime="20241203 19:02:08.311" endtime="20241203 19:02:08.566"/>
</kw>
<kw name="Input Text" library="SAP_Tcode_Library">
<arg>wnd[0]/usr/tabsTABSTRIP_OVERVIEW/tabpKFCU/ssubSUBSCREEN_BODY:SAPMV60A:6101/ssubCUSTOMER_SCREEN:ZZBILLHEADER:0100/txtVBRK-ZZEWAYBL</arg>
<arg>NA</arg>
<doc>Inserts the given text into the text field identified by locator.
Use keyword `input password` to insert a password in a text field.</doc>
<msg timestamp="20241203 19:02:08.603" level="INFO">Typing text 'NA' into text field 'wnd[0]/usr/tabsTABSTRIP_OVERVIEW/tabpKFCU/ssubSUBSCREEN_BODY:SAPMV60A:6101/ssubCUSTOMER_SCREEN:ZZBILLHEADER:0100/txtVBRK-ZZEWAYBL'.</msg>
<status status="PASS" starttime="20241203 19:02:08.566" endtime="20241203 19:02:08.603"/>
</kw>
<kw name="Sleep" library="BuiltIn">
<arg>time_=0.4 seconds</arg>
<doc>Pauses the test executed for the given time.</doc>
<msg timestamp="20241203 19:02:09.005" level="INFO">Slept 400 milliseconds</msg>
<status status="PASS" starttime="20241203 19:02:08.603" endtime="20241203 19:02:09.005"/>
</kw>
<kw name="Click Element" library="SAP_Tcode_Library">
<arg>wnd[0]/tbar[0]/btn[11]</arg>
<doc>Performs a single click on a given element. Used only for buttons, tabs and menu items.</doc>
<status status="PASS" starttime="20241203 19:02:09.005" endtime="20241203 19:02:15.135"/>
</kw>
<kw name="Get Value" library="SAP_Tcode_Library">
<var>${output}</var>
<arg>wnd[0]/sbar/pane[0]</arg>
<doc>Gets the value of the given element. The possible return values depend on the type of element (see Return values).</doc>
<msg timestamp="20241203 19:02:15.181" level="INFO">${output} = Document 707326132 has been saved.</msg>
<status status="PASS" starttime="20241203 19:02:15.135" endtime="20241203 19:02:15.181"/>
</kw>
<kw name="Log To Console" library="BuiltIn">
<arg>${output}</arg>
<doc>Logs the given message to the console.</doc>
<status status="PASS" starttime="20241203 19:02:15.181" endtime="20241203 19:02:15.181"/>
</kw>
<kw name="Log To Console" library="BuiltIn">
<arg>message=**gbStart**copilot_status_invoicelog**splitKeyValue**${symvar('documents')} ${output}**gbEnd**</arg>
<doc>Logs the given message to the console.</doc>
<msg timestamp="20241203 19:02:15.183" level="INFO">Sym.Dev.documents: 40025323</msg>
<status status="PASS" starttime="20241203 19:02:15.182" endtime="20241203 19:02:15.184"/>
</kw>
<kw name="Get Invoice Number" library="SAP_Tcode_Library">
<var>${invoice_doc}</var>
<arg>status_id=wnd[0]/sbar/pane[0]</arg>
<msg timestamp="20241203 19:02:15.189" level="INFO">${invoice_doc} = 707326132</msg>
<status status="PASS" starttime="20241203 19:02:15.184" endtime="20241203 19:02:15.189"/>
</kw>
<kw name="Pdf_process" library="create_rental_invoice">
<arg>${invoice_doc}</arg>
<kw name="Run Transaction" library="SAP_Tcode_Library">
<arg>/nVF03</arg>
<doc>Runs a Sap transaction. An error is given when an unknown transaction is specified.</doc>
<status status="PASS" starttime="20241203 19:02:15.190" endtime="20241203 19:02:15.372"/>
</kw>
<kw name="Input Text" library="SAP_Tcode_Library">
<arg>element_id=wnd[0]/usr/ctxtVBRK-VBELN</arg>
<arg>text=${invoice_doc}</arg>
<doc>Inserts the given text into the text field identified by locator.
Use keyword `input password` to insert a password in a text field.</doc>
<msg timestamp="20241203 19:02:15.388" level="INFO">Typing text '707326132' into text field 'wnd[0]/usr/ctxtVBRK-VBELN'.</msg>
<status status="PASS" starttime="20241203 19:02:15.372" endtime="20241203 19:02:15.389"/>
</kw>
<kw name="Click Element" library="SAP_Tcode_Library">
<arg>element_id=wnd[0]/mbar/menu[0]/menu[11]</arg>
<doc>Performs a single click on a given element. Used only for buttons, tabs and menu items.</doc>
<status status="PASS" starttime="20241203 19:02:15.389" endtime="20241203 19:02:15.687"/>
</kw>
<kw name="Click Element" library="SAP_Tcode_Library">
<arg>element_id=wnd[1]/tbar[0]/btn[37]</arg>
<doc>Performs a single click on a given element. Used only for buttons, tabs and menu items.</doc>
<status status="PASS" starttime="20241203 19:02:15.687" endtime="20241203 19:02:16.072"/>
</kw>
<kw name="Sleep" library="BuiltIn">
<arg>time_=0.4 seconds</arg>
<doc>Pauses the test executed for the given time.</doc>
<msg timestamp="20241203 19:02:16.474" level="INFO">Slept 400 milliseconds</msg>
<status status="PASS" starttime="20241203 19:02:16.073" endtime="20241203 19:02:16.474"/>
</kw>
<kw name="Unselect Checkbox" library="SAP_Tcode_Library">
<arg>element_id=wnd[2]/usr/sub/1[0,0]/sub/1/2[0,0]/sub/1/2/4[0,4]/chk[1,4]</arg>
<doc>Removes selection of checkbox identified by locator.
Does nothing if the checkbox is not selected.</doc>
<status status="PASS" starttime="20241203 19:02:16.474" endtime="20241203 19:02:16.483"/>
</kw>
<kw name="Unselect Checkbox" library="SAP_Tcode_Library">
<arg>element_id=wnd[2]/usr/sub/1[0,0]/sub/1/2[0,0]/sub/1/2/5[0,5]/chk[1,5]</arg>
<doc>Removes selection of checkbox identified by locator.
Does nothing if the checkbox is not selected.</doc>
<status status="PASS" starttime="20241203 19:02:16.483" endtime="20241203 19:02:16.492"/>
</kw>
<kw name="Unselect Checkbox" library="SAP_Tcode_Library">
<arg>element_id=wnd[2]/usr/sub/1[0,0]/sub/1/2[0,0]/sub/1/2/6[0,6]/chk[1,6]</arg>
<doc>Removes selection of checkbox identified by locator.
Does nothing if the checkbox is not selected.</doc>
<status status="PASS" starttime="20241203 19:02:16.492" endtime="20241203 19:02:16.500"/>
</kw>
<kw name="Click Element" library="SAP_Tcode_Library">
<arg>element_id=wnd[2]/tbar[0]/btn[0]</arg>
<doc>Performs a single click on a given element. Used only for buttons, tabs and menu items.</doc>
<status status="PASS" starttime="20241203 19:02:16.501" endtime="20241203 19:02:16.923"/>
</kw>
<kw name="Click Element" library="SAP_Tcode_Library">
<arg>element_id=wnd[2]/tbar[0]/btn[8]</arg>
<doc>Performs a single click on a given element. Used only for buttons, tabs and menu items.</doc>
<status status="PASS" starttime="20241203 19:02:16.924" endtime="20241203 19:02:17.738"/>
</kw>
<kw name="Click Element" library="SAP_Tcode_Library">
<arg>element_id=wnd[0]/mbar/menu[0]/menu[0]</arg>
<doc>Performs a single click on a given element. Used only for buttons, tabs and menu items.</doc>
<status status="PASS" starttime="20241203 19:02:17.739" endtime="20241203 19:02:17.961"/>
</kw>
<kw name="Get Value" library="SAP_Tcode_Library">
<var>${spool_value}</var>
<arg>element_id=wnd[0]/sbar/pane[0]</arg>
<doc>Gets the value of the given element. The possible return values depend on the type of element (see Return values).</doc>
<msg timestamp="20241203 19:02:18.039" level="INFO">${spool_value} = Spool request (number 19,488) created.</msg>
<status status="PASS" starttime="20241203 19:02:17.961" endtime="20241203 19:02:18.039"/>
</kw>
<kw name="Extract Numeric" library="SAP_Tcode_Library">
<var>${spool_id}</var>
<arg>data=${spool_value}</arg>
<msg timestamp="20241203 19:02:18.040" level="INFO">${spool_id} = 19488</msg>
<status status="PASS" starttime="20241203 19:02:18.039" endtime="20241203 19:02:18.040"/>
</kw>
<kw name="Run Transaction" library="SAP_Tcode_Library">
<arg>transaction=/nex</arg>
<doc>Runs a Sap transaction. An error is given when an unknown transaction is specified.</doc>
<status status="PASS" starttime="20241203 19:02:18.040" endtime="20241203 19:02:18.402"/>
</kw>
<kw name="System Logon" library="create_rental_invoice">
<kw name="Start Process" library="Process">
<arg>${symvar('SAP_SERVER')}</arg>
<doc>Starts a new process on background.</doc>
<msg timestamp="20241203 19:02:18.404" level="INFO">Sym.Dev.SAP_SERVER: C:\Program Files (x86)\SAP\FrontEnd\SAPgui\saplogon.exe</msg>
<msg timestamp="20241203 19:02:18.405" level="INFO">Starting process:
"C:\Program Files (x86)\SAP\FrontEnd\SAPgui\saplogon.exe"</msg>
<status status="PASS" starttime="20241203 19:02:18.403" endtime="20241203 19:02:18.423"/>
</kw>
<kw name="Connect To Session" library="SAP_Tcode_Library">
<doc>Connects to an open session SAP.</doc>
<status status="PASS" starttime="20241203 19:02:18.423" endtime="20241203 19:02:18.467"/>
</kw>
<kw name="Open Connection" library="SAP_Tcode_Library">
<arg>${symvar('Rental_Connection')}</arg>
<doc>Opens a connection to the given connection name. Be sure to provide the full connection name, including the bracket part.</doc>
<msg timestamp="20241203 19:02:18.468" level="INFO">Sym.Dev.Rental_Connection: EID sandbox</msg>
<status status="PASS" starttime="20241203 19:02:18.467" endtime="20241203 19:02:19.294"/>
</kw>
<kw name="Input Text" library="SAP_Tcode_Library">
<arg>wnd[0]/usr/txtRSYST-MANDT</arg>
<arg>${symvar('Rental_Client')}</arg>
<doc>Inserts the given text into the text field identified by locator.
Use keyword `input password` to insert a password in a text field.</doc>
<msg timestamp="20241203 19:02:19.295" level="INFO">Sym.Dev.Rental_Client: 900</msg>
<msg timestamp="20241203 19:02:19.326" level="INFO">Typing text '900' into text field 'wnd[0]/usr/txtRSYST-MANDT'.</msg>
<status status="PASS" starttime="20241203 19:02:19.294" endtime="20241203 19:02:19.326"/>
</kw>
<kw name="Input Text" library="SAP_Tcode_Library">
<arg>wnd[0]/usr/txtRSYST-BNAME</arg>
<arg>${symvar('Rental_User')}</arg>
<doc>Inserts the given text into the text field identified by locator.
Use keyword `input password` to insert a password in a text field.</doc>
<msg timestamp="20241203 19:02:19.327" level="INFO">Sym.Dev.Rental_User: bcssupport1</msg>
<msg timestamp="20241203 19:02:19.341" level="INFO">Typing text 'bcssupport1' into text field 'wnd[0]/usr/txtRSYST-BNAME'.</msg>
<status status="PASS" starttime="20241203 19:02:19.326" endtime="20241203 19:02:19.341"/>
</kw>
<kw name="Input Password" library="SAP_Tcode_Library">
<arg>wnd[0]/usr/pwdRSYST-BCODE</arg>
<arg>%{RENTAL_PASSWORD}</arg>
<doc>Inserts the given password into the text field identified by locator.
The password is not recorded in the log.</doc>
<msg timestamp="20241203 19:02:19.349" level="INFO">Typing password into text field 'wnd[0]/usr/pwdRSYST-BCODE'.</msg>
<status status="PASS" starttime="20241203 19:02:19.341" endtime="20241203 19:02:19.349"/>
</kw>
<kw name="Send Vkey" library="SAP_Tcode_Library">
<arg>0</arg>
<doc>Sends a SAP virtual key combination to the window, not into an element.
If you want to send a value to a text field, use `input text` instead.</doc>
<status status="PASS" starttime="20241203 19:02:19.350" endtime="20241203 19:02:19.613"/>
</kw>
<kw name="Multiple Logon Handling" library="SAP_Tcode_Library">
<arg>wnd[1]</arg>
<arg>wnd[1]/usr/radMULTI_LOGON_OPT2</arg>
<arg>wnd[1]/tbar[0]/btn[0]</arg>
<msg timestamp="20241203 19:02:20.211" level="INFO">Multiple logon exists</msg>
<status status="PASS" starttime="20241203 19:02:19.613" endtime="20241203 19:02:20.211"/>
</kw>
<status status="PASS" starttime="20241203 19:02:18.403" endtime="20241203 19:02:20.211"/>
</kw>
<kw name="Run Transaction" library="SAP_Tcode_Library">
<arg>transaction=/nZPDF</arg>
<doc>Runs a Sap transaction. An error is given when an unknown transaction is specified.</doc>
<status status="PASS" starttime="20241203 19:02:20.211" endtime="20241203 19:02:20.430"/>
</kw>
<kw name="Input Text" library="SAP_Tcode_Library">
<arg>element_id=wnd[0]/usr/txtSPOOLNO</arg>
<arg>text=${spool_id}</arg>
<doc>Inserts the given text into the text field identified by locator.
Use keyword `input password` to insert a password in a text field.</doc>
<msg timestamp="20241203 19:02:20.446" level="INFO">Typing text '19488' into text field 'wnd[0]/usr/txtSPOOLNO'.</msg>
<status status="PASS" starttime="20241203 19:02:20.430" endtime="20241203 19:02:20.446"/>
</kw>
<kw name="Click Element" library="SAP_Tcode_Library">
<arg>element_id=wnd[0]/tbar[1]/btn[8]</arg>
<doc>Performs a single click on a given element. Used only for buttons, tabs and menu items.</doc>
<status status="PASS" starttime="20241203 19:02:20.446" endtime="20241203 19:02:21.019"/>
</kw>
<kw name="Input Text" library="SAP_Tcode_Library">
<arg>element_id=wnd[1]/usr/ctxtDY_PATH</arg>
<arg>text=${EMPTY}</arg>
<doc>Inserts the given text into the text field identified by locator.
Use keyword `input password` to insert a password in a text field.</doc>
<msg timestamp="20241203 19:02:21.048" level="INFO">Typing text '' into text field 'wnd[1]/usr/ctxtDY_PATH'.</msg>
<status status="PASS" starttime="20241203 19:02:21.019" endtime="20241203 19:02:21.048"/>
</kw>
<kw name="Input Text" library="SAP_Tcode_Library">
<arg>element_id=wnd[1]/usr/ctxtDY_FILENAME</arg>
<arg>text=${EMPTY}</arg>
<doc>Inserts the given text into the text field identified by locator.
Use keyword `input password` to insert a password in a text field.</doc>
<msg timestamp="20241203 19:02:21.062" level="INFO">Typing text '' into text field 'wnd[1]/usr/ctxtDY_FILENAME'.</msg>
<status status="PASS" starttime="20241203 19:02:21.048" endtime="20241203 19:02:21.062"/>
</kw>
<kw name="Input Text" library="SAP_Tcode_Library">
<arg>element_id=wnd[1]/usr/ctxtDY_PATH</arg>
<arg>text=${symvar('Invoice_PDF_PATH')}</arg>
<doc>Inserts the given text into the text field identified by locator.
Use keyword `input password` to insert a password in a text field.</doc>
<msg timestamp="20241203 19:02:21.063" level="INFO">Sym.Dev.Invoice_PDF_PATH: C:\TEMP\</msg>
<msg timestamp="20241203 19:02:21.072" level="INFO">Typing text 'C:\TEMP\' into text field 'wnd[1]/usr/ctxtDY_PATH'.</msg>
<status status="PASS" starttime="20241203 19:02:21.062" endtime="20241203 19:02:21.072"/>
</kw>
<kw name="Get Current Date" library="DateTime">
<var>${Month}</var>
<arg>result_format=%B</arg>
<doc>Returns current local or UTC time with an optional increment.</doc>
<msg timestamp="20241203 19:02:21.072" level="INFO">${Month} = December</msg>
<status status="PASS" starttime="20241203 19:02:21.072" endtime="20241203 19:02:21.072"/>
</kw>
<kw name="Input Text" library="SAP_Tcode_Library">
<arg>element_id=wnd[1]/usr/ctxtDY_FILENAME</arg>
<arg>text=${invoice_doc}_${Month}.pdf</arg>
<doc>Inserts the given text into the text field identified by locator.
Use keyword `input password` to insert a password in a text field.</doc>
<msg timestamp="20241203 19:02:21.088" level="INFO">Typing text '707326132_December.pdf' into text field 'wnd[1]/usr/ctxtDY_FILENAME'.</msg>
<status status="PASS" starttime="20241203 19:02:21.073" endtime="20241203 19:02:21.088"/>
</kw>
<kw name="Click Element" library="SAP_Tcode_Library">
<arg>element_id=wnd[1]/tbar[0]/btn[0]</arg>
<doc>Performs a single click on a given element. Used only for buttons, tabs and menu items.</doc>
<status status="PASS" starttime="20241203 19:02:21.089" endtime="20241203 19:02:21.404"/>
</kw>
<status status="PASS" starttime="20241203 19:02:15.189" endtime="20241203 19:02:21.404"/>
</kw>
<status status="PASS" starttime="20241203 19:02:06.504" endtime="20241203 19:02:21.405"/>
</branch>
<status status="PASS" starttime="20241203 19:02:06.498" endtime="20241203 19:02:21.405"/>
</if>
<status status="PASS" starttime="20241203 19:02:04.808" endtime="20241203 19:02:21.405"/>
</kw>
<tag>Regression</tag>
<tag>VF01</tag>
<status status="PASS" starttime="20241203 19:02:04.808" endtime="20241203 19:02:21.405"/>
</test>
<kw name="System Logout" library="create_rental_invoice" type="TEARDOWN">
<kw name="Run Transaction" library="SAP_Tcode_Library">
<arg>/nex</arg>
<doc>Runs a Sap transaction. An error is given when an unknown transaction is specified.</doc>
<status status="PASS" starttime="20241203 19:02:21.406" endtime="20241203 19:02:21.468"/>
</kw>
<status status="PASS" starttime="20241203 19:02:21.406" endtime="20241203 19:02:21.468"/>
</kw>
<status status="PASS" starttime="20241203 19:02:01.755" endtime="20241203 19:02:21.468"/>
</suite>
<doc>Testing functionality through Robot Framework</doc>
<meta name="environment">Dev</meta>
<meta name="test_browser_name">chrome</meta>
<meta name="test_browser_version">131.0.6778.86</meta>
<meta name="test_driver_version">131.0.6778.85 </meta>
<meta name="test_environment">Dev</meta>
<meta name="test_freeze_dependencies">astroid==3.3.5,attrs==24.2.0,beautifulsoup4==4.12.3,bs4==0.0.2,certifi==2024.8.30,cffi==1.17.1,chardet==5.2.0,charset-normalizer==3.4.0,click==8.1.7,colorama==0.4.6,comtypes==1.4.8,cryptography==43.0.3,defusedxml==0.7.1,dill==0.3.9,docutils==0.21.2,et_xmlfile==2.0.0,exceptiongroup==1.2.2,gitdb==4.0.11,GitPython==3.1.43,h11==0.14.0,idna==3.10,isort==5.13.2,Jinja2==3.1.4,jira==3.8.0,jsonpath-ng==1.7.0,jsonschema==4.23.0,jsonschema-specifications==2024.10.1,lazy-object-proxy==1.10.0,lxml==5.3.0,markdown-it-py==3.0.0,MarkupSafe==3.0.2,mccabe==0.7.0,mdurl==0.1.2,natsort==8.4.0,numpy==2.1.3,oauthlib==3.2.2,openpyxl==3.1.5,outcome==1.3.0.post0,packaging==24.2,pandas==2.2.3,pathspec==0.11.2,pillow==11.0.0,pip==24.3.1,platformdirs==4.3.6,ply==3.11,pycparser==2.22,Pygments==2.18.0,pylint==3.3.1,PySocks==1.7.1,python-dateutil==2.9.0.post0,pytz==2024.2,pywin32==308,pywinauto==0.6.8,PyYAML==6.0.2,referencing==0.35.1,requests==2.32.3,requests-oauthlib==2.0.0,requests-toolbelt==1.0.0,rich==13.9.4,rich-click==1.6.1,robotframework==6.0.2,robotframework-datadriver==1.9.0,robotframework-excellib==2.0.1,robotframework-jsonlibrary==0.5,robotframework-pabot==2.16.0,robotframework-pythonlibcore==4.2.0,robotframework-requests==0.9.2,robotframework-sapguilibrary==1.1,robotframework-seleniumlibrary==5.1.3,robotframework-stacktrace==0.4.1,robotframework-tidy==4.5.0,rpds-py==0.21.0,selenium==4.9.1,setuptools==75.6.0,six==1.16.0,smmap==5.0.1,sniffio==1.3.1,sortedcontainers==2.4.0,soupsieve==2.6,tomli==2.0.2,tomlkit==0.13.2,trio==0.27.0,trio-websocket==0.11.1,typing_extensions==4.12.2,tzdata==2024.2,urllib3==2.2.3,wheel==0.45.1,wrapt==1.17.0,wsproto==1.2.0</meta>
<status status="PASS" starttime="20241203 19:01:57.358" endtime="20241203 19:02:21.591"/>
</suite>
<statistics>
<total>
<stat pass="1" fail="0" skip="0">All Tests</stat>
</total>
<tag>
<stat pass="1" fail="0" skip="0">Regression</stat>
<stat pass="1" fail="0" skip="0">VF01</stat>
</tag>
<suite>
<stat pass="1" fail="0" skip="0" id="s1" name="Tests">Tests</stat>
<stat pass="1" fail="0" skip="0" id="s1-s1" name="Test Create Rental Invoice">Tests.Test Create Rental Invoice</stat>
</suite>
</statistics>
<errors>
</errors>
</robot>
